{"C:/Users/yojus/Desktop/Study/Back-end/Django/My_projects/film_review_website/frontend/src/components/shared/Message.jsx": {"path":"C:/Users/yojus/Desktop/Study/Back-end/Django/My_projects/film_review_website/frontend/src/components/shared/Message.jsx","statementMap":{"0":{"start":{"line":4,"column":2},"end":{"line":10,"column":null}},"1":{"start":{"line":12,"column":1},"end":{"line":3,"column":17}},"2":{"start":{"line":14,"column":23},"end":{"line":14,"column":null}}},"fnMap":{"0":{"name":"Message","decl":{"start":{"line":3,"column":9},"end":{"line":3,"column":17}},"loc":{"start":{"line":3,"column":46},"end":{"line":12,"column":1}}}},"branchMap":{},"s":{"0":2,"1":2,"2":2},"f":{"0":2},"b":{}}
}
