{"C:/Users/yojus/Desktop/Study/Back-end/Django/My_projects/film_review_website/frontend/src/components/Discussions/Discussion.jsx": {"path":"C:/Users/yojus/Desktop/Study/Back-end/Django/My_projects/film_review_website/frontend/src/components/Discussions/Discussion.jsx","statementMap":{"0":{"start":{"line":6,"column":45},"end":{"line":6,"column":null}},"1":{"start":{"line":8,"column":4},"end":{"line":23,"column":null}}},"fnMap":{"0":{"name":"Discussion","decl":{"start":{"line":5,"column":9},"end":{"line":5,"column":20}},"loc":{"start":{"line":5,"column":45},"end":{"line":25,"column":null}}}},"branchMap":{"0":{"loc":{"start":{"line":6,"column":45},"end":{"line":6,"column":null}},"type":"binary-expr","locations":[{"start":{"line":6,"column":45},"end":{"line":6,"column":56}},{"start":{"line":6,"column":56},"end":{"line":6,"column":null}}]},"1":{"loc":{"start":{"line":16,"column":24},"end":{"line":16,"column":49}},"type":"binary-expr","locations":[{"start":{"line":16,"column":24},"end":{"line":16,"column":42}},{"start":{"line":16,"column":42},"end":{"line":16,"column":49}}]}},"s":{"0":155,"1":155},"f":{"0":155},"b":{"0":[155,150],"1":[155,152]}}
,"C:/Users/yojus/Desktop/Study/Back-end/Django/My_projects/film_review_website/frontend/src/components/Discussions/FilmDiscussion.jsx": {"path":"C:/Users/yojus/Desktop/Study/Back-end/Django/My_projects/film_review_website/frontend/src/components/Discussions/FilmDiscussion.jsx","statementMap":{"0":{"start":{"line":11,"column":45},"end":{"line":11,"column":null}},"1":{"start":{"line":12,"column":45},"end":{"line":12,"column":null}},"2":{"start":{"line":13,"column":62},"end":{"line":13,"column":null}},"3":{"start":{"line":14,"column":63},"end":{"line":14,"column":null}},"4":{"start":{"line":16,"column":4},"end":{"line":47,"column":null}}},"fnMap":{"0":{"name":"FilmDiscussion","decl":{"start":{"line":10,"column":9},"end":{"line":10,"column":24}},"loc":{"start":{"line":10,"column":49},"end":{"line":49,"column":null}}}},"branchMap":{"0":{"loc":{"start":{"line":11,"column":45},"end":{"line":11,"column":null}},"type":"binary-expr","locations":[{"start":{"line":11,"column":45},"end":{"line":11,"column":66}},{"start":{"line":11,"column":66},"end":{"line":11,"column":null}}]},"1":{"loc":{"start":{"line":12,"column":45},"end":{"line":12,"column":null}},"type":"binary-expr","locations":[{"start":{"line":12,"column":45},"end":{"line":12,"column":66}},{"start":{"line":12,"column":66},"end":{"line":12,"column":null}}]},"2":{"loc":{"start":{"line":13,"column":62},"end":{"line":13,"column":null}},"type":"binary-expr","locations":[{"start":{"line":13,"column":62},"end":{"line":13,"column":92}},{"start":{"line":13,"column":92},"end":{"line":13,"column":null}}]},"3":{"loc":{"start":{"line":14,"column":63},"end":{"line":14,"column":null}},"type":"binary-expr","locations":[{"start":{"line":14,"column":63},"end":{"line":14,"column":91}},{"start":{"line":14,"column":91},"end":{"line":14,"column":null}}]},"4":{"loc":{"start":{"line":21,"column":70},"end":{"line":21,"column":106}},"type":"binary-expr","locations":[{"start":{"line":21,"column":70},"end":{"line":21,"column":86}},{"start":{"line":21,"column":86},"end":{"line":21,"column":106}}]},"5":{"loc":{"start":{"line":22,"column":62},"end":{"line":22,"column":84}},"type":"binary-expr","locations":[{"start":{"line":22,"column":62},"end":{"line":22,"column":77}},{"start":{"line":22,"column":77},"end":{"line":22,"column":84}}]},"6":{"loc":{"start":{"line":28,"column":61},"end":{"line":28,"column":86}},"type":"binary-expr","locations":[{"start":{"line":28,"column":61},"end":{"line":28,"column":79}},{"start":{"line":28,"column":79},"end":{"line":28,"column":86}}]},"7":{"loc":{"start":{"line":34,"column":37},"end":{"line":34,"column":null}},"type":"cond-expr","locations":[{"start":{"line":34,"column":52},"end":{"line":34,"column":60}},{"start":{"line":34,"column":60},"end":{"line":34,"column":null}}]},"8":{"loc":{"start":{"line":40,"column":37},"end":{"line":40,"column":null}},"type":"cond-expr","locations":[{"start":{"line":40,"column":55},"end":{"line":40,"column":63}},{"start":{"line":40,"column":63},"end":{"line":40,"column":null}}]}},"s":{"0":5,"1":5,"2":5,"3":5,"4":5},"f":{"0":5},"b":{"0":[5,0],"1":[5,0],"2":[5,0],"3":[5,0],"4":[5,2],"5":[5,2],"6":[5,2],"7":[2,3],"8":[2,3]}}
,"C:/Users/yojus/Desktop/Study/Back-end/Django/My_projects/film_review_website/frontend/src/components/Films/DiscussionForm.jsx": {"path":"C:/Users/yojus/Desktop/Study/Back-end/Django/My_projects/film_review_website/frontend/src/components/Films/DiscussionForm.jsx","statementMap":{"0":{"start":{"line":9,"column":31},"end":{"line":9,"column":null}},"1":{"start":{"line":10,"column":28},"end":{"line":10,"column":null}},"2":{"start":{"line":12,"column":4},"end":{"line":20,"column":null}},"3":{"start":{"line":13,"column":8},"end":{"line":19,"column":null}},"4":{"start":{"line":15,"column":26},"end":{"line":15,"column":null}},"5":{"start":{"line":16,"column":16},"end":{"line":16,"column":null}},"6":{"start":{"line":18,"column":12},"end":{"line":18,"column":null}},"7":{"start":{"line":22,"column":30},"end":{"line":22,"column":null}},"8":{"start":{"line":23,"column":49},"end":{"line":23,"column":null}},"9":{"start":{"line":26,"column":8},"end":{"line":26,"column":null}},"10":{"start":{"line":26,"column":27},"end":{"line":26,"column":null}},"11":{"start":{"line":28,"column":8},"end":{"line":28,"column":null}},"12":{"start":{"line":29,"column":8},"end":{"line":29,"column":null}},"13":{"start":{"line":32,"column":4},"end":{"line":48,"column":null}}},"fnMap":{"0":{"name":"DiscussionForm","decl":{"start":{"line":8,"column":9},"end":{"line":8,"column":24}},"loc":{"start":{"line":8,"column":54},"end":{"line":50,"column":null}}},"1":{"name":"(anonymous_1)","decl":{"start":{"line":12,"column":14},"end":{"line":12,"column":20}},"loc":{"start":{"line":12,"column":20},"end":{"line":20,"column":7}}},"2":{"name":"load","decl":{"start":{"line":14,"column":27},"end":{"line":14,"column":34}},"loc":{"start":{"line":14,"column":34},"end":{"line":17,"column":null}}},"3":{"name":"handleCreate","decl":{"start":{"line":25,"column":19},"end":{"line":25,"column":34}},"loc":{"start":{"line":25,"column":34},"end":{"line":30,"column":null}}}},"branchMap":{"0":{"loc":{"start":{"line":10,"column":37},"end":{"line":10,"column":58}},"type":"binary-expr","locations":[{"start":{"line":10,"column":37},"end":{"line":10,"column":54}},{"start":{"line":10,"column":54},"end":{"line":10,"column":58}}]},"1":{"loc":{"start":{"line":13,"column":8},"end":{"line":19,"column":null}},"type":"if","locations":[{"start":{"line":13,"column":8},"end":{"line":19,"column":null}}]},"2":{"loc":{"start":{"line":26,"column":8},"end":{"line":26,"column":null}},"type":"if","locations":[{"start":{"line":26,"column":8},"end":{"line":26,"column":null}}]},"3":{"loc":{"start":{"line":28,"column":15},"end":{"line":28,"column":62}},"type":"binary-expr","locations":[{"start":{"line":28,"column":15},"end":{"line":28,"column":44}},{"start":{"line":28,"column":44},"end":{"line":28,"column":62}}]}},"s":{"0":30,"1":30,"2":30,"3":30,"4":0,"5":0,"6":0,"7":30,"8":30,"9":2,"10":0,"11":2,"12":2,"13":30},"f":{"0":30,"1":30,"2":0,"3":2},"b":{"0":[30,0],"1":[0],"2":[0],"3":[2,0]}}
,"C:/Users/yojus/Desktop/Study/Back-end/Django/My_projects/film_review_website/frontend/src/components/Films/MovieCard.jsx": {"path":"C:/Users/yojus/Desktop/Study/Back-end/Django/My_projects/film_review_website/frontend/src/components/Films/MovieCard.jsx","statementMap":{"0":{"start":{"line":6,"column":17},"end":{"line":6,"column":null}},"1":{"start":{"line":7,"column":22},"end":{"line":7,"column":null}},"2":{"start":{"line":9,"column":32},"end":{"line":9,"column":null}},"3":{"start":{"line":10,"column":25},"end":{"line":10,"column":null}},"4":{"start":{"line":11,"column":27},"end":{"line":11,"column":null}},"5":{"start":{"line":13,"column":4},"end":{"line":40,"column":null}}},"fnMap":{"0":{"name":"MovieCard","decl":{"start":{"line":5,"column":9},"end":{"line":5,"column":19}},"loc":{"start":{"line":5,"column":29},"end":{"line":42,"column":null}}}},"branchMap":{"0":{"loc":{"start":{"line":21,"column":29},"end":{"line":21,"column":null}},"type":"cond-expr","locations":[{"start":{"line":21,"column":39},"end":{"line":21,"column":47}},{"start":{"line":21,"column":47},"end":{"line":21,"column":null}}]}},"s":{"0":5,"1":5,"2":5,"3":5,"4":5,"5":5},"f":{"0":5},"b":{"0":[5,0]}}
,"C:/Users/yojus/Desktop/Study/Back-end/Django/My_projects/film_review_website/frontend/src/components/Films/MovieDiscussions.jsx": {"path":"C:/Users/yojus/Desktop/Study/Back-end/Django/My_projects/film_review_website/frontend/src/components/Films/MovieDiscussions.jsx","statementMap":{"0":{"start":{"line":7,"column":20},"end":{"line":7,"column":null}},"1":{"start":{"line":8,"column":38},"end":{"line":8,"column":null}},"2":{"start":{"line":9,"column":30},"end":{"line":9,"column":null}},"3":{"start":{"line":10,"column":38},"end":{"line":10,"column":null}},"4":{"start":{"line":11,"column":28},"end":{"line":11,"column":null}},"5":{"start":{"line":13,"column":26},"end":{"line":18,"column":null}},"6":{"start":{"line":14,"column":4},"end":{"line":14,"column":null}},"7":{"start":{"line":15,"column":4},"end":{"line":15,"column":null}},"8":{"start":{"line":16,"column":4},"end":{"line":16,"column":null}},"9":{"start":{"line":17,"column":4},"end":{"line":17,"column":null}},"10":{"start":{"line":20,"column":27},"end":{"line":20,"column":null}},"11":{"start":{"line":20,"column":33},"end":{"line":20,"column":null}},"12":{"start":{"line":21,"column":24},"end":{"line":21,"column":null}},"13":{"start":{"line":21,"column":30},"end":{"line":21,"column":null}},"14":{"start":{"line":23,"column":26},"end":{"line":30,"column":null}},"15":{"start":{"line":24,"column":4},"end":{"line":24,"column":null}},"16":{"start":{"line":24,"column":21},"end":{"line":24,"column":null}},"17":{"start":{"line":25,"column":4},"end":{"line":25,"column":null}},"18":{"start":{"line":26,"column":14},"end":{"line":26,"column":null}},"19":{"start":{"line":27,"column":18},"end":{"line":27,"column":null}},"20":{"start":{"line":28,"column":4},"end":{"line":28,"column":null}},"21":{"start":{"line":28,"column":28},"end":{"line":28,"column":null}},"22":{"start":{"line":29,"column":4},"end":{"line":29,"column":null}},"23":{"start":{"line":32,"column":22},"end":{"line":34,"column":null}},"24":{"start":{"line":33,"column":4},"end":{"line":33,"column":null}},"25":{"start":{"line":33,"column":15},"end":{"line":33,"column":null}},"26":{"start":{"line":36,"column":2},"end":{"line":56,"column":null}},"27":{"start":{"line":47,"column":8},"end":{"line":54,"column":null}}},"fnMap":{"0":{"name":"MovieDiscussions","decl":{"start":{"line":6,"column":9},"end":{"line":6,"column":26}},"loc":{"start":{"line":6,"column":44},"end":{"line":58,"column":null}}},"1":{"name":"(anonymous_1)","decl":{"start":{"line":13,"column":26},"end":{"line":13,"column":27}},"loc":{"start":{"line":13,"column":33},"end":{"line":18,"column":null}}},"2":{"name":"(anonymous_2)","decl":{"start":{"line":20,"column":27},"end":{"line":20,"column":33}},"loc":{"start":{"line":20,"column":33},"end":{"line":20,"column":null}}},"3":{"name":"(anonymous_3)","decl":{"start":{"line":21,"column":24},"end":{"line":21,"column":30}},"loc":{"start":{"line":21,"column":30},"end":{"line":21,"column":null}}},"4":{"name":"(anonymous_4)","decl":{"start":{"line":23,"column":26},"end":{"line":23,"column":27}},"loc":{"start":{"line":23,"column":33},"end":{"line":30,"column":null}}},"5":{"name":"(anonymous_5)","decl":{"start":{"line":32,"column":22},"end":{"line":32,"column":23}},"loc":{"start":{"line":32,"column":29},"end":{"line":34,"column":null}}},"6":{"name":"(anonymous_6)","decl":{"start":{"line":46,"column":23},"end":{"line":46,"column":24}},"loc":{"start":{"line":47,"column":8},"end":{"line":54,"column":null}}}},"branchMap":{"0":{"loc":{"start":{"line":6,"column":27},"end":{"line":6,"column":41}},"type":"default-arg","locations":[{"start":{"line":6,"column":39},"end":{"line":6,"column":41}}]},"1":{"loc":{"start":{"line":24,"column":4},"end":{"line":24,"column":null}},"type":"if","locations":[{"start":{"line":24,"column":4},"end":{"line":24,"column":null}}]},"2":{"loc":{"start":{"line":28,"column":4},"end":{"line":28,"column":null}},"type":"if","locations":[{"start":{"line":28,"column":4},"end":{"line":28,"column":null}}]},"3":{"loc":{"start":{"line":33,"column":4},"end":{"line":33,"column":null}},"type":"if","locations":[{"start":{"line":33,"column":4},"end":{"line":33,"column":null}}]}},"s":{"0":50,"1":50,"2":50,"3":50,"4":50,"5":50,"6":14,"7":14,"8":14,"9":14,"10":50,"11":0,"12":50,"13":14,"14":50,"15":12,"16":5,"17":7,"18":7,"19":7,"20":7,"21":7,"22":7,"23":50,"24":5,"25":3,"26":50,"27":150},"f":{"0":50,"1":14,"2":0,"3":14,"4":12,"5":5,"6":150},"b":{"0":[0],"1":[5],"2":[7],"3":[3]}}
,"C:/Users/yojus/Desktop/Study/Back-end/Django/My_projects/film_review_website/frontend/src/components/Films/MovieGenres.jsx": {"path":"C:/Users/yojus/Desktop/Study/Back-end/Django/My_projects/film_review_website/frontend/src/components/Films/MovieGenres.jsx","statementMap":{"0":{"start":{"line":6,"column":20},"end":{"line":6,"column":null}},"1":{"start":{"line":7,"column":38},"end":{"line":7,"column":null}},"2":{"start":{"line":8,"column":30},"end":{"line":8,"column":null}},"3":{"start":{"line":9,"column":38},"end":{"line":9,"column":null}},"4":{"start":{"line":11,"column":26},"end":{"line":15,"column":null}},"5":{"start":{"line":12,"column":4},"end":{"line":12,"column":null}},"6":{"start":{"line":13,"column":4},"end":{"line":13,"column":null}},"7":{"start":{"line":14,"column":4},"end":{"line":14,"column":null}},"8":{"start":{"line":17,"column":27},"end":{"line":17,"column":null}},"9":{"start":{"line":17,"column":33},"end":{"line":17,"column":null}},"10":{"start":{"line":18,"column":24},"end":{"line":18,"column":null}},"11":{"start":{"line":18,"column":30},"end":{"line":18,"column":null}},"12":{"start":{"line":20,"column":26},"end":{"line":26,"column":null}},"13":{"start":{"line":21,"column":4},"end":{"line":21,"column":null}},"14":{"start":{"line":21,"column":21},"end":{"line":21,"column":null}},"15":{"start":{"line":22,"column":4},"end":{"line":22,"column":null}},"16":{"start":{"line":23,"column":14},"end":{"line":23,"column":null}},"17":{"start":{"line":24,"column":17},"end":{"line":24,"column":null}},"18":{"start":{"line":25,"column":4},"end":{"line":25,"column":null}},"19":{"start":{"line":28,"column":22},"end":{"line":30,"column":null}},"20":{"start":{"line":29,"column":4},"end":{"line":29,"column":null}},"21":{"start":{"line":29,"column":20},"end":{"line":29,"column":null}},"22":{"start":{"line":32,"column":2},"end":{"line":46,"column":null}},"23":{"start":{"line":44,"column":8},"end":{"line":44,"column":null}}},"fnMap":{"0":{"name":"MovieGenres","decl":{"start":{"line":5,"column":9},"end":{"line":5,"column":21}},"loc":{"start":{"line":5,"column":38},"end":{"line":48,"column":null}}},"1":{"name":"(anonymous_1)","decl":{"start":{"line":11,"column":26},"end":{"line":11,"column":27}},"loc":{"start":{"line":11,"column":33},"end":{"line":15,"column":null}}},"2":{"name":"(anonymous_2)","decl":{"start":{"line":17,"column":27},"end":{"line":17,"column":33}},"loc":{"start":{"line":17,"column":33},"end":{"line":17,"column":null}}},"3":{"name":"(anonymous_3)","decl":{"start":{"line":18,"column":24},"end":{"line":18,"column":30}},"loc":{"start":{"line":18,"column":30},"end":{"line":18,"column":null}}},"4":{"name":"(anonymous_4)","decl":{"start":{"line":20,"column":26},"end":{"line":20,"column":27}},"loc":{"start":{"line":20,"column":33},"end":{"line":26,"column":null}}},"5":{"name":"(anonymous_5)","decl":{"start":{"line":28,"column":22},"end":{"line":28,"column":23}},"loc":{"start":{"line":28,"column":29},"end":{"line":30,"column":null}}},"6":{"name":"(anonymous_6)","decl":{"start":{"line":43,"column":18},"end":{"line":43,"column":19}},"loc":{"start":{"line":44,"column":8},"end":{"line":44,"column":null}}}},"branchMap":{"0":{"loc":{"start":{"line":5,"column":23},"end":{"line":5,"column":35}},"type":"default-arg","locations":[{"start":{"line":5,"column":32},"end":{"line":5,"column":35}}]},"1":{"loc":{"start":{"line":21,"column":4},"end":{"line":21,"column":null}},"type":"if","locations":[{"start":{"line":21,"column":4},"end":{"line":21,"column":null}}]},"2":{"loc":{"start":{"line":29,"column":4},"end":{"line":29,"column":null}},"type":"if","locations":[{"start":{"line":29,"column":4},"end":{"line":29,"column":null}}]}},"s":{"0":24,"1":24,"2":24,"3":24,"4":24,"5":10,"6":10,"7":10,"8":24,"9":0,"10":24,"11":10,"12":24,"13":8,"14":5,"15":3,"16":3,"17":3,"18":3,"19":24,"20":5,"21":0,"22":24,"23":96},"f":{"0":24,"1":10,"2":0,"3":10,"4":8,"5":5,"6":96},"b":{"0":[0],"1":[5],"2":[0]}}
,"C:/Users/yojus/Desktop/Study/Back-end/Django/My_projects/film_review_website/frontend/src/components/Films/MoviePhotos.jsx": {"path":"C:/Users/yojus/Desktop/Study/Back-end/Django/My_projects/film_review_website/frontend/src/components/Films/MoviePhotos.jsx","statementMap":{"0":{"start":{"line":6,"column":20},"end":{"line":6,"column":null}},"1":{"start":{"line":7,"column":38},"end":{"line":7,"column":null}},"2":{"start":{"line":8,"column":30},"end":{"line":8,"column":null}},"3":{"start":{"line":9,"column":38},"end":{"line":9,"column":null}},"4":{"start":{"line":11,"column":26},"end":{"line":15,"column":null}},"5":{"start":{"line":12,"column":4},"end":{"line":12,"column":null}},"6":{"start":{"line":13,"column":4},"end":{"line":13,"column":null}},"7":{"start":{"line":14,"column":4},"end":{"line":14,"column":null}},"8":{"start":{"line":17,"column":27},"end":{"line":17,"column":null}},"9":{"start":{"line":17,"column":33},"end":{"line":17,"column":null}},"10":{"start":{"line":18,"column":24},"end":{"line":18,"column":null}},"11":{"start":{"line":18,"column":30},"end":{"line":18,"column":null}},"12":{"start":{"line":20,"column":26},"end":{"line":26,"column":null}},"13":{"start":{"line":21,"column":4},"end":{"line":21,"column":null}},"14":{"start":{"line":21,"column":21},"end":{"line":21,"column":null}},"15":{"start":{"line":22,"column":4},"end":{"line":22,"column":null}},"16":{"start":{"line":23,"column":14},"end":{"line":23,"column":null}},"17":{"start":{"line":24,"column":17},"end":{"line":24,"column":null}},"18":{"start":{"line":25,"column":4},"end":{"line":25,"column":null}},"19":{"start":{"line":28,"column":22},"end":{"line":30,"column":null}},"20":{"start":{"line":29,"column":4},"end":{"line":29,"column":null}},"21":{"start":{"line":29,"column":20},"end":{"line":29,"column":null}},"22":{"start":{"line":32,"column":2},"end":{"line":51,"column":null}},"23":{"start":{"line":44,"column":8},"end":{"line":49,"column":null}}},"fnMap":{"0":{"name":"MoviePhotos","decl":{"start":{"line":5,"column":9},"end":{"line":5,"column":21}},"loc":{"start":{"line":5,"column":69},"end":{"line":53,"column":null}}},"1":{"name":"(anonymous_1)","decl":{"start":{"line":11,"column":26},"end":{"line":11,"column":27}},"loc":{"start":{"line":11,"column":33},"end":{"line":15,"column":null}}},"2":{"name":"(anonymous_2)","decl":{"start":{"line":17,"column":27},"end":{"line":17,"column":33}},"loc":{"start":{"line":17,"column":33},"end":{"line":17,"column":null}}},"3":{"name":"(anonymous_3)","decl":{"start":{"line":18,"column":24},"end":{"line":18,"column":30}},"loc":{"start":{"line":18,"column":30},"end":{"line":18,"column":null}}},"4":{"name":"(anonymous_4)","decl":{"start":{"line":20,"column":26},"end":{"line":20,"column":27}},"loc":{"start":{"line":20,"column":33},"end":{"line":26,"column":null}}},"5":{"name":"(anonymous_5)","decl":{"start":{"line":28,"column":22},"end":{"line":28,"column":23}},"loc":{"start":{"line":28,"column":29},"end":{"line":30,"column":null}}},"6":{"name":"(anonymous_6)","decl":{"start":{"line":43,"column":18},"end":{"line":43,"column":19}},"loc":{"start":{"line":44,"column":8},"end":{"line":49,"column":null}}}},"branchMap":{"0":{"loc":{"start":{"line":5,"column":23},"end":{"line":5,"column":66}},"type":"default-arg","locations":[{"start":{"line":5,"column":32},"end":{"line":5,"column":66}}]},"1":{"loc":{"start":{"line":21,"column":4},"end":{"line":21,"column":null}},"type":"if","locations":[{"start":{"line":21,"column":4},"end":{"line":21,"column":null}}]},"2":{"loc":{"start":{"line":29,"column":4},"end":{"line":29,"column":null}},"type":"if","locations":[{"start":{"line":29,"column":4},"end":{"line":29,"column":null}}]}},"s":{"0":24,"1":24,"2":24,"3":24,"4":24,"5":10,"6":10,"7":10,"8":24,"9":0,"10":24,"11":10,"12":24,"13":8,"14":5,"15":3,"16":3,"17":3,"18":3,"19":24,"20":5,"21":0,"22":24,"23":120},"f":{"0":24,"1":10,"2":0,"3":10,"4":8,"5":5,"6":120},"b":{"0":[0],"1":[5],"2":[0]}}
,"C:/Users/yojus/Desktop/Study/Back-end/Django/My_projects/film_review_website/frontend/src/components/Films/MovieReviews.jsx": {"path":"C:/Users/yojus/Desktop/Study/Back-end/Django/My_projects/film_review_website/frontend/src/components/Films/MovieReviews.jsx","statementMap":{"0":{"start":{"line":7,"column":20},"end":{"line":7,"column":null}},"1":{"start":{"line":8,"column":38},"end":{"line":8,"column":null}},"2":{"start":{"line":9,"column":30},"end":{"line":9,"column":null}},"3":{"start":{"line":10,"column":38},"end":{"line":10,"column":null}},"4":{"start":{"line":11,"column":28},"end":{"line":11,"column":null}},"5":{"start":{"line":13,"column":26},"end":{"line":18,"column":null}},"6":{"start":{"line":14,"column":4},"end":{"line":14,"column":null}},"7":{"start":{"line":15,"column":4},"end":{"line":15,"column":null}},"8":{"start":{"line":16,"column":4},"end":{"line":16,"column":null}},"9":{"start":{"line":17,"column":4},"end":{"line":17,"column":null}},"10":{"start":{"line":20,"column":27},"end":{"line":20,"column":null}},"11":{"start":{"line":20,"column":33},"end":{"line":20,"column":null}},"12":{"start":{"line":21,"column":24},"end":{"line":21,"column":null}},"13":{"start":{"line":21,"column":30},"end":{"line":21,"column":null}},"14":{"start":{"line":23,"column":26},"end":{"line":30,"column":null}},"15":{"start":{"line":24,"column":4},"end":{"line":24,"column":null}},"16":{"start":{"line":24,"column":21},"end":{"line":24,"column":null}},"17":{"start":{"line":25,"column":4},"end":{"line":25,"column":null}},"18":{"start":{"line":26,"column":14},"end":{"line":26,"column":null}},"19":{"start":{"line":27,"column":18},"end":{"line":27,"column":null}},"20":{"start":{"line":28,"column":4},"end":{"line":28,"column":null}},"21":{"start":{"line":28,"column":28},"end":{"line":28,"column":null}},"22":{"start":{"line":29,"column":4},"end":{"line":29,"column":null}},"23":{"start":{"line":32,"column":22},"end":{"line":34,"column":null}},"24":{"start":{"line":33,"column":4},"end":{"line":33,"column":null}},"25":{"start":{"line":33,"column":15},"end":{"line":33,"column":null}},"26":{"start":{"line":36,"column":2},"end":{"line":57,"column":null}},"27":{"start":{"line":47,"column":8},"end":{"line":55,"column":null}}},"fnMap":{"0":{"name":"MovieReviews","decl":{"start":{"line":6,"column":9},"end":{"line":6,"column":22}},"loc":{"start":{"line":6,"column":38},"end":{"line":59,"column":null}}},"1":{"name":"(anonymous_1)","decl":{"start":{"line":13,"column":26},"end":{"line":13,"column":27}},"loc":{"start":{"line":13,"column":33},"end":{"line":18,"column":null}}},"2":{"name":"(anonymous_2)","decl":{"start":{"line":20,"column":27},"end":{"line":20,"column":33}},"loc":{"start":{"line":20,"column":33},"end":{"line":20,"column":null}}},"3":{"name":"(anonymous_3)","decl":{"start":{"line":21,"column":24},"end":{"line":21,"column":30}},"loc":{"start":{"line":21,"column":30},"end":{"line":21,"column":null}}},"4":{"name":"(anonymous_4)","decl":{"start":{"line":23,"column":26},"end":{"line":23,"column":27}},"loc":{"start":{"line":23,"column":33},"end":{"line":30,"column":null}}},"5":{"name":"(anonymous_5)","decl":{"start":{"line":32,"column":22},"end":{"line":32,"column":23}},"loc":{"start":{"line":32,"column":29},"end":{"line":34,"column":null}}},"6":{"name":"(anonymous_6)","decl":{"start":{"line":46,"column":19},"end":{"line":46,"column":20}},"loc":{"start":{"line":47,"column":8},"end":{"line":55,"column":null}}}},"branchMap":{"0":{"loc":{"start":{"line":6,"column":23},"end":{"line":6,"column":35}},"type":"default-arg","locations":[{"start":{"line":6,"column":33},"end":{"line":6,"column":35}}]},"1":{"loc":{"start":{"line":24,"column":4},"end":{"line":24,"column":null}},"type":"if","locations":[{"start":{"line":24,"column":4},"end":{"line":24,"column":null}}]},"2":{"loc":{"start":{"line":28,"column":4},"end":{"line":28,"column":null}},"type":"if","locations":[{"start":{"line":28,"column":4},"end":{"line":28,"column":null}}]},"3":{"loc":{"start":{"line":33,"column":4},"end":{"line":33,"column":null}},"type":"if","locations":[{"start":{"line":33,"column":4},"end":{"line":33,"column":null}}]}},"s":{"0":50,"1":50,"2":50,"3":50,"4":50,"5":50,"6":14,"7":14,"8":14,"9":14,"10":50,"11":0,"12":50,"13":14,"14":50,"15":12,"16":5,"17":7,"18":7,"19":7,"20":7,"21":7,"22":7,"23":50,"24":5,"25":3,"26":50,"27":150},"f":{"0":50,"1":14,"2":0,"3":14,"4":12,"5":5,"6":150},"b":{"0":[0],"1":[5],"2":[7],"3":[3]}}
,"C:/Users/yojus/Desktop/Study/Back-end/Django/My_projects/film_review_website/frontend/src/components/Films/ReviewForm.jsx": {"path":"C:/Users/yojus/Desktop/Study/Back-end/Django/My_projects/film_review_website/frontend/src/components/Films/ReviewForm.jsx","statementMap":{"0":{"start":{"line":7,"column":17},"end":{"line":7,"column":null}},"1":{"start":{"line":8,"column":19},"end":{"line":8,"column":null}},"2":{"start":{"line":10,"column":32},"end":{"line":10,"column":null}},"3":{"start":{"line":11,"column":28},"end":{"line":11,"column":null}},"4":{"start":{"line":13,"column":28},"end":{"line":13,"column":null}},"5":{"start":{"line":16,"column":8},"end":{"line":16,"column":null}},"6":{"start":{"line":16,"column":26},"end":{"line":16,"column":null}},"7":{"start":{"line":17,"column":8},"end":{"line":17,"column":null}},"8":{"start":{"line":17,"column":25},"end":{"line":17,"column":null}},"9":{"start":{"line":19,"column":8},"end":{"line":19,"column":null}},"10":{"start":{"line":20,"column":8},"end":{"line":20,"column":null}},"11":{"start":{"line":23,"column":4},"end":{"line":55,"column":null}},"12":{"start":{"line":31,"column":37},"end":{"line":31,"column":null}},"13":{"start":{"line":44,"column":41},"end":{"line":44,"column":null}}},"fnMap":{"0":{"name":"ReviewForm","decl":{"start":{"line":6,"column":9},"end":{"line":6,"column":20}},"loc":{"start":{"line":6,"column":41},"end":{"line":57,"column":null}}},"1":{"name":"handleSend","decl":{"start":{"line":15,"column":19},"end":{"line":15,"column":32}},"loc":{"start":{"line":15,"column":32},"end":{"line":21,"column":null}}},"2":{"name":"(anonymous_2)","decl":{"start":{"line":31,"column":30},"end":{"line":31,"column":31}},"loc":{"start":{"line":31,"column":37},"end":{"line":31,"column":null}}},"3":{"name":"(anonymous_3)","decl":{"start":{"line":44,"column":34},"end":{"line":44,"column":35}},"loc":{"start":{"line":44,"column":41},"end":{"line":44,"column":null}}}},"branchMap":{"0":{"loc":{"start":{"line":16,"column":8},"end":{"line":16,"column":null}},"type":"if","locations":[{"start":{"line":16,"column":8},"end":{"line":16,"column":null}}]},"1":{"loc":{"start":{"line":17,"column":8},"end":{"line":17,"column":null}},"type":"if","locations":[{"start":{"line":17,"column":8},"end":{"line":17,"column":null}}]}},"s":{"0":45,"1":45,"2":45,"3":45,"4":45,"5":0,"6":0,"7":0,"8":0,"9":0,"10":0,"11":45,"12":36,"13":0},"f":{"0":45,"1":0,"2":36,"3":0},"b":{"0":[0],"1":[0]}}
,"C:/Users/yojus/Desktop/Study/Back-end/Django/My_projects/film_review_website/frontend/src/components/News/Article.jsx": {"path":"C:/Users/yojus/Desktop/Study/Back-end/Django/My_projects/film_review_website/frontend/src/components/News/Article.jsx","statementMap":{"0":{"start":{"line":7,"column":17},"end":{"line":7,"column":null}},"1":{"start":{"line":8,"column":22},"end":{"line":8,"column":null}},"2":{"start":{"line":10,"column":31},"end":{"line":10,"column":null}},"3":{"start":{"line":12,"column":4},"end":{"line":35,"column":null}}},"fnMap":{"0":{"name":"Article","decl":{"start":{"line":6,"column":9},"end":{"line":6,"column":17}},"loc":{"start":{"line":6,"column":39},"end":{"line":37,"column":null}}}},"branchMap":{"0":{"loc":{"start":{"line":10,"column":31},"end":{"line":10,"column":null}},"type":"binary-expr","locations":[{"start":{"line":10,"column":31},"end":{"line":10,"column":53}},{"start":{"line":10,"column":53},"end":{"line":10,"column":null}}]},"1":{"loc":{"start":{"line":22,"column":37},"end":{"line":22,"column":null}},"type":"cond-expr","locations":[{"start":{"line":22,"column":47},"end":{"line":22,"column":55}},{"start":{"line":22,"column":55},"end":{"line":22,"column":null}}]}},"s":{"0":5,"1":5,"2":5,"3":5},"f":{"0":5},"b":{"0":[5,0],"1":[2,3]}}
,"C:/Users/yojus/Desktop/Study/Back-end/Django/My_projects/film_review_website/frontend/src/components/Profile/FavouriteGenres.jsx": {"path":"C:/Users/yojus/Desktop/Study/Back-end/Django/My_projects/film_review_website/frontend/src/components/Profile/FavouriteGenres.jsx","statementMap":{"0":{"start":{"line":6,"column":20},"end":{"line":6,"column":null}},"1":{"start":{"line":7,"column":38},"end":{"line":7,"column":null}},"2":{"start":{"line":8,"column":30},"end":{"line":8,"column":null}},"3":{"start":{"line":9,"column":38},"end":{"line":9,"column":null}},"4":{"start":{"line":11,"column":26},"end":{"line":15,"column":null}},"5":{"start":{"line":12,"column":4},"end":{"line":12,"column":null}},"6":{"start":{"line":13,"column":4},"end":{"line":13,"column":null}},"7":{"start":{"line":14,"column":4},"end":{"line":14,"column":null}},"8":{"start":{"line":17,"column":27},"end":{"line":17,"column":null}},"9":{"start":{"line":17,"column":33},"end":{"line":17,"column":null}},"10":{"start":{"line":18,"column":24},"end":{"line":18,"column":null}},"11":{"start":{"line":18,"column":30},"end":{"line":18,"column":null}},"12":{"start":{"line":20,"column":26},"end":{"line":26,"column":null}},"13":{"start":{"line":21,"column":4},"end":{"line":21,"column":null}},"14":{"start":{"line":21,"column":21},"end":{"line":21,"column":null}},"15":{"start":{"line":22,"column":4},"end":{"line":22,"column":null}},"16":{"start":{"line":23,"column":14},"end":{"line":23,"column":null}},"17":{"start":{"line":24,"column":18},"end":{"line":24,"column":null}},"18":{"start":{"line":25,"column":4},"end":{"line":25,"column":null}},"19":{"start":{"line":28,"column":2},"end":{"line":40,"column":null}},"20":{"start":{"line":38,"column":10},"end":{"line":38,"column":null}}},"fnMap":{"0":{"name":"FavouriteGenres","decl":{"start":{"line":5,"column":9},"end":{"line":5,"column":27}},"loc":{"start":{"line":5,"column":27},"end":{"line":42,"column":null}}},"1":{"name":"(anonymous_1)","decl":{"start":{"line":11,"column":26},"end":{"line":11,"column":27}},"loc":{"start":{"line":11,"column":33},"end":{"line":15,"column":null}}},"2":{"name":"(anonymous_2)","decl":{"start":{"line":17,"column":27},"end":{"line":17,"column":33}},"loc":{"start":{"line":17,"column":33},"end":{"line":17,"column":null}}},"3":{"name":"(anonymous_3)","decl":{"start":{"line":18,"column":24},"end":{"line":18,"column":30}},"loc":{"start":{"line":18,"column":30},"end":{"line":18,"column":null}}},"4":{"name":"(anonymous_4)","decl":{"start":{"line":20,"column":26},"end":{"line":20,"column":27}},"loc":{"start":{"line":20,"column":33},"end":{"line":26,"column":null}}},"5":{"name":"(anonymous_5)","decl":{"start":{"line":37,"column":25},"end":{"line":37,"column":null}},"loc":{"start":{"line":38,"column":10},"end":{"line":38,"column":null}}}},"branchMap":{"0":{"loc":{"start":{"line":21,"column":4},"end":{"line":21,"column":null}},"type":"if","locations":[{"start":{"line":21,"column":4},"end":{"line":21,"column":null}}]}},"s":{"0":9,"1":9,"2":9,"3":9,"4":9,"5":2,"6":2,"7":2,"8":9,"9":0,"10":9,"11":2,"12":9,"13":2,"14":0,"15":2,"16":2,"17":2,"18":2,"19":9,"20":36},"f":{"0":9,"1":2,"2":0,"3":2,"4":2,"5":36},"b":{"0":[0]}}
,"C:/Users/yojus/Desktop/Study/Back-end/Django/My_projects/film_review_website/frontend/src/components/Profile/FavouriteMovies.jsx": {"path":"C:/Users/yojus/Desktop/Study/Back-end/Django/My_projects/film_review_website/frontend/src/components/Profile/FavouriteMovies.jsx","statementMap":{"0":{"start":{"line":7,"column":20},"end":{"line":7,"column":null}},"1":{"start":{"line":8,"column":38},"end":{"line":8,"column":null}},"2":{"start":{"line":9,"column":30},"end":{"line":9,"column":null}},"3":{"start":{"line":10,"column":38},"end":{"line":10,"column":null}},"4":{"start":{"line":11,"column":28},"end":{"line":11,"column":null}},"5":{"start":{"line":13,"column":26},"end":{"line":18,"column":null}},"6":{"start":{"line":14,"column":4},"end":{"line":14,"column":null}},"7":{"start":{"line":15,"column":4},"end":{"line":15,"column":null}},"8":{"start":{"line":16,"column":4},"end":{"line":16,"column":null}},"9":{"start":{"line":17,"column":4},"end":{"line":17,"column":null}},"10":{"start":{"line":20,"column":27},"end":{"line":20,"column":null}},"11":{"start":{"line":20,"column":33},"end":{"line":20,"column":null}},"12":{"start":{"line":21,"column":24},"end":{"line":21,"column":null}},"13":{"start":{"line":21,"column":30},"end":{"line":21,"column":null}},"14":{"start":{"line":23,"column":26},"end":{"line":30,"column":null}},"15":{"start":{"line":24,"column":4},"end":{"line":24,"column":null}},"16":{"start":{"line":24,"column":21},"end":{"line":24,"column":null}},"17":{"start":{"line":25,"column":4},"end":{"line":25,"column":null}},"18":{"start":{"line":26,"column":14},"end":{"line":26,"column":null}},"19":{"start":{"line":27,"column":18},"end":{"line":27,"column":null}},"20":{"start":{"line":28,"column":4},"end":{"line":28,"column":null}},"21":{"start":{"line":28,"column":28},"end":{"line":28,"column":null}},"22":{"start":{"line":29,"column":4},"end":{"line":29,"column":null}},"23":{"start":{"line":32,"column":22},"end":{"line":34,"column":null}},"24":{"start":{"line":33,"column":4},"end":{"line":33,"column":null}},"25":{"start":{"line":33,"column":15},"end":{"line":33,"column":null}},"26":{"start":{"line":36,"column":2},"end":{"line":57,"column":null}},"27":{"start":{"line":47,"column":8},"end":{"line":55,"column":null}}},"fnMap":{"0":{"name":"FavouriteMovies","decl":{"start":{"line":6,"column":9},"end":{"line":6,"column":25}},"loc":{"start":{"line":6,"column":34},"end":{"line":59,"column":null}}},"1":{"name":"(anonymous_1)","decl":{"start":{"line":13,"column":26},"end":{"line":13,"column":27}},"loc":{"start":{"line":13,"column":33},"end":{"line":18,"column":null}}},"2":{"name":"(anonymous_2)","decl":{"start":{"line":20,"column":27},"end":{"line":20,"column":33}},"loc":{"start":{"line":20,"column":33},"end":{"line":20,"column":null}}},"3":{"name":"(anonymous_3)","decl":{"start":{"line":21,"column":24},"end":{"line":21,"column":30}},"loc":{"start":{"line":21,"column":30},"end":{"line":21,"column":null}}},"4":{"name":"(anonymous_4)","decl":{"start":{"line":23,"column":26},"end":{"line":23,"column":27}},"loc":{"start":{"line":23,"column":33},"end":{"line":30,"column":null}}},"5":{"name":"(anonymous_5)","decl":{"start":{"line":32,"column":22},"end":{"line":32,"column":23}},"loc":{"start":{"line":32,"column":29},"end":{"line":34,"column":null}}},"6":{"name":"(anonymous_6)","decl":{"start":{"line":46,"column":17},"end":{"line":46,"column":18}},"loc":{"start":{"line":47,"column":8},"end":{"line":55,"column":null}}}},"branchMap":{"0":{"loc":{"start":{"line":24,"column":4},"end":{"line":24,"column":null}},"type":"if","locations":[{"start":{"line":24,"column":4},"end":{"line":24,"column":null}}]},"1":{"loc":{"start":{"line":28,"column":4},"end":{"line":28,"column":null}},"type":"if","locations":[{"start":{"line":28,"column":4},"end":{"line":28,"column":null}}]},"2":{"loc":{"start":{"line":33,"column":4},"end":{"line":33,"column":null}},"type":"if","locations":[{"start":{"line":33,"column":4},"end":{"line":33,"column":null}}]}},"s":{"0":27,"1":27,"2":27,"3":27,"4":27,"5":27,"6":10,"7":10,"8":10,"9":10,"10":27,"11":0,"12":27,"13":10,"14":27,"15":8,"16":5,"17":3,"18":3,"19":3,"20":3,"21":3,"22":3,"23":27,"24":5,"25":3,"26":27,"27":81},"f":{"0":27,"1":10,"2":0,"3":10,"4":8,"5":5,"6":81},"b":{"0":[5],"1":[3],"2":[3]}}
,"C:/Users/yojus/Desktop/Study/Back-end/Django/My_projects/film_review_website/frontend/src/components/Profile/Logout.jsx": {"path":"C:/Users/yojus/Desktop/Study/Back-end/Django/My_projects/film_review_website/frontend/src/components/Profile/Logout.jsx","statementMap":{"0":{"start":{"line":7,"column":21},"end":{"line":7,"column":null}},"1":{"start":{"line":9,"column":4},"end":{"line":22,"column":null}}},"fnMap":{"0":{"name":"Logout","decl":{"start":{"line":6,"column":9},"end":{"line":6,"column":16}},"loc":{"start":{"line":6,"column":26},"end":{"line":24,"column":null}}}},"branchMap":{},"s":{"0":9,"1":9},"f":{"0":9},"b":{}}
,"C:/Users/yojus/Desktop/Study/Back-end/Django/My_projects/film_review_website/frontend/src/components/Reviews/FilmReview.jsx": {"path":"C:/Users/yojus/Desktop/Study/Back-end/Django/My_projects/film_review_website/frontend/src/components/Reviews/FilmReview.jsx","statementMap":{"0":{"start":{"line":9,"column":59},"end":{"line":11,"column":null}},"1":{"start":{"line":13,"column":43},"end":{"line":15,"column":null}},"2":{"start":{"line":17,"column":2},"end":{"line":39,"column":null}}},"fnMap":{"0":{"name":"FilmReview","decl":{"start":{"line":8,"column":9},"end":{"line":8,"column":20}},"loc":{"start":{"line":8,"column":41},"end":{"line":41,"column":null}}}},"branchMap":{"0":{"loc":{"start":{"line":9,"column":59},"end":{"line":11,"column":null}},"type":"cond-expr","locations":[{"start":{"line":10,"column":6},"end":{"line":10,"column":null}},{"start":{"line":11,"column":6},"end":{"line":11,"column":null}}]},"1":{"loc":{"start":{"line":13,"column":43},"end":{"line":15,"column":null}},"type":"cond-expr","locations":[{"start":{"line":14,"column":6},"end":{"line":14,"column":null}},{"start":{"line":15,"column":6},"end":{"line":15,"column":null}}]},"2":{"loc":{"start":{"line":22,"column":60},"end":{"line":22,"column":96}},"type":"binary-expr","locations":[{"start":{"line":22,"column":60},"end":{"line":22,"column":76}},{"start":{"line":22,"column":76},"end":{"line":22,"column":96}}]}},"s":{"0":2,"1":2,"2":2},"f":{"0":2},"b":{"0":[2,0],"1":[2,0],"2":[2,0]}}
,"C:/Users/yojus/Desktop/Study/Back-end/Django/My_projects/film_review_website/frontend/src/components/Reviews/Review.jsx": {"path":"C:/Users/yojus/Desktop/Study/Back-end/Django/My_projects/film_review_website/frontend/src/components/Reviews/Review.jsx","statementMap":{"0":{"start":{"line":5,"column":17},"end":{"line":5,"column":null}},"1":{"start":{"line":6,"column":22},"end":{"line":6,"column":null}},"2":{"start":{"line":8,"column":24},"end":{"line":8,"column":null}},"3":{"start":{"line":10,"column":4},"end":{"line":29,"column":null}}},"fnMap":{"0":{"name":"Review","decl":{"start":{"line":4,"column":9},"end":{"line":4,"column":16}},"loc":{"start":{"line":4,"column":43},"end":{"line":31,"column":null}}}},"branchMap":{"0":{"loc":{"start":{"line":8,"column":24},"end":{"line":8,"column":null}},"type":"binary-expr","locations":[{"start":{"line":8,"column":24},"end":{"line":8,"column":41}},{"start":{"line":8,"column":41},"end":{"line":8,"column":null}}]},"1":{"loc":{"start":{"line":14,"column":20},"end":{"line":14,"column":52}},"type":"binary-expr","locations":[{"start":{"line":14,"column":20},"end":{"line":14,"column":45}},{"start":{"line":14,"column":45},"end":{"line":14,"column":52}}]}},"s":{"0":154,"1":154,"2":154,"3":154},"f":{"0":154},"b":{"0":[154,152],"1":[154,150]}}
,"C:/Users/yojus/Desktop/Study/Back-end/Django/My_projects/film_review_website/frontend/src/components/shared/Button.jsx": {"path":"C:/Users/yojus/Desktop/Study/Back-end/Django/My_projects/film_review_website/frontend/src/components/shared/Button.jsx","statementMap":{"0":{"start":{"line":4,"column":2},"end":{"line":7,"column":null}}},"fnMap":{"0":{"name":"Button","decl":{"start":{"line":3,"column":9},"end":{"line":3,"column":16}},"loc":{"start":{"line":3,"column":23},"end":{"line":9,"column":null}}}},"branchMap":{},"s":{"0":173},"f":{"0":173},"b":{}}
,"C:/Users/yojus/Desktop/Study/Back-end/Django/My_projects/film_review_website/frontend/src/components/shared/ButtonSmall.jsx": {"path":"C:/Users/yojus/Desktop/Study/Back-end/Django/My_projects/film_review_website/frontend/src/components/shared/ButtonSmall.jsx","statementMap":{"0":{"start":{"line":4,"column":2},"end":{"line":7,"column":null}}},"fnMap":{"0":{"name":"ButtonSmall","decl":{"start":{"line":3,"column":9},"end":{"line":3,"column":21}},"loc":{"start":{"line":3,"column":28},"end":{"line":9,"column":null}}}},"branchMap":{},"s":{"0":5},"f":{"0":5},"b":{}}
,"C:/Users/yojus/Desktop/Study/Back-end/Django/My_projects/film_review_website/frontend/src/components/shared/Comment.jsx": {"path":"C:/Users/yojus/Desktop/Study/Back-end/Django/My_projects/film_review_website/frontend/src/components/shared/Comment.jsx","statementMap":{"0":{"start":{"line":6,"column":22},"end":{"line":6,"column":null}},"1":{"start":{"line":7,"column":19},"end":{"line":7,"column":null}},"2":{"start":{"line":9,"column":2},"end":{"line":25,"column":null}},"3":{"start":{"line":10,"column":4},"end":{"line":17,"column":null}},"4":{"start":{"line":20,"column":4},"end":{"line":23,"column":null}}},"fnMap":{"0":{"name":"Comment","decl":{"start":{"line":5,"column":9},"end":{"line":5,"column":17}},"loc":{"start":{"line":5,"column":40},"end":{"line":26,"column":null}}}},"branchMap":{"0":{"loc":{"start":{"line":7,"column":19},"end":{"line":7,"column":null}},"type":"binary-expr","locations":[{"start":{"line":7,"column":19},"end":{"line":7,"column":31}},{"start":{"line":7,"column":31},"end":{"line":7,"column":null}}]},"1":{"loc":{"start":{"line":9,"column":2},"end":{"line":25,"column":null}},"type":"if","locations":[{"start":{"line":9,"column":2},"end":{"line":25,"column":null}},{"start":{"line":19,"column":9},"end":{"line":25,"column":null}}]}},"s":{"0":5,"1":5,"2":5,"3":3,"4":2},"f":{"0":5},"b":{"0":[5,0],"1":[3,2]}}
,"C:/Users/yojus/Desktop/Study/Back-end/Django/My_projects/film_review_website/frontend/src/components/shared/Genre.jsx": {"path":"C:/Users/yojus/Desktop/Study/Back-end/Django/My_projects/film_review_website/frontend/src/components/shared/Genre.jsx","statementMap":{"0":{"start":{"line":4,"column":2},"end":{"line":5,"column":null}}},"fnMap":{"0":{"name":"Genre","decl":{"start":{"line":3,"column":9},"end":{"line":3,"column":15}},"loc":{"start":{"line":3,"column":22},"end":{"line":7,"column":null}}}},"branchMap":{},"s":{"0":134},"f":{"0":134},"b":{}}
,"C:/Users/yojus/Desktop/Study/Back-end/Django/My_projects/film_review_website/frontend/src/components/shared/Input.jsx": {"path":"C:/Users/yojus/Desktop/Study/Back-end/Django/My_projects/film_review_website/frontend/src/components/shared/Input.jsx","statementMap":{"0":{"start":{"line":4,"column":2},"end":{"line":11,"column":null}},"1":{"start":{"line":10,"column":23},"end":{"line":10,"column":null}}},"fnMap":{"0":{"name":"Input","decl":{"start":{"line":3,"column":9},"end":{"line":3,"column":15}},"loc":{"start":{"line":3,"column":64},"end":{"line":13,"column":null}}},"1":{"name":"(anonymous_1)","decl":{"start":{"line":10,"column":16},"end":{"line":10,"column":17}},"loc":{"start":{"line":10,"column":23},"end":{"line":10,"column":null}}}},"branchMap":{"0":{"loc":{"start":{"line":3,"column":34},"end":{"line":3,"column":49}},"type":"default-arg","locations":[{"start":{"line":3,"column":41},"end":{"line":3,"column":49}}]}},"s":{"0":35,"1":34},"f":{"0":35,"1":34},"b":{"0":[35]}}
,"C:/Users/yojus/Desktop/Study/Back-end/Django/My_projects/film_review_website/frontend/src/components/shared/Message.jsx": {"path":"C:/Users/yojus/Desktop/Study/Back-end/Django/My_projects/film_review_website/frontend/src/components/shared/Message.jsx","statementMap":{"0":{"start":{"line":4,"column":2},"end":{"line":10,"column":null}}},"fnMap":{"0":{"name":"Message","decl":{"start":{"line":3,"column":9},"end":{"line":3,"column":17}},"loc":{"start":{"line":3,"column":46},"end":{"line":12,"column":null}}}},"branchMap":{},"s":{"0":2},"f":{"0":2},"b":{}}
,"C:/Users/yojus/Desktop/Study/Back-end/Django/My_projects/film_review_website/frontend/src/components/shared/Navbar.jsx": {"path":"C:/Users/yojus/Desktop/Study/Back-end/Django/My_projects/film_review_website/frontend/src/components/shared/Navbar.jsx","statementMap":{"0":{"start":{"line":8,"column":21},"end":{"line":8,"column":null}},"1":{"start":{"line":9,"column":24},"end":{"line":9,"column":null}},"2":{"start":{"line":11,"column":26},"end":{"line":11,"column":null}},"3":{"start":{"line":12,"column":24},"end":{"line":12,"column":null}},"4":{"start":{"line":13,"column":23},"end":{"line":13,"column":null}},"5":{"start":{"line":14,"column":30},"end":{"line":14,"column":null}},"6":{"start":{"line":15,"column":26},"end":{"line":15,"column":null}},"7":{"start":{"line":17,"column":4},"end":{"line":58,"column":null}}},"fnMap":{"0":{"name":"Navbar","decl":{"start":{"line":7,"column":9},"end":{"line":7,"column":16}},"loc":{"start":{"line":7,"column":35},"end":{"line":60,"column":null}}}},"branchMap":{"0":{"loc":{"start":{"line":25,"column":55},"end":{"line":25,"column":90}},"type":"cond-expr","locations":[{"start":{"line":25,"column":69},"end":{"line":25,"column":88}},{"start":{"line":25,"column":88},"end":{"line":25,"column":90}}]},"1":{"loc":{"start":{"line":31,"column":55},"end":{"line":31,"column":89}},"type":"cond-expr","locations":[{"start":{"line":31,"column":68},"end":{"line":31,"column":87}},{"start":{"line":31,"column":87},"end":{"line":31,"column":89}}]},"2":{"loc":{"start":{"line":37,"column":55},"end":{"line":37,"column":96}},"type":"cond-expr","locations":[{"start":{"line":37,"column":75},"end":{"line":37,"column":94}},{"start":{"line":37,"column":94},"end":{"line":37,"column":96}}]},"3":{"loc":{"start":{"line":43,"column":55},"end":{"line":43,"column":92}},"type":"cond-expr","locations":[{"start":{"line":43,"column":71},"end":{"line":43,"column":90}},{"start":{"line":43,"column":90},"end":{"line":43,"column":92}}]},"4":{"loc":{"start":{"line":47,"column":17},"end":{"line":55,"column":null}},"type":"cond-expr","locations":[{"start":{"line":48,"column":20},"end":{"line":48,"column":null}},{"start":{"line":50,"column":20},"end":{"line":55,"column":null}}]}},"s":{"0":9,"1":9,"2":9,"3":9,"4":9,"5":9,"6":9,"7":9},"f":{"0":9},"b":{"0":[4,5],"1":[0,9],"2":[0,9],"3":[0,9],"4":[5,4]}}
,"C:/Users/yojus/Desktop/Study/Back-end/Django/My_projects/film_review_website/frontend/src/components/shared/Pagination.jsx": {"path":"C:/Users/yojus/Desktop/Study/Back-end/Django/My_projects/film_review_website/frontend/src/components/shared/Pagination.jsx","statementMap":{"0":{"start":{"line":4,"column":4},"end":{"line":52,"column":null}},"1":{"start":{"line":7,"column":66},"end":{"line":7,"column":null}},"2":{"start":{"line":13,"column":57},"end":{"line":13,"column":null}},"3":{"start":{"line":17,"column":73},"end":{"line":17,"column":96}},"4":{"start":{"line":23,"column":73},"end":{"line":23,"column":117}},"5":{"start":{"line":26,"column":73},"end":{"line":26,"column":117}},"6":{"start":{"line":32,"column":73},"end":{"line":32,"column":117}},"7":{"start":{"line":35,"column":73},"end":{"line":35,"column":117}},"8":{"start":{"line":41,"column":73},"end":{"line":41,"column":112}},"9":{"start":{"line":43,"column":56},"end":{"line":43,"column":null}},"10":{"start":{"line":47,"column":65},"end":{"line":47,"column":null}}},"fnMap":{"0":{"name":"Pagination","decl":{"start":{"line":3,"column":9},"end":{"line":3,"column":20}},"loc":{"start":{"line":3,"column":27},"end":{"line":54,"column":null}}},"1":{"name":"(anonymous_1)","decl":{"start":{"line":7,"column":60},"end":{"line":7,"column":66}},"loc":{"start":{"line":7,"column":66},"end":{"line":7,"column":null}}},"2":{"name":"(anonymous_2)","decl":{"start":{"line":13,"column":51},"end":{"line":13,"column":57}},"loc":{"start":{"line":13,"column":57},"end":{"line":13,"column":null}}},"3":{"name":"(anonymous_3)","decl":{"start":{"line":17,"column":67},"end":{"line":17,"column":73}},"loc":{"start":{"line":17,"column":73},"end":{"line":17,"column":96}}},"4":{"name":"(anonymous_4)","decl":{"start":{"line":23,"column":67},"end":{"line":23,"column":73}},"loc":{"start":{"line":23,"column":73},"end":{"line":23,"column":117}}},"5":{"name":"(anonymous_5)","decl":{"start":{"line":26,"column":67},"end":{"line":26,"column":73}},"loc":{"start":{"line":26,"column":73},"end":{"line":26,"column":117}}},"6":{"name":"(anonymous_6)","decl":{"start":{"line":32,"column":67},"end":{"line":32,"column":73}},"loc":{"start":{"line":32,"column":73},"end":{"line":32,"column":117}}},"7":{"name":"(anonymous_7)","decl":{"start":{"line":35,"column":67},"end":{"line":35,"column":73}},"loc":{"start":{"line":35,"column":73},"end":{"line":35,"column":117}}},"8":{"name":"(anonymous_8)","decl":{"start":{"line":41,"column":67},"end":{"line":41,"column":73}},"loc":{"start":{"line":41,"column":73},"end":{"line":41,"column":112}}},"9":{"name":"(anonymous_9)","decl":{"start":{"line":43,"column":50},"end":{"line":43,"column":56}},"loc":{"start":{"line":43,"column":56},"end":{"line":43,"column":null}}},"10":{"name":"(anonymous_10)","decl":{"start":{"line":47,"column":59},"end":{"line":47,"column":65}},"loc":{"start":{"line":47,"column":65},"end":{"line":47,"column":null}}}},"branchMap":{"0":{"loc":{"start":{"line":16,"column":13},"end":{"line":18,"column":null}},"type":"binary-expr","locations":[{"start":{"line":16,"column":13},"end":{"line":16,"column":38}},{"start":{"line":16,"column":38},"end":{"line":18,"column":null}}]},"1":{"loc":{"start":{"line":19,"column":13},"end":{"line":21,"column":null}},"type":"binary-expr","locations":[{"start":{"line":19,"column":13},"end":{"line":19,"column":43}},{"start":{"line":19,"column":43},"end":{"line":19,"column":67}},{"start":{"line":19,"column":67},"end":{"line":21,"column":null}}]},"2":{"loc":{"start":{"line":22,"column":13},"end":{"line":24,"column":null}},"type":"binary-expr","locations":[{"start":{"line":22,"column":13},"end":{"line":22,"column":55}},{"start":{"line":22,"column":55},"end":{"line":22,"column":79}},{"start":{"line":22,"column":79},"end":{"line":24,"column":null}}]},"3":{"loc":{"start":{"line":25,"column":13},"end":{"line":27,"column":null}},"type":"binary-expr","locations":[{"start":{"line":25,"column":13},"end":{"line":25,"column":38}},{"start":{"line":25,"column":38},"end":{"line":27,"column":null}}]},"4":{"loc":{"start":{"line":31,"column":13},"end":{"line":33,"column":null}},"type":"binary-expr","locations":[{"start":{"line":31,"column":13},"end":{"line":31,"column":53}},{"start":{"line":31,"column":53},"end":{"line":33,"column":null}}]},"5":{"loc":{"start":{"line":34,"column":13},"end":{"line":36,"column":null}},"type":"binary-expr","locations":[{"start":{"line":34,"column":13},"end":{"line":34,"column":40}},{"start":{"line":34,"column":40},"end":{"line":34,"column":64}},{"start":{"line":34,"column":64},"end":{"line":36,"column":null}}]},"6":{"loc":{"start":{"line":37,"column":13},"end":{"line":39,"column":null}},"type":"binary-expr","locations":[{"start":{"line":37,"column":13},"end":{"line":37,"column":58}},{"start":{"line":37,"column":58},"end":{"line":37,"column":82}},{"start":{"line":37,"column":82},"end":{"line":39,"column":null}}]},"7":{"loc":{"start":{"line":40,"column":13},"end":{"line":42,"column":null}},"type":"binary-expr","locations":[{"start":{"line":40,"column":13},"end":{"line":40,"column":57}},{"start":{"line":40,"column":57},"end":{"line":42,"column":null}}]}},"s":{"0":35,"1":3,"2":4,"3":0,"4":0,"5":5,"6":7,"7":0,"8":5,"9":4,"10":3},"f":{"0":35,"1":3,"2":4,"3":0,"4":0,"5":5,"6":7,"7":0,"8":5,"9":4,"10":3},"b":{"0":[35,20],"1":[35,6,6],"2":[35,6,6],"3":[35,25],"4":[35,29],"5":[35,10,8],"6":[35,20,20],"7":[35,27]}}
,"C:/Users/yojus/Desktop/Study/Back-end/Django/My_projects/film_review_website/frontend/src/components/shared/ProtectedRoute.jsx": {"path":"C:/Users/yojus/Desktop/Study/Back-end/Django/My_projects/film_review_website/frontend/src/components/shared/ProtectedRoute.jsx","statementMap":{"0":{"start":{"line":7,"column":53},"end":{"line":7,"column":null}},"1":{"start":{"line":8,"column":25},"end":{"line":8,"column":null}},"2":{"start":{"line":10,"column":32},"end":{"line":10,"column":null}},"3":{"start":{"line":11,"column":26},"end":{"line":11,"column":null}},"4":{"start":{"line":13,"column":19},"end":{"line":13,"column":null}},"5":{"start":{"line":15,"column":2},"end":{"line":27,"column":null}},"6":{"start":{"line":17,"column":17},"end":{"line":17,"column":null}},"7":{"start":{"line":18,"column":6},"end":{"line":18,"column":null}},"8":{"start":{"line":19,"column":6},"end":{"line":19,"column":null}},"9":{"start":{"line":21,"column":6},"end":{"line":23,"column":null}},"10":{"start":{"line":22,"column":8},"end":{"line":22,"column":null}},"11":{"start":{"line":26,"column":4},"end":{"line":26,"column":null}},"12":{"start":{"line":29,"column":2},"end":{"line":31,"column":null}},"13":{"start":{"line":30,"column":4},"end":{"line":30,"column":null}},"14":{"start":{"line":33,"column":2},"end":{"line":35,"column":null}},"15":{"start":{"line":34,"column":4},"end":{"line":34,"column":null}},"16":{"start":{"line":37,"column":2},"end":{"line":37,"column":null}}},"fnMap":{"0":{"name":"ProtectedRoute","decl":{"start":{"line":6,"column":9},"end":{"line":6,"column":24}},"loc":{"start":{"line":6,"column":48},"end":{"line":38,"column":null}}},"1":{"name":"(anonymous_1)","decl":{"start":{"line":15,"column":12},"end":{"line":15,"column":18}},"loc":{"start":{"line":15,"column":18},"end":{"line":27,"column":5}}},"2":{"name":"check","decl":{"start":{"line":16,"column":19},"end":{"line":16,"column":27}},"loc":{"start":{"line":16,"column":27},"end":{"line":24,"column":null}}}},"branchMap":{"0":{"loc":{"start":{"line":8,"column":25},"end":{"line":8,"column":null}},"type":"binary-expr","locations":[{"start":{"line":8,"column":25},"end":{"line":8,"column":47}},{"start":{"line":8,"column":47},"end":{"line":8,"column":null}}]},"1":{"loc":{"start":{"line":21,"column":6},"end":{"line":23,"column":null}},"type":"if","locations":[{"start":{"line":21,"column":6},"end":{"line":23,"column":null}}]},"2":{"loc":{"start":{"line":29,"column":2},"end":{"line":31,"column":null}},"type":"if","locations":[{"start":{"line":29,"column":2},"end":{"line":31,"column":null}}]},"3":{"loc":{"start":{"line":33,"column":2},"end":{"line":35,"column":null}},"type":"if","locations":[{"start":{"line":33,"column":2},"end":{"line":35,"column":null}}]}},"s":{"0":14,"1":14,"2":14,"3":14,"4":14,"5":14,"6":9,"7":5,"8":5,"9":5,"10":2,"11":9,"12":14,"13":9,"14":5,"15":3,"16":2},"f":{"0":14,"1":9,"2":9},"b":{"0":[14,0],"1":[2],"2":[9],"3":[3]}}
,"C:/Users/yojus/Desktop/Study/Back-end/Django/My_projects/film_review_website/frontend/src/components/shared/Searchbar.jsx": {"path":"C:/Users/yojus/Desktop/Study/Back-end/Django/My_projects/film_review_website/frontend/src/components/shared/Searchbar.jsx","statementMap":{"0":{"start":{"line":5,"column":46},"end":{"line":5,"column":null}},"1":{"start":{"line":6,"column":42},"end":{"line":6,"column":null}},"2":{"start":{"line":7,"column":36},"end":{"line":7,"column":null}},"3":{"start":{"line":9,"column":24},"end":{"line":13,"column":null}},"4":{"start":{"line":10,"column":4},"end":{"line":12,"column":null}},"5":{"start":{"line":11,"column":6},"end":{"line":11,"column":null}},"6":{"start":{"line":15,"column":2},"end":{"line":57,"column":null}},"7":{"start":{"line":22,"column":25},"end":{"line":22,"column":null}},"8":{"start":{"line":30,"column":27},"end":{"line":30,"column":null}},"9":{"start":{"line":46,"column":27},"end":{"line":46,"column":null}}},"fnMap":{"0":{"name":"Searchbar","decl":{"start":{"line":4,"column":9},"end":{"line":4,"column":19}},"loc":{"start":{"line":4,"column":89},"end":{"line":59,"column":null}}},"1":{"name":"(anonymous_1)","decl":{"start":{"line":9,"column":24},"end":{"line":9,"column":25}},"loc":{"start":{"line":9,"column":31},"end":{"line":13,"column":null}}},"2":{"name":"(anonymous_2)","decl":{"start":{"line":22,"column":18},"end":{"line":22,"column":19}},"loc":{"start":{"line":22,"column":25},"end":{"line":22,"column":null}}},"3":{"name":"(anonymous_3)","decl":{"start":{"line":30,"column":21},"end":{"line":30,"column":27}},"loc":{"start":{"line":30,"column":27},"end":{"line":30,"column":null}}},"4":{"name":"(anonymous_4)","decl":{"start":{"line":46,"column":21},"end":{"line":46,"column":27}},"loc":{"start":{"line":46,"column":27},"end":{"line":46,"column":null}}}},"branchMap":{"0":{"loc":{"start":{"line":10,"column":4},"end":{"line":12,"column":null}},"type":"if","locations":[{"start":{"line":10,"column":4},"end":{"line":12,"column":null}}]},"1":{"loc":{"start":{"line":10,"column":8},"end":{"line":10,"column":39}},"type":"binary-expr","locations":[{"start":{"line":10,"column":8},"end":{"line":10,"column":29}},{"start":{"line":10,"column":29},"end":{"line":10,"column":39}}]},"2":{"loc":{"start":{"line":26,"column":7},"end":{"line":39,"column":null}},"type":"binary-expr","locations":[{"start":{"line":26,"column":7},"end":{"line":26,"column":null}},{"start":{"line":27,"column":8},"end":{"line":39,"column":null}}]},"3":{"loc":{"start":{"line":34,"column":11},"end":{"line":37,"column":null}},"type":"binary-expr","locations":[{"start":{"line":34,"column":11},"end":{"line":34,"column":29}},{"start":{"line":34,"column":29},"end":{"line":34,"column":null}},{"start":{"line":35,"column":12},"end":{"line":37,"column":null}}]},"4":{"loc":{"start":{"line":42,"column":7},"end":{"line":55,"column":null}},"type":"binary-expr","locations":[{"start":{"line":42,"column":7},"end":{"line":42,"column":null}},{"start":{"line":43,"column":8},"end":{"line":55,"column":null}}]},"5":{"loc":{"start":{"line":50,"column":11},"end":{"line":53,"column":null}},"type":"binary-expr","locations":[{"start":{"line":50,"column":11},"end":{"line":50,"column":null}},{"start":{"line":51,"column":12},"end":{"line":53,"column":null}}]}},"s":{"0":71,"1":71,"2":71,"3":71,"4":45,"5":4,"6":71,"7":41,"8":6,"9":4},"f":{"0":71,"1":45,"2":41,"3":6,"4":4},"b":{"0":[4],"1":[45,4],"2":[71,9],"3":[9,3,3],"4":[71,6],"5":[6,2]}}
,"C:/Users/yojus/Desktop/Study/Back-end/Django/My_projects/film_review_website/frontend/src/components/shared/SendButton.jsx": {"path":"C:/Users/yojus/Desktop/Study/Back-end/Django/My_projects/film_review_website/frontend/src/components/shared/SendButton.jsx","statementMap":{"0":{"start":{"line":4,"column":2},"end":{"line":7,"column":null}}},"fnMap":{"0":{"name":"SendButton","decl":{"start":{"line":3,"column":9},"end":{"line":3,"column":20}},"loc":{"start":{"line":3,"column":33},"end":{"line":9,"column":null}}}},"branchMap":{},"s":{"0":5},"f":{"0":5},"b":{}}
,"C:/Users/yojus/Desktop/Study/Back-end/Django/My_projects/film_review_website/frontend/src/components/shared/Sort.jsx": {"path":"C:/Users/yojus/Desktop/Study/Back-end/Django/My_projects/film_review_website/frontend/src/components/shared/Sort.jsx","statementMap":{"0":{"start":{"line":5,"column":59},"end":{"line":5,"column":null}},"1":{"start":{"line":6,"column":54},"end":{"line":6,"column":null}},"2":{"start":{"line":7,"column":56},"end":{"line":7,"column":null}},"3":{"start":{"line":9,"column":27},"end":{"line":40,"column":null}},"4":{"start":{"line":10,"column":18},"end":{"line":10,"column":null}},"5":{"start":{"line":11,"column":4},"end":{"line":11,"column":null}},"6":{"start":{"line":13,"column":4},"end":{"line":39,"column":null}},"7":{"start":{"line":14,"column":6},"end":{"line":14,"column":null}},"8":{"start":{"line":15,"column":4},"end":{"line":39,"column":null}},"9":{"start":{"line":17,"column":6},"end":{"line":17,"column":null}},"10":{"start":{"line":18,"column":4},"end":{"line":39,"column":null}},"11":{"start":{"line":20,"column":6},"end":{"line":20,"column":null}},"12":{"start":{"line":21,"column":4},"end":{"line":39,"column":null}},"13":{"start":{"line":23,"column":6},"end":{"line":23,"column":null}},"14":{"start":{"line":24,"column":4},"end":{"line":39,"column":null}},"15":{"start":{"line":26,"column":6},"end":{"line":26,"column":null}},"16":{"start":{"line":27,"column":4},"end":{"line":39,"column":null}},"17":{"start":{"line":29,"column":6},"end":{"line":29,"column":null}},"18":{"start":{"line":30,"column":4},"end":{"line":39,"column":null}},"19":{"start":{"line":32,"column":6},"end":{"line":32,"column":null}},"20":{"start":{"line":33,"column":4},"end":{"line":39,"column":null}},"21":{"start":{"line":35,"column":6},"end":{"line":35,"column":null}},"22":{"start":{"line":36,"column":4},"end":{"line":39,"column":null}},"23":{"start":{"line":38,"column":6},"end":{"line":38,"column":null}},"24":{"start":{"line":42,"column":28},"end":{"line":52,"column":null}},"25":{"start":{"line":43,"column":18},"end":{"line":43,"column":null}},"26":{"start":{"line":44,"column":4},"end":{"line":44,"column":null}},"27":{"start":{"line":46,"column":4},"end":{"line":51,"column":null}},"28":{"start":{"line":47,"column":6},"end":{"line":47,"column":null}},"29":{"start":{"line":48,"column":4},"end":{"line":51,"column":null}},"30":{"start":{"line":50,"column":6},"end":{"line":50,"column":null}},"31":{"start":{"line":54,"column":2},"end":{"line":76,"column":null}},"32":{"start":{"line":64,"column":12},"end":{"line":66,"column":null}},"33":{"start":{"line":78,"column":1},"end":{"line":5,"column":14}},"34":{"start":{"line":5,"column":13},"end":{"line":null,"column":-1}},"35":{"start":{"line":80,"column":20},"end":{"line":80,"column":null}},"36":{"start":{"line":5,"column":45},"end":{"line":5,"column":null}},"37":{"start":{"line":6,"column":9},"end":{"line":38,"column":19}},"38":{"start":{"line":7,"column":9},"end":{"line":7,"column":52}},"39":{"start":{"line":9,"column":2},"end":{"line":9,"column":38}},"40":{"start":{"line":10,"column":4},"end":{"line":36,"column":null}},"41":{"start":{"line":11,"column":4},"end":{"line":11,"column":31}},"42":{"start":{"line":13,"column":7},"end":{"line":36,"column":null}},"43":{"start":{"line":15,"column":4},"end":{"line":36,"column":null}},"44":{"start":{"line":18,"column":4},"end":{"line":36,"column":null}},"45":{"start":{"line":20,"column":6},"end":{"line":20,"column":30}},"46":{"start":{"line":21,"column":4},"end":{"line":36,"column":null}},"47":{"start":{"line":24,"column":4},"end":{"line":36,"column":null}},"48":{"start":{"line":27,"column":4},"end":{"line":36,"column":null}},"49":{"start":{"line":29,"column":6},"end":{"line":29,"column":34}},"50":{"start":{"line":30,"column":4},"end":{"line":36,"column":null}},"51":{"start":{"line":33,"column":4},"end":{"line":36,"column":null}},"52":{"start":{"line":35,"column":6},"end":{"line":35,"column":29}},"53":{"start":{"line":39,"column":4},"end":{"line":50,"column":20}},"54":{"start":{"line":40,"column":2},"end":{"line":40,"column":null}},"55":{"start":{"line":42,"column":2},"end":{"line":42,"column":38}},"56":{"start":{"line":43,"column":4},"end":{"line":48,"column":null}},"57":{"start":{"line":44,"column":4},"end":{"line":44,"column":27}},"58":{"start":{"line":46,"column":7},"end":{"line":48,"column":null}},"59":{"start":{"line":50,"column":26},"end":{"line":55,"column":5}},"60":{"start":{"line":60,"column":20},"end":{"line":64,"column":13}}},"fnMap":{"0":{"name":"Sort","decl":{"start":{"line":5,"column":9},"end":{"line":5,"column":13}},"loc":{"start":{"line":5,"column":59},"end":{"line":78,"column":1}}},"1":{"name":"(anonymous_1)","decl":{"start":{"line":9,"column":27},"end":{"line":9,"column":28}},"loc":{"start":{"line":9,"column":38},"end":{"line":40,"column":null}}},"2":{"name":"(anonymous_2)","decl":{"start":{"line":42,"column":28},"end":{"line":42,"column":29}},"loc":{"start":{"line":42,"column":38},"end":{"line":52,"column":null}}},"3":{"name":"(anonymous_3)","decl":{"start":{"line":63,"column":23},"end":{"line":63,"column":24}},"loc":{"start":{"line":64,"column":12},"end":{"line":66,"column":null}}},"4":{"name":"Sort","decl":{"start":{"line":2,"column":7},"end":{"line":2,"column":19}},"loc":{"start":{"line":2,"column":19},"end":{"line":55,"column":5}}},"5":{"name":"(anonymous_1)","decl":{"start":{"line":6,"column":9},"end":{"line":6,"column":29}},"loc":{"start":{"line":6,"column":29},"end":{"line":38,"column":19}}},"6":{"name":"(anonymous_2)","decl":{"start":{"line":39,"column":4},"end":{"line":39,"column":null}},"loc":{"start":{"line":39,"column":4},"end":{"line":50,"column":20}}},"7":{"name":"(anonymous_3)","decl":{"start":{"line":60,"column":20},"end":{"line":60,"column":null}},"loc":{"start":{"line":60,"column":20},"end":{"line":64,"column":13}}}},"branchMap":{"0":{"loc":{"start":{"line":5,"column":45},"end":{"line":5,"column":56}},"type":"default-arg","locations":[{"start":{"line":5,"column":53},"end":{"line":5,"column":56}}]},"1":{"loc":{"start":{"line":13,"column":4},"end":{"line":39,"column":null}},"type":"if","locations":[{"start":{"line":13,"column":4},"end":{"line":39,"column":null}},{"start":{"line":15,"column":4},"end":{"line":39,"column":null}}]},"2":{"loc":{"start":{"line":15,"column":4},"end":{"line":39,"column":null}},"type":"if","locations":[{"start":{"line":15,"column":4},"end":{"line":39,"column":null}},{"start":{"line":18,"column":4},"end":{"line":39,"column":null}}]},"3":{"loc":{"start":{"line":16,"column":12},"end":{"line":16,"column":46}},"type":"binary-expr","locations":[{"start":{"line":16,"column":12},"end":{"line":16,"column":30}},{"start":{"line":16,"column":30},"end":{"line":16,"column":46}}]},"4":{"loc":{"start":{"line":18,"column":4},"end":{"line":39,"column":null}},"type":"if","locations":[{"start":{"line":18,"column":4},"end":{"line":39,"column":null}},{"start":{"line":21,"column":4},"end":{"line":39,"column":null}}]},"5":{"loc":{"start":{"line":21,"column":4},"end":{"line":39,"column":null}},"type":"if","locations":[{"start":{"line":21,"column":4},"end":{"line":39,"column":null}},{"start":{"line":24,"column":4},"end":{"line":39,"column":null}}]},"6":{"loc":{"start":{"line":24,"column":4},"end":{"line":39,"column":null}},"type":"if","locations":[{"start":{"line":24,"column":4},"end":{"line":39,"column":null}},{"start":{"line":27,"column":4},"end":{"line":39,"column":null}}]},"7":{"loc":{"start":{"line":27,"column":4},"end":{"line":39,"column":null}},"type":"if","locations":[{"start":{"line":27,"column":4},"end":{"line":39,"column":null}},{"start":{"line":30,"column":4},"end":{"line":39,"column":null}}]},"8":{"loc":{"start":{"line":30,"column":4},"end":{"line":39,"column":null}},"type":"if","locations":[{"start":{"line":30,"column":4},"end":{"line":39,"column":null}},{"start":{"line":33,"column":4},"end":{"line":39,"column":null}}]},"9":{"loc":{"start":{"line":33,"column":4},"end":{"line":39,"column":null}},"type":"if","locations":[{"start":{"line":33,"column":4},"end":{"line":39,"column":null}},{"start":{"line":36,"column":4},"end":{"line":39,"column":null}}]},"10":{"loc":{"start":{"line":36,"column":4},"end":{"line":39,"column":null}},"type":"if","locations":[{"start":{"line":36,"column":4},"end":{"line":39,"column":null}}]},"11":{"loc":{"start":{"line":46,"column":4},"end":{"line":51,"column":null}},"type":"if","locations":[{"start":{"line":46,"column":4},"end":{"line":51,"column":null}},{"start":{"line":48,"column":4},"end":{"line":51,"column":null}}]},"12":{"loc":{"start":{"line":48,"column":4},"end":{"line":51,"column":null}},"type":"if","locations":[{"start":{"line":48,"column":4},"end":{"line":51,"column":null}}]},"13":{"loc":{"start":{"line":64,"column":39},"end":{"line":64,"column":null}},"type":"binary-expr","locations":[{"start":{"line":64,"column":39},"end":{"line":64,"column":55}},{"start":{"line":64,"column":55},"end":{"line":64,"column":null}}]},"14":{"loc":{"start":{"line":65,"column":15},"end":{"line":65,"column":null}},"type":"binary-expr","locations":[{"start":{"line":65,"column":15},"end":{"line":65,"column":31}},{"start":{"line":65,"column":31},"end":{"line":65,"column":null}}]},"15":{"loc":{"start":{"line":2,"column":19},"end":{"line":2,"column":null}},"type":"default-arg","locations":[{"start":{"line":2,"column":19},"end":{"line":2,"column":null}}]},"16":{"loc":{"start":{"line":10,"column":4},"end":{"line":36,"column":null}},"type":"if","locations":[{"start":{"line":10,"column":4},"end":{"line":36,"column":null}},{"start":{"line":13,"column":7},"end":{"line":36,"column":null}}]},"17":{"loc":{"start":{"line":13,"column":7},"end":{"line":36,"column":null}},"type":"if","locations":[{"start":{"line":13,"column":7},"end":{"line":36,"column":null}},{"start":{"line":15,"column":4},"end":{"line":36,"column":null}}]},"18":{"loc":{"start":{"line":13,"column":7},"end":{"line":13,"column":null}},"type":"binary-expr","locations":[{"start":{"line":13,"column":7},"end":{"line":13,"column":null}},{"start":{"line":13,"column":24},"end":{"line":13,"column":null}}]},"19":{"loc":{"start":{"line":15,"column":4},"end":{"line":36,"column":null}},"type":"if","locations":[{"start":{"line":15,"column":4},"end":{"line":36,"column":null}},{"start":{"line":18,"column":4},"end":{"line":36,"column":null}}]},"20":{"loc":{"start":{"line":18,"column":4},"end":{"line":36,"column":null}},"type":"if","locations":[{"start":{"line":18,"column":4},"end":{"line":36,"column":null}},{"start":{"line":21,"column":4},"end":{"line":36,"column":null}}]},"21":{"loc":{"start":{"line":21,"column":4},"end":{"line":36,"column":null}},"type":"if","locations":[{"start":{"line":21,"column":4},"end":{"line":36,"column":null}},{"start":{"line":24,"column":4},"end":{"line":36,"column":null}}]},"22":{"loc":{"start":{"line":24,"column":4},"end":{"line":36,"column":null}},"type":"if","locations":[{"start":{"line":24,"column":4},"end":{"line":36,"column":null}},{"start":{"line":27,"column":4},"end":{"line":36,"column":null}}]},"23":{"loc":{"start":{"line":27,"column":4},"end":{"line":36,"column":null}},"type":"if","locations":[{"start":{"line":27,"column":4},"end":{"line":36,"column":null}},{"start":{"line":30,"column":4},"end":{"line":36,"column":null}}]},"24":{"loc":{"start":{"line":30,"column":4},"end":{"line":36,"column":null}},"type":"if","locations":[{"start":{"line":30,"column":4},"end":{"line":36,"column":null}},{"start":{"line":33,"column":4},"end":{"line":36,"column":null}}]},"25":{"loc":{"start":{"line":33,"column":4},"end":{"line":36,"column":null}},"type":"if","locations":[{"start":{"line":33,"column":4},"end":{"line":36,"column":null}}]},"26":{"loc":{"start":{"line":43,"column":4},"end":{"line":48,"column":null}},"type":"if","locations":[{"start":{"line":43,"column":4},"end":{"line":48,"column":null}},{"start":{"line":46,"column":7},"end":{"line":48,"column":null}}]},"27":{"loc":{"start":{"line":46,"column":7},"end":{"line":48,"column":null}},"type":"if","locations":[{"start":{"line":46,"column":7},"end":{"line":48,"column":null}}]},"28":{"loc":{"start":{"line":60,"column":20},"end":{"line":60,"column":null}},"type":"binary-expr","locations":[{"start":{"line":60,"column":20},"end":{"line":60,"column":null}},{"start":{"line":60,"column":20},"end":{"line":60,"column":null}}]}},"s":{"0":86,"1":86,"2":86,"3":43,"4":60,"5":60,"6":30,"7":39,"8":24,"9":33,"10":21,"11":21,"12":18,"13":27,"14":15,"15":24,"16":12,"17":12,"18":9,"19":18,"20":6,"21":6,"22":3,"23":3,"24":43,"25":8,"26":8,"27":4,"28":10,"29":2,"30":2,"31":43,"32":430,"33":4,"34":4,"35":4,"36":43,"37":43,"38":30,"39":30,"40":73,"41":36,"42":54,"43":45,"44":39,"45":6,"46":33,"47":27,"48":21,"49":6,"50":15,"51":9,"52":6,"53":43,"54":4,"55":4,"56":47,"57":6,"58":6,"59":43,"60":430},"f":{"0":43,"1":73,"2":47,"3":430,"4":43,"5":73,"6":47,"7":430},"b":{"0":[0],"1":[6,24],"2":[3,21],"3":[27,39],"4":[3,18],"5":[3,15],"6":[3,12],"7":[3,9],"8":[3,6],"9":[3,3],"10":[3],"11":[2,2],"12":[2],"13":[387,387],"14":[387,387],"15":[0],"16":[6,24],"17":[9,45],"18":[30,45],"19":[6,39],"20":[6,33],"21":[6,27],"22":[6,21],"23":[6,15],"24":[6,9],"25":[6],"26":[2,2],"27":[4],"28":[774,774]}}
,"C:/Users/yojus/Desktop/Study/Back-end/Django/My_projects/film_review_website/frontend/src/hooks/useAuth2.js": {"path":"C:/Users/yojus/Desktop/Study/Back-end/Django/My_projects/film_review_website/frontend/src/hooks/useAuth2.js","statementMap":{"0":{"start":{"line":7,"column":4},"end":{"line":7,"column":46}},"1":{"start":{"line":11,"column":4},"end":{"line":11,"column":59}},"2":{"start":{"line":15,"column":4},"end":{"line":15,"column":32}},"3":{"start":{"line":19,"column":4},"end":{"line":24,"column":5}},"4":{"start":{"line":20,"column":19},"end":{"line":20,"column":45}},"5":{"start":{"line":21,"column":6},"end":{"line":21,"column":18}},"6":{"start":{"line":23,"column":6},"end":{"line":23,"column":18}},"7":{"start":{"line":27,"column":2},"end":{"line":27,"column":53}}},"fnMap":{"0":{"name":"useAuth2","decl":{"start":{"line":3,"column":16},"end":{"line":3,"column":24}},"loc":{"start":{"line":3,"column":27},"end":{"line":28,"column":1}}},"1":{"name":"login","decl":{"start":{"line":5,"column":17},"end":{"line":5,"column":22}},"loc":{"start":{"line":5,"column":40},"end":{"line":8,"column":3}}},"2":{"name":"register","decl":{"start":{"line":10,"column":17},"end":{"line":10,"column":25}},"loc":{"start":{"line":10,"column":53},"end":{"line":12,"column":3}}},"3":{"name":"logout","decl":{"start":{"line":14,"column":17},"end":{"line":14,"column":23}},"loc":{"start":{"line":14,"column":26},"end":{"line":16,"column":3}}},"4":{"name":"getCurrentUser","decl":{"start":{"line":18,"column":17},"end":{"line":18,"column":31}},"loc":{"start":{"line":18,"column":34},"end":{"line":25,"column":3}}}},"branchMap":{},"s":{"0":0,"1":0,"2":0,"3":0,"4":0,"5":0,"6":0,"7":53},"f":{"0":53,"1":0,"2":0,"3":0,"4":0},"b":{}}
,"C:/Users/yojus/Desktop/Study/Back-end/Django/My_projects/film_review_website/frontend/src/hooks/useCreateDiscussion.js": {"path":"C:/Users/yojus/Desktop/Study/Back-end/Django/My_projects/film_review_website/frontend/src/hooks/useCreateDiscussion.js","statementMap":{"0":{"start":{"line":5,"column":32},"end":{"line":5,"column":47}},"1":{"start":{"line":6,"column":28},"end":{"line":6,"column":42}},"2":{"start":{"line":9,"column":4},"end":{"line":9,"column":21}},"3":{"start":{"line":10,"column":4},"end":{"line":10,"column":19}},"4":{"start":{"line":12,"column":4},"end":{"line":23,"column":5}},"5":{"start":{"line":13,"column":21},"end":{"line":17,"column":7}},"6":{"start":{"line":18,"column":6},"end":{"line":18,"column":20}},"7":{"start":{"line":20,"column":6},"end":{"line":20,"column":61}},"8":{"start":{"line":22,"column":6},"end":{"line":22,"column":24}},"9":{"start":{"line":26,"column":2},"end":{"line":26,"column":46}}},"fnMap":{"0":{"name":"useCreateDiscussion","decl":{"start":{"line":4,"column":16},"end":{"line":4,"column":35}},"loc":{"start":{"line":4,"column":38},"end":{"line":27,"column":null}}},"1":{"name":"createDiscussion","decl":{"start":{"line":8,"column":17},"end":{"line":8,"column":33}},"loc":{"start":{"line":8,"column":57},"end":{"line":24,"column":3}}}},"branchMap":{"0":{"loc":{"start":{"line":20,"column":15},"end":{"line":20,"column":59}},"type":"binary-expr","locations":[{"start":{"line":20,"column":15},"end":{"line":20,"column":26}},{"start":{"line":20,"column":30},"end":{"line":20,"column":59}}]}},"s":{"0":30,"1":30,"2":0,"3":0,"4":0,"5":0,"6":0,"7":0,"8":0,"9":30},"f":{"0":30,"1":0},"b":{"0":[0,0]}}
,"C:/Users/yojus/Desktop/Study/Back-end/Django/My_projects/film_review_website/frontend/src/hooks/useFetchFilm.js": {"path":"C:/Users/yojus/Desktop/Study/Back-end/Django/My_projects/film_review_website/frontend/src/hooks/useFetchFilm.js","statementMap":{"0":{"start":{"line":4,"column":28},"end":{"line":17,"column":1}},"1":{"start":{"line":5,"column":26},"end":{"line":5,"column":38}},"2":{"start":{"line":6,"column":32},"end":{"line":6,"column":46}},"3":{"start":{"line":7,"column":28},"end":{"line":7,"column":42}},"4":{"start":{"line":9,"column":2},"end":{"line":14,"column":11}},"5":{"start":{"line":10,"column":4},"end":{"line":13,"column":40}},"6":{"start":{"line":13,"column":21},"end":{"line":13,"column":38}},"7":{"start":{"line":16,"column":2},"end":{"line":16,"column":34}}},"fnMap":{"0":{"name":"(anonymous_0)","decl":{"start":{"line":4,"column":28},"end":{"line":4,"column":29}},"loc":{"start":{"line":4,"column":36},"end":{"line":17,"column":1}}},"1":{"name":"(anonymous_1)","decl":{"start":{"line":9,"column":12},"end":{"line":9,"column":13}},"loc":{"start":{"line":9,"column":18},"end":{"line":14,"column":3}}},"2":{"name":"(anonymous_2)","decl":{"start":{"line":13,"column":15},"end":{"line":13,"column":16}},"loc":{"start":{"line":13,"column":21},"end":{"line":13,"column":38}}}},"branchMap":{},"s":{"0":5,"1":0,"2":0,"3":0,"4":0,"5":0,"6":0,"7":0},"f":{"0":0,"1":0,"2":0},"b":{}}
,"C:/Users/yojus/Desktop/Study/Back-end/Django/My_projects/film_review_website/frontend/src/hooks/useFilmRating.js": {"path":"C:/Users/yojus/Desktop/Study/Back-end/Django/My_projects/film_review_website/frontend/src/hooks/useFilmRating.js","statementMap":{"0":{"start":{"line":5,"column":30},"end":{"line":5,"column":41}},"1":{"start":{"line":6,"column":32},"end":{"line":6,"column":46}},"2":{"start":{"line":7,"column":28},"end":{"line":7,"column":42}},"3":{"start":{"line":9,"column":2},"end":{"line":16,"column":15}},"4":{"start":{"line":10,"column":4},"end":{"line":10,"column":24}},"5":{"start":{"line":10,"column":17},"end":{"line":10,"column":24}},"6":{"start":{"line":12,"column":4},"end":{"line":15,"column":40}},"7":{"start":{"line":13,"column":21},"end":{"line":13,"column":35}},"8":{"start":{"line":14,"column":22},"end":{"line":14,"column":75}},"9":{"start":{"line":15,"column":21},"end":{"line":15,"column":38}},"10":{"start":{"line":18,"column":2},"end":{"line":18,"column":36}}},"fnMap":{"0":{"name":"useFilmRating","decl":{"start":{"line":4,"column":16},"end":{"line":4,"column":29}},"loc":{"start":{"line":4,"column":38},"end":{"line":19,"column":null}}},"1":{"name":"(anonymous_1)","decl":{"start":{"line":9,"column":12},"end":{"line":9,"column":13}},"loc":{"start":{"line":9,"column":18},"end":{"line":16,"column":3}}},"2":{"name":"(anonymous_2)","decl":{"start":{"line":13,"column":12},"end":{"line":13,"column":13}},"loc":{"start":{"line":13,"column":21},"end":{"line":13,"column":35}}},"3":{"name":"(anonymous_3)","decl":{"start":{"line":14,"column":13},"end":{"line":14,"column":14}},"loc":{"start":{"line":14,"column":22},"end":{"line":14,"column":75}}},"4":{"name":"(anonymous_4)","decl":{"start":{"line":15,"column":15},"end":{"line":15,"column":16}},"loc":{"start":{"line":15,"column":21},"end":{"line":15,"column":38}}}},"branchMap":{"0":{"loc":{"start":{"line":10,"column":4},"end":{"line":10,"column":24}},"type":"if","locations":[{"start":{"line":10,"column":4},"end":{"line":10,"column":24}}]},"1":{"loc":{"start":{"line":14,"column":31},"end":{"line":14,"column":74}},"type":"binary-expr","locations":[{"start":{"line":14,"column":31},"end":{"line":14,"column":42}},{"start":{"line":14,"column":46},"end":{"line":14,"column":74}}]}},"s":{"0":5,"1":5,"2":5,"3":5,"4":5,"5":0,"6":5,"7":0,"8":0,"9":0,"10":5},"f":{"0":5,"1":5,"2":0,"3":0,"4":0},"b":{"0":[0],"1":[0,0]}}
[...]
"column":20},"end":{"line":34,"column":3}}},"2":{"name":"(anonymous_2)","decl":{"start":{"line":36,"column":2},"end":{"line":36,"column":7}},"loc":{"start":{"line":36,"column":48},"end":{"line":47,"column":3}}},"3":{"name":"(anonymous_3)","decl":{"start":{"line":49,"column":2},"end":{"line":49,"column":7}},"loc":{"start":{"line":49,"column":39},"end":{"line":53,"column":3}}}},"branchMap":{"0":{"loc":{"start":{"line":5,"column":4},"end":{"line":5,"column":25}},"type":"default-arg","locations":[{"start":{"line":5,"column":13},"end":{"line":5,"column":25}}]},"1":{"loc":{"start":{"line":6,"column":4},"end":{"line":6,"column":19}},"type":"default-arg","locations":[{"start":{"line":6,"column":14},"end":{"line":6,"column":19}}]},"2":{"loc":{"start":{"line":7,"column":4},"end":{"line":7,"column":15}},"type":"default-arg","locations":[{"start":{"line":7,"column":13},"end":{"line":7,"column":15}}]},"3":{"loc":{"start":{"line":8,"column":4},"end":{"line":8,"column":12}},"type":"default-arg","locations":[{"start":{"line":8,"column":11},"end":{"line":8,"column":12}}]},"4":{"loc":{"start":{"line":9,"column":4},"end":{"line":9,"column":16}},"type":"default-arg","locations":[{"start":{"line":9,"column":15},"end":{"line":9,"column":16}}]},"5":{"loc":{"start":{"line":10,"column":4},"end":{"line":10,"column":15}},"type":"default-arg","locations":[{"start":{"line":10,"column":13},"end":{"line":10,"column":15}}]},"6":{"loc":{"start":{"line":12,"column":29},"end":{"line":12,"column":71}},"type":"cond-expr","locations":[{"start":{"line":12,"column":50},"end":{"line":12,"column":62}},{"start":{"line":12,"column":65},"end":{"line":12,"column":71}}]},"7":{"loc":{"start":{"line":14,"column":4},"end":{"line":16,"column":5}},"type":"if","locations":[{"start":{"line":14,"column":4},"end":{"line":16,"column":5}}]},"8":{"loc":{"start":{"line":18,"column":4},"end":{"line":20,"column":5}},"type":"if","locations":[{"start":{"line":18,"column":4},"end":{"line":20,"column":5}}]},"9":{"loc":{"start":{"line":26,"column":4},"end":{"line":26,"column":66}},"type":"if","locations":[{"start":{"line":26,"column":4},"end":{"line":26,"column":66}}]},"10":{"loc":{"start":{"line":32,"column":4},"end":{"line":32,"column":64}},"type":"if","locations":[{"start":{"line":32,"column":4},"end":{"line":32,"column":64}}]},"11":{"loc":{"start":{"line":45,"column":4},"end":{"line":45,"column":67}},"type":"if","locations":[{"start":{"line":45,"column":4},"end":{"line":45,"column":67}}]},"12":{"loc":{"start":{"line":51,"column":4},"end":{"line":51,"column":66}},"type":"if","locations":[{"start":{"line":51,"column":4},"end":{"line":51,"column":66}}]}},"s":{"0":2,"1":2,"2":0,"3":0,"4":0,"5":0,"6":0,"7":0,"8":0,"9":0,"10":0,"11":0,"12":0,"13":0,"14":0,"15":0,"16":0,"17":0,"18":0,"19":0,"20":0,"21":0,"22":0,"23":0,"24":0,"25":0},"f":{"0":0,"1":0,"2":0,"3":0},"b":{"0":[0],"1":[0],"2":[0],"3":[0],"4":[0],"5":[0],"6":[0,0],"7":[0],"8":[0],"9":[0],"10":[0],"11":[0],"12":[0]}}
,"C:/Users/yojus/Desktop/Study/Back-end/Django/My_projects/film_review_website/frontend/src/services/filmsService.js": {"path":"C:/Users/yojus/Desktop/Study/Back-end/Django/My_projects/film_review_website/frontend/src/services/filmsService.js","statementMap":{"0":{"start":{"line":1,"column":16},"end":{"line":1,"column":55}},"1":{"start":{"line":3,"column":28},"end":{"line":30,"column":1}},"2":{"start":{"line":5,"column":16},"end":{"line":5,"column":81}},"3":{"start":{"line":7,"column":4},"end":{"line":9,"column":5}},"4":{"start":{"line":8,"column":6},"end":{"line":8,"column":55}},"5":{"start":{"line":10,"column":4},"end":{"line":12,"column":5}},"6":{"start":{"line":11,"column":6},"end":{"line":11,"column":40}},"7":{"start":{"line":14,"column":16},"end":{"line":14,"column":49}},"8":{"start":{"line":15,"column":4},"end":{"line":15,"column":60}},"9":{"start":{"line":15,"column":17},"end":{"line":15,"column":60}},"10":{"start":{"line":16,"column":4},"end":{"line":16,"column":22}},"11":{"start":{"line":20,"column":16},"end":{"line":20,"column":47}},"12":{"start":{"line":21,"column":4},"end":{"line":21,"column":58}},"13":{"start":{"line":21,"column":17},"end":{"line":21,"column":58}},"14":{"start":{"line":22,"column":4},"end":{"line":22,"column":22}},"15":{"start":{"line":26,"column":4},"end":{"line":26,"column":31}},"16":{"start":{"line":26,"column":21},"end":{"line":26,"column":31}},"17":{"start":{"line":27,"column":21},"end":{"line":27,"column":52}},"18":{"start":{"line":27,"column":35},"end":{"line":27,"column":51}},"19":{"start":{"line":28,"column":4},"end":{"line":28,"column":33}}},"fnMap":{"0":{"name":"(anonymous_0)","decl":{"start":{"line":4,"column":2},"end":{"line":4,"column":7}},"loc":{"start":{"line":4,"column":87},"end":{"line":17,"column":3}}},"1":{"name":"(anonymous_1)","decl":{"start":{"line":19,"column":2},"end":{"line":19,"column":7}},"loc":{"start":{"line":19,"column":20},"end":{"line":23,"column":3}}},"2":{"name":"(anonymous_2)","decl":{"start":{"line":25,"column":2},"end":{"line":25,"column":7}},"loc":{"start":{"line":25,"column":27},"end":{"line":29,"column":3}}},"3":{"name":"(anonymous_3)","decl":{"start":{"line":27,"column":29},"end":{"line":27,"column":31}},"loc":{"start":{"line":27,"column":35},"end":{"line":27,"column":51}}}},"branchMap":{"0":{"loc":{"start":{"line":4,"column":15},"end":{"line":4,"column":31}},"type":"default-arg","locations":[{"start":{"line":4,"column":24},"end":{"line":4,"column":31}}]},"1":{"loc":{"start":{"line":4,"column":33},"end":{"line":4,"column":48}},"type":"default-arg","locations":[{"start":{"line":4,"column":43},"end":{"line":4,"column":48}}]},"2":{"loc":{"start":{"line":4,"column":50},"end":{"line":4,"column":61}},"type":"default-arg","locations":[{"start":{"line":4,"column":59},"end":{"line":4,"column":61}}]},"3":{"loc":{"start":{"line":4,"column":63},"end":{"line":4,"column":71}},"type":"default-arg","locations":[{"start":{"line":4,"column":70},"end":{"line":4,"column":71}}]},"4":{"loc":{"start":{"line":4,"column":73},"end":{"line":4,"column":85}},"type":"default-arg","locations":[{"start":{"line":4,"column":84},"end":{"line":4,"column":85}}]},"5":{"loc":{"start":{"line":5,"column":42},"end":{"line":5,"column":70}},"type":"cond-expr","locations":[{"start":{"line":5,"column":62},"end":{"line":5,"column":64}},{"start":{"line":5,"column":67},"end":{"line":5,"column":70}}]},"6":{"loc":{"start":{"line":7,"column":4},"end":{"line":9,"column":5}},"type":"if","locations":[{"start":{"line":7,"column":4},"end":{"line":9,"column":5}}]},"7":{"loc":{"start":{"line":10,"column":4},"end":{"line":12,"column":5}},"type":"if","locations":[{"start":{"line":10,"column":4},"end":{"line":12,"column":5}}]},"8":{"loc":{"start":{"line":15,"column":4},"end":{"line":15,"column":60}},"type":"if","locations":[{"start":{"line":15,"column":4},"end":{"line":15,"column":60}}]},"9":{"loc":{"start":{"line":21,"column":4},"end":{"line":21,"column":58}},"type":"if","locations":[{"start":{"line":21,"column":4},"end":{"line":21,"column":58}}]},"10":{"loc":{"start":{"line":25,"column":17},"end":{"line":25,"column":25}},"type":"default-arg","locations":[{"start":{"line":25,"column":23},"end":{"line":25,"column":25}}]},"11":{"loc":{"start":{"line":26,"column":4},"end":{"line":26,"column":31}},"type":"if","locations":[{"start":{"line":26,"column":4},"end":{"line":26,"column":31}}]}},"s":{"0":5,"1":5,"2":0,"3":0,"4":0,"5":0,"6":0,"7":0,"8":0,"9":0,"10":0,"11":0,"12":0,"13":0,"14":0,"15":0,"16":0,"17":0,"18":0,"19":0},"f":{"0":0,"1":0,"2":0,"3":0},"b":{"0":[0],"1":[0],"2":[0],"3":[0],"4":[0],"5":[0,0],"6":[0],"7":[0],"8":[0],"9":[0],"10":[0],"11":[0]}}
,"C:/Users/yojus/Desktop/Study/Back-end/Django/My_projects/film_review_website/frontend/src/services/messagesService.js": {"path":"C:/Users/yojus/Desktop/Study/Back-end/Django/My_projects/film_review_website/frontend/src/services/messagesService.js","statementMap":{"0":{"start":{"line":1,"column":16},"end":{"line":1,"column":70}},"1":{"start":{"line":3,"column":31},"end":{"line":46,"column":1}},"2":{"start":{"line":5,"column":16},"end":{"line":5,"column":89}},"3":{"start":{"line":6,"column":4},"end":{"line":6,"column":63}},"4":{"start":{"line":6,"column":17},"end":{"line":6,"column":63}},"5":{"start":{"line":7,"column":4},"end":{"line":7,"column":22}},"6":{"start":{"line":11,"column":16},"end":{"line":11,"column":47}},"7":{"start":{"line":12,"column":4},"end":{"line":12,"column":61}},"8":{"start":{"line":12,"column":17},"end":{"line":12,"column":61}},"9":{"start":{"line":13,"column":4},"end":{"line":13,"column":22}},"10":{"start":{"line":18,"column":17},"end":{"line":22,"column":5}},"11":{"start":{"line":24,"column":16},"end":{"line":30,"column":6}},"12":{"start":{"line":32,"column":4},"end":{"line":32,"column":63}},"13":{"start":{"line":32,"column":17},"end":{"line":32,"column":63}},"14":{"start":{"line":33,"column":4},"end":{"line":33,"column":22}},"15":{"start":{"line":37,"column":21},"end":{"line":37,"column":52}},"16":{"start":{"line":38,"column":4},"end":{"line":38,"column":27}},"17":{"start":{"line":42,"column":21},"end":{"line":42,"column":52}},"18":{"start":{"line":43,"column":24},"end":{"line":43,"column":64}},"19":{"start":{"line":43,"column":52},"end":{"line":43,"column":62}},"20":{"start":{"line":44,"column":4},"end":{"line":44,"column":28}}},"fnMap":{"0":{"name":"(anonymous_0)","decl":{"start":{"line":4,"column":2},"end":{"line":4,"column":7}},"loc":{"start":{"line":4,"column":29},"end":{"line":8,"column":3}}},"1":{"name":"(anonymous_1)","decl":{"start":{"line":10,"column":2},"end":{"line":10,"column":7}},"loc":{"start":{"line":10,"column":20},"end":{"line":14,"column":3}}},"2":{"name":"(anonymous_2)","decl":{"start":{"line":16,"column":2},"end":{"line":16,"column":7}},"loc":{"start":{"line":16,"column":49},"end":{"line":34,"column":3}}},"3":{"name":"(anonymous_3)","decl":{"start":{"line":36,"column":2},"end":{"line":36,"column":7}},"loc":{"start":{"line":36,"column":38},"end":{"line":39,"column":3}}},"4":{"name":"(anonymous_4)","decl":{"start":{"line":41,"column":2},"end":{"line":41,"column":7}},"loc":{"start":{"line":41,"column":42},"end":{"line":45,"column":3}}},"5":{"name":"(anonymous_5)","decl":{"start":{"line":43,"column":45},"end":{"line":43,"column":48}},"loc":{"start":{"line":43,"column":52},"end":{"line":43,"column":62}}}},"branchMap":{"0":{"loc":{"start":{"line":6,"column":4},"end":{"line":6,"column":63}},"type":"if","locations":[{"start":{"line":6,"column":4},"end":{"line":6,"column":63}}]},"1":{"loc":{"start":{"line":12,"column":4},"end":{"line":12,"column":61}},"type":"if","locations":[{"start":{"line":12,"column":4},"end":{"line":12,"column":61}}]},"2":{"loc":{"start":{"line":32,"column":4},"end":{"line":32,"column":63}},"type":"if","locations":[{"start":{"line":32,"column":4},"end":{"line":32,"column":63}}]}},"s":{"0":3,"1":3,"2":0,"3":0,"4":0,"5":0,"6":0,"7":0,"8":0,"9":0,"10":0,"11":0,"12":0,"13":0,"14":0,"15":0,"16":0,"17":0,"18":0,"19":0,"20":0},"f":{"0":0,"1":0,"2":0,"3":0,"4":0,"5":0},"b":{"0":[0],"1":[0],"2":[0]}}
,"C:/Users/yojus/Desktop/Study/Back-end/Django/My_projects/film_review_website/frontend/src/services/reviewsService.js": {"path":"C:/Users/yojus/Desktop/Study/Back-end/Django/My_projects/film_review_website/frontend/src/services/reviewsService.js","statementMap":{"0":{"start":{"line":1,"column":16},"end":{"line":1,"column":57}},"1":{"start":{"line":3,"column":30},"end":{"line":56,"column":1}},"2":{"start":{"line":5,"column":16},"end":{"line":5,"column":108}},"3":{"start":{"line":7,"column":4},"end":{"line":7,"column":63}},"4":{"start":{"line":7,"column":16},"end":{"line":7,"column":63}},"5":{"start":{"line":8,"column":4},"end":{"line":8,"column":45}},"6":{"start":{"line":8,"column":16},"end":{"line":8,"column":45}},"7":{"start":{"line":9,"column":4},"end":{"line":9,"column":45}},"8":{"start":{"line":9,"column":16},"end":{"line":9,"column":45}},"9":{"start":{"line":11,"column":16},"end":{"line":11,"column":92}},"10":{"start":{"line":12,"column":4},"end":{"line":12,"column":62}},"11":{"start":{"line":12,"column":17},"end":{"line":12,"column":62}},"12":{"start":{"line":13,"column":4},"end":{"line":13,"column":22}},"13":{"start":{"line":17,"column":16},"end":{"line":20,"column":6}},"14":{"start":{"line":21,"column":4},"end":{"line":21,"column":60}},"15":{"start":{"line":21,"column":17},"end":{"line":21,"column":60}},"16":{"start":{"line":22,"column":4},"end":{"line":22,"column":22}},"17":{"start":{"line":26,"column":17},"end":{"line":26,"column":84}},"18":{"start":{"line":27,"column":16},"end":{"line":31,"column":6}},"19":{"start":{"line":32,"column":4},"end":{"line":35,"column":5}},"20":{"start":{"line":33,"column":18},"end":{"line":33,"column":34}},"21":{"start":{"line":34,"column":6},"end":{"line":34,"column":65}},"22":{"start":{"line":36,"column":4},"end":{"line":36,"column":22}},"23":{"start":{"line":40,"column":16},"end":{"line":43,"column":6}},"24":{"start":{"line":45,"column":4},"end":{"line":45,"column":62}},"25":{"start":{"line":45,"column":17},"end":{"line":45,"column":62}},"26":{"start":{"line":46,"column":4},"end":{"line":46,"column":22}},"27":{"start":{"line":50,"column":17},"end":{"line":50,"column":54}},"28":{"start":{"line":51,"column":20},"end":{"line":51,"column":38}},"29":{"start":{"line":52,"column":4},"end":{"line":52,"column":34}},"30":{"start":{"line":52,"column":25},"end":{"line":52,"column":34}},"31":{"start":{"line":53,"column":16},"end":{"line":53,"column":61}},"32":{"start":{"line":53,"column":43},"end":{"line":53,"column":57}},"33":{"start":{"line":54,"column":4},"end":{"line":54,"column":32}}},"fnMap":{"0":{"name":"(anonymous_0)","decl":{"start":{"line":4,"column":2},"end":{"line":4,"column":7}},"loc":{"start":{"line":4,"column":113},"end":{"line":14,"column":3}}},"1":{"name":"(anonymous_1)","decl":{"start":{"line":16,"column":2},"end":{"line":16,"column":7}},"loc":{"start":{"line":16,"column":20},"end":{"line":23,"column":3}}},"2":{"name":"(anonymous_2)","decl":{"start":{"line":25,"column":2},"end":{"line":25,"column":7}},"loc":{"start":{"line":25,"column":50},"end":{"line":37,"column":3}}},"3":{"name":"(anonymous_3)","decl":{"start":{"line":39,"column":2},"end":{"line":39,"column":7}},"loc":{"start":{"line":39,"column":35},"end":{"line":47,"column":3}}},"4":{"name":"(anonymous_4)","decl":{"start":{"line":49,"column":2},"end":{"line":49,"column":7}},"loc":{"start":{"line":49,"column":32},"end":{"line":55,"column":3}}},"5":{"name":"(anonymous_5)","decl":{"start":{"line":53,"column":31},"end":{"line":53,"column":32}},"loc":{"start":{"line":53,"column":43},"end":{"line":53,"column":57}}}},"branchMap":{"0":{"loc":{"start":{"line":4,"column":15},"end":{"line":4,"column":30}},"type":"default-arg","locations":[{"start":{"line":4,"column":24},"end":{"line":4,"column":30}}]},"1":{"loc":{"start":{"line":4,"column":32},"end":{"line":4,"column":48}},"type":"default-arg","locations":[{"start":{"line":4,"column":42},"end":{"line":4,"column":48}}]},"2":{"loc":{"start":{"line":4,"column":50},"end":{"line":4,"column":61}},"type":"default-arg","locations":[{"start":{"line":4,"column":59},"end":{"line":4,"column":61}}]},"3":{"loc":{"start":{"line":4,"column":63},"end":{"line":4,"column":71}},"type":"default-arg","locations":[{"start":{"line":4,"column":70},"end":{"line":4,"column":71}}]},"4":{"loc":{"start":{"line":4,"column":73},"end":{"line":4,"column":85}},"type":"default-arg","locations":[{"start":{"line":4,"column":84},"end":{"line":4,"column":85}}]},"5":{"loc":{"start":{"line":4,"column":87},"end":{"line":4,"column":98}},"type":"default-arg","locations":[{"start":{"line":4,"column":96},"end":{"line":4,"column":98}}]},"6":{"loc":{"start":{"line":4,"column":100},"end":{"line":4,"column":111}},"type":"default-arg","locations":[{"start":{"line":4,"column":109},"end":{"line":4,"column":111}}]},"7":{"loc":{"start":{"line":5,"column":29},"end":{"line":5,"column":71}},"type":"cond-expr","locations":[{"start":{"line":5,"column":50},"end":{"line":5,"column":62}},{"start":{"line":5,"column":65},"end":{"line":5,"column":71}}]},"8":{"loc":{"start":{"line":7,"column":4},"end":{"line":7,"column":63}},"type":"if","locations":[{"start":{"line":7,"column":4},"end":{"line":7,"column":63}}]},"9":{"loc":{"start":{"line":8,"column":4},"end":{"line":8,"column":45}},"type":"if","locations":[{"start":{"line":8,"column":4},"end":{"line":8,"column":45}}]},"10":{"loc":{"start":{"line":9,"column":4},"end":{"line":9,"column":45}},"type":"if","locations":[{"start":{"line":9,"column":4},"end":{"line":9,"column":45}}]},"11":{"loc":{"start":{"line":12,"column":4},"end":{"line":12,"column":62}},"type":"if","locations":[{"start":{"line":12,"column":4},"end":{"line":12,"column":62}}]},"12":{"loc":{"start":{"line":21,"column":4},"end":{"line":21,"column":60}},"type":"if","locations":[{"start":{"line":21,"column":4},"end":{"line":21,"column":60}}]},"13":{"loc":{"start":{"line":32,"column":4},"end":{"line":35,"column":5}},"type":"if","locations":[{"start":{"line":32,"column":4},"end":{"line":35,"column":5}}]},"14":{"loc":{"start":{"line":34,"column":22},"end":{"line":34,"column":63}},"type":"binary-expr","locations":[{"start":{"line":34,"column":22},"end":{"line":34,"column":32}},{"start":{"line":34,"column":36},"end":{"line":34,"column":63}}]},"15":{"loc":{"start":{"line":45,"column":4},"end":{"line":45,"column":62}},"type":"if","locations":[{"start":{"line":45,"column":4},"end":{"line":45,"column":62}}]},"16":{"loc":{"start":{"line":51,"column":20},"end":{"line":51,"column":38}},"type":"binary-expr","locations":[{"start":{"line":51,"column":20},"end":{"line":51,"column":32}},{"start":{"line":51,"column":36},"end":{"line":51,"column":38}}]},"17":{"loc":{"start":{"line":52,"column":4},"end":{"line":52,"column":34}},"type":"if","locations":[{"start":{"line":52,"column":4},"end":{"line":52,"column":34}}]}},"s":{"0":7,"1":7,"2":0,"3":0,"4":0,"5":0,"6":0,"7":0,"8":0,"9":0,"10":0,"11":0,"12":0,"13":0,"14":0,"15":0,"16":0,"17":0,"18":0,"19":0,"20":0,"21":0,"22":0,"23":5,"24":0,"25":0,"26":0,"27":5,"28":0,"29":0,"30":0,"31":0,"32":0,"33":0},"f":{"0":0,"1":0,"2":0,"3":5,"4":5,"5":0},"b":{"0":[0],"1":[0],"2":[0],"3":[0],"4":[0],"5":[0],"6":[0],"7":[0,0],"8":[0],"9":[0],"10":[0],"11":[0],"12":[0],"13":[0],"14":[0,0],"15":[0],"16":[0,0],"17":[0]}}
,"C:/Users/yojus/Desktop/Study/Back-end/Django/My_projects/film_review_website/frontend/src/services/viewsService.js": {"path":"C:/Users/yojus/Desktop/Study/Back-end/Django/My_projects/film_review_website/frontend/src/services/viewsService.js","statementMap":{"0":{"start":{"line":1,"column":16},"end":{"line":1,"column":60}},"1":{"start":{"line":3,"column":28},"end":{"line":20,"column":1}},"2":{"start":{"line":5,"column":4},"end":{"line":9,"column":7}},"3":{"start":{"line":13,"column":16},"end":{"line":13,"column":61}},"4":{"start":{"line":14,"column":4},"end":{"line":14,"column":58}},"5":{"start":{"line":14,"column":17},"end":{"line":14,"column":58}},"6":{"start":{"line":15,"column":18},"end":{"line":15,"column":34}},"7":{"start":{"line":17,"column":24},"end":{"line":17,"column":55}},"8":{"start":{"line":17,"column":47},"end":{"line":17,"column":53}},"9":{"start":{"line":18,"column":4},"end":{"line":18,"column":28}}},"fnMap":{"0":{"name":"(anonymous_0)","decl":{"start":{"line":4,"column":2},"end":{"line":4,"column":7}},"loc":{"start":{"line":4,"column":37},"end":{"line":10,"column":3}}},"1":{"name":"(anonymous_1)","decl":{"start":{"line":12,"column":2},"end":{"line":12,"column":7}},"loc":{"start":{"line":12,"column":30},"end":{"line":19,"column":3}}},"2":{"name":"(anonymous_2)","decl":{"start":{"line":17,"column":42},"end":{"line":17,"column":43}},"loc":{"start":{"line":17,"column":47},"end":{"line":17,"column":53}}}},"branchMap":{"0":{"loc":{"start":{"line":14,"column":4},"end":{"line":14,"column":58}},"type":"if","locations":[{"start":{"line":14,"column":4},"end":{"line":14,"column":58}}]}},"s":{"0":3,"1":3,"2":0,"3":0,"4":0,"5":0,"6":0,"7":0,"8":0,"9":0},"f":{"0":0,"1":0,"2":0},"b":{"0":[0]}}
}
