{"total": {"lines":{"total":483,"covered":302,"skipped":0,"pct":62.52},"statements":{"total":562,"covered":342,"skipped":0,"pct":60.85},"functions":{"total":155,"covered":92,"skipped":0,"pct":59.35},"branches":{"total":252,"covered":139,"skipped":0,"pct":55.15},"branchesTrue":{"total":0,"covered":0,"skipped":0,"pct":100}}
,"C:/Users/yojus/Desktop/Study/Back-end/Django/My_projects/film_review_website/frontend/src/components/Discussions/Discussion.jsx": {"lines":{"total":2,"covered":2,"skipped":0,"pct":100},"functions":{"total":1,"covered":1,"skipped":0,"pct":100},"statements":{"total":2,"covered":2,"skipped":0,"pct":100},"branches":{"total":4,"covered":4,"skipped":0,"pct":100}}
,"C:/Users/yojus/Desktop/Study/Back-end/Django/My_projects/film_review_website/frontend/src/components/Discussions/FilmDiscussion.jsx": {"lines":{"total":5,"covered":5,"skipped":0,"pct":100},"functions":{"total":1,"covered":1,"skipped":0,"pct":100},"statements":{"total":5,"covered":5,"skipped":0,"pct":100},"branches":{"total":18,"covered":14,"skipped":0,"pct":77.77}}
,"C:/Users/yojus/Desktop/Study/Back-end/Django/My_projects/film_review_website/frontend/src/components/Films/DiscussionForm.jsx": {"lines":{"total":13,"covered":10,"skipped":0,"pct":76.92},"functions":{"total":4,"covered":3,"skipped":0,"pct":75},"statements":{"total":14,"covered":10,"skipped":0,"pct":71.42},"branches":{"total":6,"covered":2,"skipped":0,"pct":33.33}}
,"C:/Users/yojus/Desktop/Study/Back-end/Django/My_projects/film_review_website/frontend/src/components/Films/MovieCard.jsx": {"lines":{"total":6,"covered":6,"skipped":0,"pct":100},"functions":{"total":1,"covered":1,"skipped":0,"pct":100},"statements":{"total":6,"covered":6,"skipped":0,"pct":100},"branches":{"total":2,"covered":1,"skipped":0,"pct":50}}
,"C:/Users/yojus/Desktop/Study/Back-end/Django/My_projects/film_review_website/frontend/src/components/Films/MovieDiscussions.jsx": {"lines":{"total":23,"covered":23,"skipped":0,"pct":100},"functions":{"total":7,"covered":6,"skipped":0,"pct":85.71},"statements":{"total":28,"covered":27,"skipped":0,"pct":96.42},"branches":{"total":4,"covered":3,"skipped":0,"pct":75}}
,"C:/Users/yojus/Desktop/Study/Back-end/Django/My_projects/film_review_website/frontend/src/components/Films/MovieGenres.jsx": {"lines":{"total":20,"covered":20,"skipped":0,"pct":100},"functions":{"total":7,"covered":6,"skipped":0,"pct":85.71},"statements":{"total":24,"covered":22,"skipped":0,"pct":91.66},"branches":{"total":3,"covered":1,"skipped":0,"pct":33.33}}
,"C:/Users/yojus/Desktop/Study/Back-end/Django/My_projects/film_review_website/frontend/src/components/Films/MoviePhotos.jsx": {"lines":{"total":20,"covered":20,"skipped":0,"pct":100},"functions":{"total":7,"covered":6,"skipped":0,"pct":85.71},"statements":{"total":24,"covered":22,"skipped":0,"pct":91.66},"branches":{"total":3,"covered":1,"skipped":0,"pct":33.33}}
,"C:/Users/yojus/Desktop/Study/Back-end/Django/My_projects/film_review_website/frontend/src/components/Films/MovieReviews.jsx": {"lines":{"total":23,"covered":23,"skipped":0,"pct":100},"functions":{"total":7,"covered":6,"skipped":0,"pct":85.71},"statements":{"total":28,"covered":27,"skipped":0,"pct":96.42},"branches":{"total":4,"covered":3,"skipped":0,"pct":75}}
,"C:/Users/yojus/Desktop/Study/Back-end/Django/My_projects/film_review_website/frontend/src/components/Films/ReviewForm.jsx": {"lines":{"total":12,"covered":7,"skipped":0,"pct":58.33},"functions":{"total":4,"covered":2,"skipped":0,"pct":50},"statements":{"total":14,"covered":7,"skipped":0,"pct":50},"branches":{"total":2,"covered":0,"skipped":0,"pct":0}}
,"C:/Users/yojus/Desktop/Study/Back-end/Django/My_projects/film_review_website/frontend/src/components/News/Article.jsx": {"lines":{"total":4,"covered":4,"skipped":0,"pct":100},"functions":{"total":1,"covered":1,"skipped":0,"pct":100},"statements":{"total":4,"covered":4,"skipped":0,"pct":100},"branches":{"total":4,"covered":3,"skipped":0,"pct":75}}
,"C:/Users/yojus/Desktop/Study/Back-end/Django/My_projects/film_review_website/frontend/src/components/Profile/FavouriteGenres.jsx": {"lines":{"total":18,"covered":18,"skipped":0,"pct":100},"functions":{"total":6,"covered":5,"skipped":0,"pct":83.33},"statements":{"total":21,"covered":19,"skipped":0,"pct":90.47},"branches":{"total":1,"covered":0,"skipped":0,"pct":0}}
,"C:/Users/yojus/Desktop/Study/Back-end/Django/My_projects/film_review_website/frontend/src/components/Profile/FavouriteMovies.jsx": {"lines":{"total":23,"covered":23,"skipped":0,"pct":100},"functions":{"total":7,"covered":6,"skipped":0,"pct":85.71},"statements":{"total":28,"covered":27,"skipped":0,"pct":96.42},"branches":{"total":3,"covered":3,"skipped":0,"pct":100}}
,"C:/Users/yojus/Desktop/Study/Back-end/Django/My_projects/film_review_website/frontend/src/components/Profile/Logout.jsx": {"lines":{"total":2,"covered":2,"skipped":0,"pct":100},"functions":{"total":1,"covered":1,"skipped":0,"pct":100},"statements":{"total":2,"covered":2,"skipped":0,"pct":100},"branches":{"total":0,"covered":0,"skipped":0,"pct":100}}
,"C:/Users/yojus/Desktop/Study/Back-end/Django/My_projects/film_review_website/frontend/src/components/Reviews/FilmReview.jsx": {"lines":{"total":3,"covered":3,"skipped":0,"pct":100},"functions":{"total":1,"covered":1,"skipped":0,"pct":100},"statements":{"total":3,"covered":3,"skipped":0,"pct":100},"branches":{"total":6,"covered":3,"skipped":0,"pct":50}}
,"C:/Users/yojus/Desktop/Study/Back-end/Django/My_projects/film_review_website/frontend/src/components/Reviews/Review.jsx": {"lines":{"total":4,"covered":4,"skipped":0,"pct":100},"functions":{"total":1,"covered":1,"skipped":0,"pct":100},"statements":{"total":4,"covered":4,"skipped":0,"pct":100},"branches":{"total":4,"covered":4,"skipped":0,"pct":100}}
,"C:/Users/yojus/Desktop/Study/Back-end/Django/My_projects/film_review_website/frontend/src/components/shared/Button.jsx": {"lines":{"total":1,"covered":1,"skipped":0,"pct":100},"functions":{"total":1,"covered":1,"skipped":0,"pct":100},"statements":{"total":1,"covered":1,"skipped":0,"pct":100},"branches":{"total":0,"covered":0,"skipped":0,"pct":100}}
,"C:/Users/yojus/Desktop/Study/Back-end/Django/My_projects/film_review_website/frontend/src/components/shared/ButtonSmall.jsx": {"lines":{"total":1,"covered":1,"skipped":0,"pct":100},"functions":{"total":1,"covered":1,"skipped":0,"pct":100},"statements":{"total":1,"covered":1,"skipped":0,"pct":100},"branches":{"total":0,"covered":0,"skipped":0,"pct":100}}
,"C:/Users/yojus/Desktop/Study/Back-end/Django/My_projects/film_review_website/frontend/src/components/shared/Comment.jsx": {"lines":{"total":5,"covered":5,"skipped":0,"pct":100},"functions":{"total":1,"covered":1,"skipped":0,"pct":100},"statements":{"total":5,"covered":5,"skipped":0,"pct":100},"branches":{"total":4,"covered":3,"skipped":0,"pct":75}}
,"C:/Users/yojus/Desktop/Study/Back-end/Django/My_projects/film_review_website/frontend/src/components/shared/Genre.jsx": {"lines":{"total":1,"covered":1,"skipped":0,"pct":100},"functions":{"total":1,"covered":1,"skipped":0,"pct":100},"statements":{"total":1,"covered":1,"skipped":0,"pct":100},"branches":{"total":0,"covered":0,"skipped":0,"pct":100}}
,"C:/Users/yojus/Desktop/Study/Back-end/Django/My_projects/film_review_website/frontend/src/components/shared/Input.jsx": {"lines":{"total":2,"covered":2,"skipped":0,"pct":100},"functions":{"total":2,"covered":2,"skipped":0,"pct":100},"statements":{"total":2,"covered":2,"skipped":0,"pct":100},"branches":{"total":1,"covered":1,"skipped":0,"pct":100}}
,"C:/Users/yojus/Desktop/Study/Back-end/Django/My_projects/film_review_website/frontend/src/components/shared/Message.jsx": {"lines":{"total":1,"covered":1,"skipped":0,"pct":100},"functions":{"total":1,"covered":1,"skipped":0,"pct":100},"statements":{"total":1,"covered":1,"skipped":0,"pct":100},"branches":{"total":0,"covered":0,"skipped":0,"pct":100}}
,"C:/Users/yojus/Desktop/Study/Back-end/Django/My_projects/film_review_website/frontend/src/components/shared/Navbar.jsx": {"lines":{"total":8,"covered":8,"skipped":0,"pct":100},"functions":{"total":1,"covered":1,"skipped":0,"pct":100},"statements":{"total":8,"covered":8,"skipped":0,"pct":100},"branches":{"total":10,"covered":7,"skipped":0,"pct":70}}
,"C:/Users/yojus/Desktop/Study/Back-end/Django/My_projects/film_review_website/frontend/src/components/shared/Pagination.jsx": {"lines":{"total":11,"covered":8,"skipped":0,"pct":72.72},"functions":{"total":11,"covered":8,"skipped":0,"pct":72.72},"statements":{"total":11,"covered":8,"skipped":0,"pct":72.72},"branches":{"total":20,"covered":20,"skipped":0,"pct":100}}
,"C:/Users/yojus/Desktop/Study/Back-end/Django/My_projects/film_review_website/frontend/src/components/shared/ProtectedRoute.jsx": {"lines":{"total":17,"covered":17,"skipped":0,"pct":100},"functions":{"total":3,"covered":3,"skipped":0,"pct":100},"statements":{"total":17,"covered":17,"skipped":0,"pct":100},"branches":{"total":5,"covered":4,"skipped":0,"pct":80}}
,"C:/Users/yojus/Desktop/Study/Back-end/Django/My_projects/film_review_website/frontend/src/components/shared/Searchbar.jsx": {"lines":{"total":10,"covered":10,"skipped":0,"pct":100},"functions":{"total":5,"covered":5,"skipped":0,"pct":100},"statements":{"total":10,"covered":10,"skipped":0,"pct":100},"branches":{"total":12,"covered":12,"skipped":0,"pct":100}}
,"C:/Users/yojus/Desktop/Study/Back-end/Django/My_projects/film_review_website/frontend/src/components/shared/SendButton.jsx": {"lines":{"total":1,"covered":1,"skipped":0,"pct":100},"functions":{"total":1,"covered":1,"skipped":0,"pct":100},"statements":{"total":1,"covered":1,"skipped":0,"pct":100},"branches":{"total":0,"covered":0,"skipped":0,"pct":100}}
,"C:/Users/yojus/Desktop/Study/Back-end/Django/My_projects/film_review_website/frontend/src/components/shared/Sort.jsx": {"lines":{"total":38,"covered":38,"skipped":0,"pct":100},"functions":{"total":8,"covered":8,"skipped":0,"pct":100},"statements":{"total":61,"covered":61,"skipped":0,"pct":100},"branches":{"total":52,"covered":50,"skipped":0,"pct":96.15}}
,"C:/Users/yojus/Desktop/Study/Back-end/Django/My_projects/film_review_website/frontend/src/hooks/useAuth2.js": {"lines":{"total":8,"covered":1,"skipped":0,"pct":12.5},"functions":{"total":5,"covered":1,"skipped":0,"pct":20},"statements":{"total":8,"covered":1,"skipped":0,"pct":12.5},"branches":{"total":0,"covered":0,"skipped":0,"pct":100}}
,"C:/Users/yojus/Desktop/Study/Back-end/Django/My_projects/film_review_website/frontend/src/hooks/useCreateDiscussion.js": {"lines":{"total":10,"covered":3,"skipped":0,"pct":30},"functions":{"total":2,"covered":1,"skipped":0,"pct":50},"statements":{"total":10,"covered":3,"skipped":0,"pct":30},"branches":{"total":2,"covered":0,"skipped":0,"pct":0}}
,"C:/Users/yojus/Desktop/Study/Back-end/Django/My_projects/film_review_website/frontend/src/hooks/useFetchFilm.js": {"lines":{"total":8,"covered":1,"skipped":0,"pct":12.5},"functions":{"total":3,"covered":0,"skipped":0,"pct":0},"statements":{"total":8,"covered":1,"skipped":0,"pct":12.5},"branches":{"total":0,"covered":0,"skipped":0,"pct":100}}
,"C:/Users/yojus/Desktop/Study/Back-end/Django/My_projects/film_review_website/frontend/src/hooks/useFilmRating.js": {"lines":{"total":10,"covered":7,"skipped":0,"pct":70},"functions":{"total":5,"covered":2,"skipped":0,"pct":40},"statements":{"total":11,"covered":7,"skipped":0,"pct":63.63},"branches":{"total":3,"covered":0,"skipped":0,"pct":0}}
,"C:/Users/yojus/Desktop/Study/Back-end/Django/My_projects/film_review_website/frontend/src/hooks/useMessagesCount.js": {"lines":{"total":11,"covered":0,"skipped":0,"pct":0},"functions":{"total":5,"covered":0,"skipped":0,"pct":0},"statements":{"total":12,"covered":0,"skipped":0,"pct":0},"branches":{"total":3,"covered":0,"skipped":0,"pct":0}}
,"C:/Users/yojus/Desktop/Study/Back-end/Django/My_projects/film_review_website/frontend/src/hooks/useUniqueUsersCount.js": {"lines":{"total":11,"covered":0,"skipped":0,"pct":0},"functions":{"total":5,"covered":0,"skipped":0,"pct":0},"statements":{"total":12,"covered":0,"skipped":0,"pct":0},"branches":{"total":3,"covered":0,"skipped":0,"pct":0}}
,"C:/Users/yojus/Desktop/Study/Back-end/Django/My_projects/film_review_website/frontend/src/hooks/useUser.js": {"lines":{"total":10,"covered":9,"skipped":0,"pct":90},"functions":{"total":5,"covered":4,"skipped":0,"pct":80},"statements":{"total":11,"covered":9,"skipped":0,"pct":81.81},"branches":{"total":1,"covered":0,"skipped":0,"pct":0}}
,"C:/Users/yojus/Desktop/Study/Back-end/Django/My_projects/film_review_website/frontend/src/hooks/useViewsCount.js": {"lines":{"total":15,"covered":0,"skipped":0,"pct":0},"functions":{"total":3,"covered":0,"skipped":0,"pct":0},"statements":{"total":16,"covered":0,"skipped":0,"pct":0},"branches":{"total":3,"covered":0,"skipped":0,"pct":0}}
,"C:/Users/yojus/Desktop/Study/Back-end/Django/My_projects/film_review_website/frontend/src/hooks/useWriteReview.js": {"lines":{"total":10,"covered":3,"skipped":0,"pct":30},"functions":{"total":2,"covered":1,"skipped":0,"pct":50},"statements":{"total":10,"covered":3,"skipped":0,"pct":30},"branches":{"total":2,"covered":0,"skipped":0,"pct":0}}
,"C:/Users/yojus/Desktop/Study/Back-end/Django/My_projects/film_review_website/frontend/src/services/authService2.js": {"lines":{"total":27,"covered":3,"skipped":0,"pct":11.11},"functions":{"total":5,"covered":1,"skipped":0,"pct":20},"statements":{"total":27,"covered":3,"skipped":0,"pct":11.11},"branches":{"total":15,"covered":0,"skipped":0,"pct":0}}
,"C:/Users/yojus/Desktop/Study/Back-end/Django/My_projects/film_review_website/frontend/src/services/discussionsService.js": {"lines":{"total":22,"covered":2,"skipped":0,"pct":9.09},"functions":{"total":4,"covered":0,"skipped":0,"pct":0},"statements":{"total":26,"covered":2,"skipped":0,"pct":7.69},"branches":{"total":14,"covered":0,"skipped":0,"pct":0}}
,"C:/Users/yojus/Desktop/Study/Back-end/Django/My_projects/film_review_website/frontend/src/services/filmsService.js": {"lines":{"total":16,"covered":2,"skipped":0,"pct":12.5},"functions":{"total":4,"covered":0,"skipped":0,"pct":0},"statements":{"total":20,"covered":2,"skipped":0,"pct":10},"branches":{"total":13,"covered":0,"skipped":0,"pct":0}}
,"C:/Users/yojus/Desktop/Study/Back-end/Django/My_projects/film_review_website/frontend/src/services/messagesService.js": {"lines":{"total":17,"covered":2,"skipped":0,"pct":11.76},"functions":{"total":6,"covered":0,"skipped":0,"pct":0},"statements":{"total":21,"covered":2,"skipped":0,"pct":9.52},"branches":{"total":3,"covered":0,"skipped":0,"pct":0}}
,"C:/Users/yojus/Desktop/Study/Back-end/Django/My_projects/film_review_website/frontend/src/services/reviewsService.js": {"lines":{"total":26,"covered":4,"skipped":0,"pct":15.38},"functions":{"total":6,"covered":2,"skipped":0,"pct":33.33},"statements":{"total":34,"covered":4,"skipped":0,"pct":11.76},"branches":{"total":21,"covered":0,"skipped":0,"pct":0}}
,"C:/Users/yojus/Desktop/Study/Back-end/Django/My_projects/film_review_website/frontend/src/services/viewsService.js": {"lines":{"total":8,"covered":2,"skipped":0,"pct":25},"functions":{"total":3,"covered":0,"skipped":0,"pct":0},"statements":{"total":10,"covered":2,"skipped":0,"pct":20},"branches":{"total":1,"covered":0,"skipped":0,"pct":0}}
}
