TN:
SF:src\components\Discussions\Discussion.jsx
FN:5,Discussion
FNF:1
FNH:1
FNDA:155,Discussion
DA:6,155
DA:8,155
LF:2
LH:2
BRDA:6,0,0,155
BRDA:6,0,1,150
BRDA:16,1,0,155
BRDA:16,1,1,152
BRF:4
BRH:4
end_of_record
TN:
SF:src\components\Discussions\FilmDiscussion.jsx
FN:10,FilmDiscussion
FNF:1
FNH:1
FNDA:5,FilmDiscussion
DA:11,5
DA:12,5
DA:13,5
DA:14,5
DA:16,5
LF:5
LH:5
BRDA:11,0,0,5
BRDA:11,0,1,0
BRDA:12,1,0,5
BRDA:12,1,1,0
BRDA:13,2,0,5
BRDA:13,2,1,0
BRDA:14,3,0,5
BRDA:14,3,1,0
BRDA:21,4,0,5
BRDA:21,4,1,2
BRDA:22,5,0,5
BRDA:22,5,1,2
BRDA:28,6,0,5
BRDA:28,6,1,2
BRDA:34,7,0,2
BRDA:34,7,1,3
BRDA:40,8,0,2
BRDA:40,8,1,3
BRF:18
BRH:14
end_of_record
TN:
SF:src\components\Films\DiscussionForm.jsx
FN:8,DiscussionForm
FN:12,(anonymous_1)
FN:14,load
FN:25,handleCreate
FNF:4
FNH:3
FNDA:30,DiscussionForm
FNDA:30,(anonymous_1)
FNDA:0,load
FNDA:2,handleCreate
DA:9,30
DA:10,30
DA:12,30
DA:13,30
DA:15,0
DA:16,0
DA:18,0
DA:22,30
DA:23,30
DA:26,2
DA:28,2
DA:29,2
DA:32,30
LF:13
LH:10
BRDA:10,0,0,30
BRDA:10,0,1,0
BRDA:13,1,0,0
BRDA:26,2,0,0
BRDA:28,3,0,2
BRDA:28,3,1,0
BRF:6
BRH:2
end_of_record
TN:
SF:src\components\Films\MovieCard.jsx
FN:5,MovieCard
FNF:1
FNH:1
FNDA:5,MovieCard
DA:6,5
DA:7,5
DA:9,5
DA:10,5
DA:11,5
DA:13,5
LF:6
LH:6
BRDA:21,0,0,5
BRDA:21,0,1,0
BRF:2
BRH:1
end_of_record
TN:
SF:src\components\Films\MovieDiscussions.jsx
FN:6,MovieDiscussions
FN:13,(anonymous_1)
FN:20,(anonymous_2)
FN:21,(anonymous_3)
FN:23,(anonymous_4)
FN:32,(anonymous_5)
FN:46,(anonymous_6)
FNF:7
FNH:6
FNDA:50,MovieDiscussions
FNDA:14,(anonymous_1)
FNDA:0,(anonymous_2)
FNDA:14,(anonymous_3)
FNDA:12,(anonymous_4)
FNDA:5,(anonymous_5)
FNDA:150,(anonymous_6)
DA:7,50
DA:8,50
DA:9,50
DA:10,50
DA:11,50
DA:13,50
DA:14,14
DA:15,14
DA:16,14
DA:17,14
DA:20,50
DA:21,50
DA:23,50
DA:24,12
DA:25,7
DA:26,7
DA:27,7
DA:28,7
DA:29,7
DA:32,50
DA:33,5
DA:36,50
DA:47,150
LF:23
LH:23
BRDA:6,0,0,0
BRDA:24,1,0,5
BRDA:28,2,0,7
BRDA:33,3,0,3
BRF:4
BRH:3
end_of_record
TN:
SF:src\components\Films\MovieGenres.jsx
FN:5,MovieGenres
FN:11,(anonymous_1)
FN:17,(anonymous_2)
FN:18,(anonymous_3)
FN:20,(anonymous_4)
FN:28,(anonymous_5)
FN:43,(anonymous_6)
FNF:7
FNH:6
FNDA:24,MovieGenres
FNDA:10,(anonymous_1)
FNDA:0,(anonymous_2)
FNDA:10,(anonymous_3)
FNDA:8,(anonymous_4)
FNDA:5,(anonymous_5)
FNDA:96,(anonymous_6)
DA:6,24
DA:7,24
DA:8,24
DA:9,24
DA:11,24
DA:12,10
DA:13,10
DA:14,10
DA:17,24
DA:18,24
DA:20,24
DA:21,8
DA:22,3
DA:23,3
DA:24,3
DA:25,3
DA:28,24
DA:29,5
DA:32,24
DA:44,96
LF:20
LH:20
BRDA:5,0,0,0
BRDA:21,1,0,5
BRDA:29,2,0,0
BRF:3
BRH:1
end_of_record
TN:
SF:src\components\Films\MoviePhotos.jsx
FN:5,MoviePhotos
FN:11,(anonymous_1)
FN:17,(anonymous_2)
FN:18,(anonymous_3)
FN:20,(anonymous_4)
FN:28,(anonymous_5)
FN:43,(anonymous_6)
FNF:7
FNH:6
FNDA:24,MoviePhotos
FNDA:10,(anonymous_1)
FNDA:0,(anonymous_2)
FNDA:10,(anonymous_3)
FNDA:8,(anonymous_4)
FNDA:5,(anonymous_5)
FNDA:120,(anonymous_6)
DA:6,24
DA:7,24
DA:8,24
DA:9,24
DA:11,24
DA:12,10
DA:13,10
DA:14,10
DA:17,24
DA:18,24
DA:20,24
DA:21,8
DA:22,3
DA:23,3
DA:24,3
DA:25,3
DA:28,24
DA:29,5
DA:32,24
DA:44,120
LF:20
LH:20
BRDA:5,0,0,0
BRDA:21,1,0,5
BRDA:29,2,0,0
BRF:3
BRH:1
end_of_record
TN:
SF:src\components\Films\MovieReviews.jsx
FN:6,MovieReviews
FN:13,(anonymous_1)
FN:20,(anonymous_2)
FN:21,(anonymous_3)
FN:23,(anonymous_4)
FN:32,(anonymous_5)
FN:46,(anonymous_6)
FNF:7
FNH:6
FNDA:50,MovieReviews
FNDA:14,(anonymous_1)
FNDA:0,(anonymous_2)
FNDA:14,(anonymous_3)
FNDA:12,(anonymous_4)
FNDA:5,(anonymous_5)
FNDA:150,(anonymous_6)
DA:7,50
DA:8,50
DA:9,50
DA:10,50
DA:11,50
DA:13,50
DA:14,14
DA:15,14
DA:16,14
DA:17,14
DA:20,50
DA:21,50
DA:23,50
DA:24,12
DA:25,7
DA:26,7
DA:27,7
DA:28,7
DA:29,7
DA:32,50
DA:33,5
DA:36,50
DA:47,150
LF:23
LH:23
BRDA:6,0,0,0
BRDA:24,1,0,5
BRDA:28,2,0,7
BRDA:33,3,0,3
BRF:4
BRH:3
end_of_record
TN:
SF:src\components\Films\ReviewForm.jsx
FN:6,ReviewForm
FN:15,handleSend
FN:31,(anonymous_2)
FN:44,(anonymous_3)
FNF:4
FNH:2
FNDA:45,ReviewForm
FNDA:0,handleSend
FNDA:36,(anonymous_2)
FNDA:0,(anonymous_3)
DA:7,45
DA:8,45
DA:10,45
DA:11,45
DA:13,45
DA:16,0
DA:17,0
DA:19,0
DA:20,0
DA:23,45
DA:31,36
DA:44,0
LF:12
LH:7
BRDA:16,0,0,0
BRDA:17,1,0,0
BRF:2
BRH:0
end_of_record
TN:
SF:src\components\News\Article.jsx
FN:6,Article
FNF:1
FNH:1
FNDA:5,Article
DA:7,5
DA:8,5
DA:10,5
DA:12,5
LF:4
LH:4
BRDA:10,0,0,5
BRDA:10,0,1,0
BRDA:22,1,0,2
BRDA:22,1,1,3
BRF:4
BRH:3
end_of_record
TN:
SF:src\components\Profile\FavouriteGenres.jsx
FN:5,FavouriteGenres
FN:11,(anonymous_1)
FN:17,(anonymous_2)
FN:18,(anonymous_3)
FN:20,(anonymous_4)
FN:37,(anonymous_5)
FNF:6
FNH:5
FNDA:9,FavouriteGenres
FNDA:2,(anonymous_1)
FNDA:0,(anonymous_2)
FNDA:2,(anonymous_3)
FNDA:2,(anonymous_4)
FNDA:36,(anonymous_5)
DA:6,9
DA:7,9
DA:8,9
DA:9,9
DA:11,9
DA:12,2
DA:13,2
DA:14,2
DA:17,9
DA:18,9
DA:20,9
DA:21,2
DA:22,2
DA:23,2
DA:24,2
DA:25,2
DA:28,9
DA:38,36
LF:18
LH:18
BRDA:21,0,0,0
BRF:1
BRH:0
end_of_record
TN:
SF:src\components\Profile\FavouriteMovies.jsx
FN:6,FavouriteMovies
FN:13,(anonymous_1)
FN:20,(anonymous_2)
FN:21,(anonymous_3)
FN:23,(anonymous_4)
FN:32,(anonymous_5)
FN:46,(anonymous_6)
FNF:7
FNH:6
FNDA:27,FavouriteMovies
FNDA:10,(anonymous_1)
FNDA:0,(anonymous_2)
FNDA:10,(anonymous_3)
FNDA:8,(anonymous_4)
FNDA:5,(anonymous_5)
FNDA:81,(anonymous_6)
DA:7,27
DA:8,27
DA:9,27
DA:10,27
DA:11,27
DA:13,27
DA:14,10
DA:15,10
DA:16,10
DA:17,10
DA:20,27
DA:21,27
DA:23,27
DA:24,8
DA:25,3
DA:26,3
DA:27,3
DA:28,3
DA:29,3
DA:32,27
DA:33,5
DA:36,27
DA:47,81
LF:23
LH:23
BRDA:24,0,0,5
BRDA:28,1,0,3
BRDA:33,2,0,3
BRF:3
BRH:3
end_of_record
TN:
SF:src\components\Profile\Logout.jsx
FN:6,Logout
FNF:1
FNH:1
FNDA:9,Logout
DA:7,9
DA:9,9
LF:2
LH:2
BRF:0
BRH:0
end_of_record
TN:
SF:src\components\Reviews\FilmReview.jsx
FN:8,FilmReview
FNF:1
FNH:1
FNDA:2,FilmReview
DA:9,2
DA:13,2
DA:17,2
LF:3
LH:3
BRDA:9,0,0,2
BRDA:9,0,1,0
BRDA:13,1,0,2
BRDA:13,1,1,0
BRDA:22,2,0,2
BRDA:22,2,1,0
BRF:6
BRH:3
end_of_record
TN:
SF:src\components\Reviews\Review.jsx
FN:4,Review
FNF:1
FNH:1
FNDA:154,Review
DA:5,154
DA:6,154
DA:8,154
DA:10,154
LF:4
LH:4
BRDA:8,0,0,154
BRDA:8,0,1,152
BRDA:14,1,0,154
BRDA:14,1,1,150
BRF:4
BRH:4
end_of_record
TN:
SF:src\components\shared\Button.jsx
FN:3,Button
FNF:1
FNH:1
FNDA:173,Button
DA:4,173
LF:1
LH:1
BRF:0
BRH:0
end_of_record
TN:
SF:src\components\shared\ButtonSmall.jsx
FN:3,ButtonSmall
FNF:1
FNH:1
FNDA:5,ButtonSmall
DA:4,5
LF:1
LH:1
BRF:0
BRH:0
end_of_record
TN:
SF:src\components\shared\Comment.jsx
FN:5,Comment
FNF:1
FNH:1
FNDA:5,Comment
DA:6,5
DA:7,5
DA:9,5
DA:10,3
DA:20,2
LF:5
LH:5
BRDA:7,0,0,5
BRDA:7,0,1,0
BRDA:9,1,0,3
BRDA:9,1,1,2
BRF:4
BRH:3
end_of_record
TN:
SF:src\components\shared\Genre.jsx
FN:3,Genre
FNF:1
FNH:1
FNDA:134,Genre
DA:4,134
LF:1
LH:1
BRF:0
BRH:0
end_of_record
TN:
SF:src\components\shared\Input.jsx
FN:3,Input
FN:10,(anonymous_1)
FNF:2
FNH:2
FNDA:35,Input
FNDA:34,(anonymous_1)
DA:4,35
DA:10,34
LF:2
LH:2
BRDA:3,0,0,35
BRF:1
BRH:1
end_of_record
TN:
SF:src\components\shared\Message.jsx
FN:3,Message
FNF:1
FNH:1
FNDA:2,Message
DA:4,2
LF:1
LH:1
BRF:0
BRH:0
end_of_record
TN:
SF:src\components\shared\Navbar.jsx
FN:7,Navbar
FNF:1
FNH:1
FNDA:9,Navbar
DA:8,9
DA:9,9
DA:11,9
DA:12,9
DA:13,9
DA:14,9
DA:15,9
DA:17,9
LF:8
LH:8
BRDA:25,0,0,4
BRDA:25,0,1,5
BRDA:31,1,0,0
BRDA:31,1,1,9
BRDA:37,2,0,0
BRDA:37,2,1,9
BRDA:43,3,0,0
BRDA:43,3,1,9
BRDA:47,4,0,5
BRDA:47,4,1,4
BRF:10
BRH:7
end_of_record
TN:
SF:src\components\shared\Pagination.jsx
FN:3,Pagination
FN:7,(anonymous_1)
FN:13,(anonymous_2)
FN:17,(anonymous_3)
FN:23,(anonymous_4)
FN:26,(anonymous_5)
FN:32,(anonymous_6)
FN:35,(anonymous_7)
FN:41,(anonymous_8)
FN:43,(anonymous_9)
FN:47,(anonymous_10)
FNF:11
FNH:8
FNDA:35,Pagination
FNDA:3,(anonymous_1)
FNDA:4,(anonymous_2)
FNDA:0,(anonymous_3)
FNDA:0,(anonymous_4)
FNDA:5,(anonymous_5)
FNDA:7,(anonymous_6)
FNDA:0,(anonymous_7)
FNDA:5,(anonymous_8)
FNDA:4,(anonymous_9)
FNDA:3,(anonymous_10)
DA:4,35
DA:7,3
DA:13,4
DA:17,0
DA:23,0
DA:26,5
DA:32,7
DA:35,0
DA:41,5
DA:43,4
DA:47,3
LF:11
LH:8
BRDA:16,0,0,35
BRDA:16,0,1,20
BRDA:19,1,0,35
BRDA:19,1,1,6
BRDA:19,1,2,6
BRDA:22,2,0,35
BRDA:22,2,1,6
BRDA:22,2,2,6
BRDA:25,3,0,35
BRDA:25,3,1,25
BRDA:31,4,0,35
BRDA:31,4,1,29
BRDA:34,5,0,35
BRDA:34,5,1,10
BRDA:34,5,2,8
BRDA:37,6,0,35
BRDA:37,6,1,20
BRDA:37,6,2,20
BRDA:40,7,0,35
BRDA:40,7,1,27
BRF:20
BRH:20
end_of_record
TN:
SF:src\components\shared\ProtectedRoute.jsx
FN:6,ProtectedRoute
FN:15,(anonymous_1)
FN:16,check
FNF:3
FNH:3
FNDA:14,ProtectedRoute
FNDA:9,(anonymous_1)
FNDA:9,check
DA:7,14
DA:8,14
DA:10,14
DA:11,14
DA:13,14
DA:15,14
DA:17,9
DA:18,5
DA:19,5
DA:21,5
DA:22,2
DA:26,9
DA:29,14
DA:30,9
DA:33,5
DA:34,3
DA:37,2
LF:17
LH:17
BRDA:8,0,0,14
BRDA:8,0,1,0
BRDA:21,1,0,2
BRDA:29,2,0,9
BRDA:33,3,0,3
BRF:5
BRH:4
end_of_record
TN:
SF:src\components\shared\Searchbar.jsx
FN:4,Searchbar
FN:9,(anonymous_1)
FN:22,(anonymous_2)
FN:30,(anonymous_3)
FN:46,(anonymous_4)
FNF:5
FNH:5
FNDA:71,Searchbar
FNDA:45,(anonymous_1)
FNDA:41,(anonymous_2)
FNDA:6,(anonymous_3)
FNDA:4,(anonymous_4)
DA:5,71
DA:6,71
DA:7,71
DA:9,71
DA:10,45
DA:11,4
DA:15,71
DA:22,41
DA:30,6
DA:46,4
LF:10
LH:10
BRDA:10,0,0,4
BRDA:10,1,0,45
BRDA:10,1,1,4
BRDA:26,2,0,71
BRDA:26,2,1,9
BRDA:34,3,0,9
BRDA:34,3,1,3
BRDA:34,3,2,3
BRDA:42,4,0,71
BRDA:42,4,1,6
BRDA:50,5,0,6
BRDA:50,5,1,2
BRF:12
BRH:12
end_of_record
TN:
SF:src\components\shared\SendButton.jsx
FN:3,SendButton
FNF:1
FNH:1
FNDA:5,SendButton
DA:4,5
LF:1
LH:1
BRF:0
BRH:0
end_of_record
TN:
SF:src\components\shared\Sort.jsx
FN:5,Sort
FN:9,(anonymous_1)
FN:42,(anonymous_2)
FN:63,(anonymous_3)
FN:2,Sort
FN:6,(anonymous_1)
FN:39,(anonymous_2)
FN:60,(anonymous_3)
FNF:8
FNH:8
FNDA:43,Sort
FNDA:73,(anonymous_1)
FNDA:47,(anonymous_2)
FNDA:430,(anonymous_3)
FNDA:43,Sort
FNDA:73,(anonymous_1)
FNDA:47,(anonymous_2)
FNDA:430,(anonymous_3)
DA:5,86
DA:6,86
DA:7,86
DA:9,43
DA:10,73
DA:11,60
DA:13,54
DA:14,39
DA:15,45
DA:17,33
DA:18,39
DA:20,21
DA:21,33
DA:23,27
DA:24,27
DA:26,24
DA:27,21
DA:29,12
DA:30,15
DA:32,18
DA:33,9
DA:35,6
DA:36,3
DA:38,3
DA:39,43
DA:40,4
DA:42,43
DA:43,47
DA:44,8
DA:46,6
DA:47,10
DA:48,2
DA:50,43
DA:54,43
DA:60,430
DA:64,430
DA:78,4
DA:80,4
LF:38
LH:38
BRDA:5,0,0,0
BRDA:13,1,0,6
BRDA:13,1,1,24
BRDA:15,2,0,3
BRDA:15,2,1,21
BRDA:16,3,0,27
BRDA:16,3,1,39
BRDA:18,4,0,3
BRDA:18,4,1,18
BRDA:21,5,0,3
BRDA:21,5,1,15
BRDA:24,6,0,3
BRDA:24,6,1,12
BRDA:27,7,0,3
BRDA:27,7,1,9
BRDA:30,8,0,3
BRDA:30,8,1,6
BRDA:33,9,0,3
BRDA:33,9,1,3
BRDA:36,10,0,3
BRDA:46,11,0,2
BRDA:46,11,1,2
BRDA:48,12,0,2
BRDA:64,13,0,387
BRDA:64,13,1,387
BRDA:65,14,0,387
BRDA:65,14,1,387
BRDA:2,15,0,0
BRDA:10,16,0,6
BRDA:10,16,1,24
BRDA:13,17,0,9
BRDA:13,17,1,45
BRDA:13,18,0,30
BRDA:13,18,1,45
BRDA:15,19,0,6
BRDA:15,19,1,39
BRDA:18,20,0,6
BRDA:18,20,1,33
BRDA:21,21,0,6
BRDA:21,21,1,27
BRDA:24,22,0,6
BRDA:24,22,1,21
BRDA:27,23,0,6
BRDA:27,23,1,15
BRDA:30,24,0,6
BRDA:30,24,1,9
BRDA:33,25,0,6
BRDA:43,26,0,2
BRDA:43,26,1,2
BRDA:46,27,0,4
BRDA:60,28,0,774
BRDA:60,28,1,774
BRF:52
BRH:50
end_of_record
TN:
SF:src\hooks\useAuth2.js
FN:3,useAuth2
FN:5,login
FN:10,register
FN:14,logout
FN:18,getCurrentUser
FNF:5
FNH:1
FNDA:53,useAuth2
FNDA:0,login
FNDA:0,register
FNDA:0,logout
FNDA:0,getCurrentUser
DA:7,0
DA:11,0
DA:15,0
DA:19,0
DA:20,0
DA:21,0
DA:23,0
DA:27,53
LF:8
LH:1
BRF:0
BRH:0
end_of_record
TN:
SF:src\hooks\useCreateDiscussion.js
FN:4,useCreateDiscussion
FN:8,createDiscussion
FNF:2
FNH:1
FNDA:30,useCreateDiscussion
FNDA:0,createDiscussion
DA:5,30
DA:6,30
DA:9,0
DA:10,0
DA:12,0
DA:13,0
DA:18,0
DA:20,0
DA:22,0
DA:26,30
LF:10
LH:3
BRDA:20,0,0,0
BRDA:20,0,1,0
BRF:2
BRH:0
end_of_record
TN:
SF:src\hooks\useFetchFilm.js
FN:4,(anonymous_0)
FN:9,(anonymous_1)
FN:13,(anonymous_2)
FNF:3
FNH:0
FNDA:0,(anonymous_0)
FNDA:0,(anonymous_1)
FNDA:0,(anonymous_2)
DA:4,5
DA:5,0
DA:6,0
DA:7,0
DA:9,0
DA:10,0
DA:13,0
DA:16,0
LF:8
LH:1
BRF:0
BRH:0
end_of_record
TN:
SF:src\hooks\useFilmRating.js
FN:4,useFilmRating
FN:9,(anonymous_1)
FN:13,(anonymous_2)
FN:14,(anonymous_3)
FN:15,(anonymous_4)
FNF:5
FNH:2
FNDA:5,useFilmRating
FNDA:5,(anonymous_1)
FNDA:0,(anonymous_2)
FNDA:0,(anonymous_3)
FNDA:0,(anonymous_4)
DA:5,5
DA:6,5
DA:7,5
DA:9,5
DA:10,5
DA:12,5
DA:13,0
DA:14,0
DA:15,0
DA:18,5
LF:10
LH:7
BRDA:10,0,0,0
BRDA:14,1,0,0
BRDA:14,1,1,0
BRF:3
BRH:0
end_of_record
TN:
SF:src\hooks\useMessagesCount.js
FN:4,useMessagesCount
FN:9,(anonymous_1)
FN:14,(anonymous_2)
FN:15,(anonymous_3)
FN:16,(anonymous_4)
FNF:5
FNH:0
FNDA:0,useMessagesCount
FNDA:0,(anonymous_1)
FNDA:0,(anonymous_2)
FNDA:0,(anonymous_3)
FNDA:0,(anonymous_4)
DA:5,0
DA:6,0
DA:7,0
DA:9,0
DA:10,0
DA:12,0
DA:13,0
DA:14,0
DA:15,0
DA:16,0
DA:19,0
LF:11
LH:0
BRDA:10,0,0,0
BRDA:15,1,0,0
BRDA:15,1,1,0
BRF:3
BRH:0
end_of_record
TN:
SF:src\hooks\useUniqueUsersCount.js
FN:4,useUniqueUsersCount
FN:9,(anonymous_1)
FN:14,(anonymous_2)
FN:15,(anonymous_3)
FN:16,(anonymous_4)
FNF:5
FNH:0
FNDA:0,useUniqueUsersCount
FNDA:0,(anonymous_1)
FNDA:0,(anonymous_2)
FNDA:0,(anonymous_3)
FNDA:0,(anonymous_4)
DA:5,0
DA:6,0
DA:7,0
DA:9,0
DA:10,0
DA:12,0
DA:13,0
DA:14,0
DA:15,0
DA:16,0
DA:19,0
LF:11
LH:0
BRDA:10,0,0,0
BRDA:15,1,0,0
BRDA:15,1,1,0
BRF:3
BRH:0
end_of_record
TN:
SF:src\hooks\useUser.js
FN:4,useUser
FN:9,(anonymous_1)
FN:13,(anonymous_2)
FN:14,(anonymous_3)
FN:15,(anonymous_4)
FNF:5
FNH:4
FNDA:150,useUser
FNDA:60,(anonymous_1)
FNDA:0,(anonymous_2)
FNDA:14,(anonymous_3)
FNDA:14,(anonymous_4)
DA:5,150
DA:6,150
DA:7,150
DA:9,150
DA:10,60
DA:12,60
DA:13,0
DA:14,14
DA:15,14
DA:19,150
LF:10
LH:9
BRDA:10,0,0,0
BRF:1
BRH:0
end_of_record
TN:
SF:src\hooks\useViewsCount.js
FN:4,useViewsCount
FN:9,(anonymous_1)
FN:12,(anonymous_2)
FNF:3
FNH:0
FNDA:0,useViewsCount
FNDA:0,(anonymous_1)
FNDA:0,(anonymous_2)
DA:5,0
DA:6,0
DA:7,0
DA:9,0
DA:10,0
DA:12,0
DA:13,0
DA:14,0
DA:15,0
DA:16,0
DA:17,0
DA:19,0
DA:21,0
DA:25,0
DA:28,0
LF:15
LH:0
BRDA:10,0,0,0
BRDA:19,1,0,0
BRDA:19,1,1,0
BRF:3
BRH:0
end_of_record
TN:
SF:src\hooks\useWriteReview.js
FN:4,useWriteReview
FN:8,writeReview
FNF:2
FNH:1
FNDA:45,useWriteReview
FNDA:0,writeReview
DA:5,45
DA:6,45
DA:9,0
DA:10,0
DA:12,0
DA:13,0
DA:19,0
DA:21,0
DA:23,0
DA:27,45
LF:10
LH:3
BRDA:21,0,0,0
BRDA:21,0,1,0
BRF:2
BRH:0
end_of_record
TN:
SF:src\services\authService2.js
FN:4,(anonymous_0)
FN:20,(anonymous_1)
FN:36,(anonymous_2)
FN:50,(anonymous_3)
FN:64,(anonymous_4)
FNF:5
FNH:1
FNDA:0,(anonymous_0)
FNDA:0,(anonymous_1)
FNDA:0,(anonymous_2)
FNDA:0,(anonymous_3)
FNDA:60,(anonymous_4)
DA:1,27
DA:3,27
DA:5,0
DA:12,0
DA:13,0
DA:14,0
DA:17,0
DA:21,0
DA:28,0
DA:29,0
DA:30,0
DA:33,0
DA:37,0
DA:42,0
DA:43,0
DA:44,0
DA:47,0
DA:51,0
DA:56,0
DA:57,0
DA:58,0
DA:61,0
DA:65,60
DA:70,0
DA:71,0
DA:72,0
DA:75,0
LF:27
LH:3
BRDA:12,0,0,0
BRDA:14,1,0,0
BRDA:14,1,1,0
BRDA:28,2,0,0
BRDA:30,3,0,0
BRDA:30,3,1,0
BRDA:42,4,0,0
BRDA:44,5,0,0
BRDA:44,5,1,0
BRDA:56,6,0,0
BRDA:58,7,0,0
BRDA:58,7,1,0
BRDA:70,8,0,0
BRDA:72,9,0,0
BRDA:72,9,1,0
BRF:15
BRH:0
end_of_record
TN:
SF:src\services\discussionsService.js
FN:4,(anonymous_0)
FN:30,(anonymous_1)
FN:36,(anonymous_2)
FN:49,(anonymous_3)
FNF:4
FNH:0
FNDA:0,(anonymous_0)
FNDA:0,(anonymous_1)
FNDA:0,(anonymous_2)
FNDA:0,(anonymous_3)
DA:1,2
DA:3,2
DA:12,0
DA:14,0
DA:15,0
DA:18,0
DA:19,0
DA:22,0
DA:23,0
DA:25,0
DA:26,0
DA:27,0
DA:31,0
DA:32,0
DA:33,0
DA:37,0
DA:39,0
DA:45,0
DA:46,0
DA:50,0
DA:51,0
DA:52,0
LF:22
LH:2
BRDA:5,0,0,0
BRDA:6,1,0,0
BRDA:7,2,0,0
BRDA:8,3,0,0
BRDA:9,4,0,0
BRDA:10,5,0,0
BRDA:12,6,0,0
BRDA:12,6,1,0
BRDA:14,7,0,0
BRDA:18,8,0,0
BRDA:26,9,0,0
BRDA:32,10,0,0
BRDA:45,11,0,0
BRDA:51,12,0,0
BRF:14
BRH:0
end_of_record
TN:
SF:src\services\filmsService.js
FN:4,(anonymous_0)
FN:19,(anonymous_1)
FN:25,(anonymous_2)
FN:27,(anonymous_3)
FNF:4
FNH:0
FNDA:0,(anonymous_0)
FNDA:0,(anonymous_1)
FNDA:0,(anonymous_2)
FNDA:0,(anonymous_3)
DA:1,5
DA:3,5
DA:5,0
DA:7,0
DA:8,0
DA:10,0
DA:11,0
DA:14,0
DA:15,0
DA:16,0
DA:20,0
DA:21,0
DA:22,0
DA:26,0
DA:27,0
DA:28,0
LF:16
LH:2
BRDA:4,0,0,0
BRDA:4,1,0,0
BRDA:4,2,0,0
BRDA:4,3,0,0
BRDA:4,4,0,0
BRDA:5,5,0,0
BRDA:5,5,1,0
BRDA:7,6,0,0
BRDA:10,7,0,0
BRDA:15,8,0,0
BRDA:21,9,0,0
BRDA:25,10,0,0
BRDA:26,11,0,0
BRF:13
BRH:0
end_of_record
TN:
SF:src\services\messagesService.js
FN:4,(anonymous_0)
FN:10,(anonymous_1)
FN:16,(anonymous_2)
FN:36,(anonymous_3)
FN:41,(anonymous_4)
FN:43,(anonymous_5)
FNF:6
FNH:0
FNDA:0,(anonymous_0)
FNDA:0,(anonymous_1)
FNDA:0,(anonymous_2)
FNDA:0,(anonymous_3)
FNDA:0,(anonymous_4)
FNDA:0,(anonymous_5)
DA:1,3
DA:3,3
DA:5,0
DA:6,0
DA:7,0
DA:11,0
DA:12,0
DA:13,0
DA:18,0
DA:24,0
DA:32,0
DA:33,0
DA:37,0
DA:38,0
DA:42,0
DA:43,0
DA:44,0
LF:17
LH:2
BRDA:6,0,0,0
BRDA:12,1,0,0
BRDA:32,2,0,0
BRF:3
BRH:0
end_of_record
TN:
SF:src\services\reviewsService.js
FN:4,(anonymous_0)
FN:16,(anonymous_1)
FN:25,(anonymous_2)
FN:39,(anonymous_3)
FN:49,(anonymous_4)
FN:53,(anonymous_5)
FNF:6
FNH:2
FNDA:0,(anonymous_0)
FNDA:0,(anonymous_1)
FNDA:0,(anonymous_2)
FNDA:5,(anonymous_3)
FNDA:5,(anonymous_4)
FNDA:0,(anonymous_5)
DA:1,7
DA:3,7
DA:5,0
DA:7,0
DA:8,0
DA:9,0
DA:11,0
DA:12,0
DA:13,0
DA:17,0
DA:21,0
DA:22,0
DA:26,0
DA:27,0
DA:32,0
DA:33,0
DA:34,0
DA:36,0
DA:40,5
DA:45,0
DA:46,0
DA:50,5
DA:51,0
DA:52,0
DA:53,0
DA:54,0
LF:26
LH:4
BRDA:4,0,0,0
BRDA:4,1,0,0
BRDA:4,2,0,0
BRDA:4,3,0,0
BRDA:4,4,0,0
BRDA:4,5,0,0
BRDA:4,6,0,0
BRDA:5,7,0,0
BRDA:5,7,1,0
BRDA:7,8,0,0
BRDA:8,9,0,0
BRDA:9,10,0,0
BRDA:12,11,0,0
BRDA:21,12,0,0
BRDA:32,13,0,0
BRDA:34,14,0,0
BRDA:34,14,1,0
BRDA:45,15,0,0
BRDA:51,16,0,0
BRDA:51,16,1,0
BRDA:52,17,0,0
BRF:21
BRH:0
end_of_record
TN:
SF:src\services\viewsService.js
FN:4,(anonymous_0)
FN:12,(anonymous_1)
FN:17,(anonymous_2)
FNF:3
FNH:0
FNDA:0,(anonymous_0)
FNDA:0,(anonymous_1)
FNDA:0,(anonymous_2)
DA:1,3
DA:3,3
DA:5,0
DA:13,0
DA:14,0
DA:15,0
DA:17,0
DA:18,0
LF:8
LH:2
BRDA:14,0,0,0
BRF:1
BRH:0
end_of_record
