{
  "C:/Users/yojus/Desktop/Study/Back-end/Django/My_projects/film_review_website/frontend/src/components/shared/Sort.jsx": {
    "path": "C:/Users/yojus/Desktop/Study/Back-end/Django/My_projects/film_review_website/frontend/src/components/shared/Sort.jsx",
    "statementMap": {
      "0": {
        "start": {
          "line": 2,
          "column": 9
        },
        "end": {
          "line": 2,
          "column": 23
        }
      },
      "1": {
        "start": {
          "line": 6,
          "column": 2
        },
        "end": {
          "line": 6,
          "column": 7
        }
      },
      "2": {
        "start": {
          "line": 7,
          "column": 54
        },
        "end": {
          "line": 7,
          "column": 70
        }
      },
      "3": {
        "start": {
          "line": 8,
          "column": 56
        },
        "end": {
          "line": 8,
          "column": 78
        }
      },
      "4": {
        "start": {
          "line": 9,
          "column": 27
        },
        "end": {
          "line": 31,
          "column": 3
        }
      },
      "5": {
        "start": {
          "line": 10,
          "column": 18
        },
        "end": {
          "line": 10,
          "column": 36
        }
      },
      "6": {
        "start": {
          "line": 11,
          "column": 4
        },
        "end": {
          "line": 11,
          "column": 33
        }
      },
      "7": {
        "start": {
          "line": 12,
          "column": 4
        },
        "end": {
          "line": 30,
          "column": 5
        }
      },
      "8": {
        "start": {
          "line": 13,
          "column": 6
        },
        "end": {
          "line": 13,
          "column": 29
        }
      },
      "9": {
        "start": {
          "line": 14,
          "column": 11
        },
        "end": {
          "line": 30,
          "column": 5
        }
      },
      "10": {
        "start": {
          "line": 15,
          "column": 6
        },
        "end": {
          "line": 15,
          "column": 28
        }
      },
      "11": {
        "start": {
          "line": 16,
          "column": 11
        },
        "end": {
          "line": 30,
          "column": 5
        }
      },
      "12": {
        "start": {
          "line": 17,
          "column": 6
        },
        "end": {
          "line": 17,
          "column": 32
        }
      },
      "13": {
        "start": {
          "line": 18,
          "column": 11
        },
        "end": {
          "line": 30,
          "column": 5
        }
      },
      "14": {
        "start": {
          "line": 19,
          "column": 6
        },
        "end": {
          "line": 19,
          "column": 29
        }
      },
      "15": {
        "start": {
          "line": 20,
          "column": 11
        },
        "end": {
          "line": 30,
          "column": 5
        }
      },
      "16": {
        "start": {
          "line": 21,
          "column": 6
        },
        "end": {
          "line": 21,
          "column": 33
        }
      },
      "17": {
        "start": {
          "line": 22,
          "column": 11
        },
        "end": {
          "line": 30,
          "column": 5
        }
      },
      "18": {
        "start": {
          "line": 23,
          "column": 6
        },
        "end": {
          "line": 23,
          "column": 36
        }
      },
      "19": {
        "start": {
          "line": 24,
          "column": 11
        },
        "end": {
          "line": 30,
          "column": 5
        }
      },
      "20": {
        "start": {
          "line": 25,
          "column": 6
        },
        "end": {
          "line": 25,
          "column": 28
        }
      },
      "21": {
        "start": {
          "line": 26,
          "column": 11
        },
        "end": {
          "line": 30,
          "column": 5
        }
      },
      "22": {
        "start": {
          "line": 27,
          "column": 6
        },
        "end": {
          "line": 27,
          "column": 31
        }
      },
      "23": {
        "start": {
          "line": 28,
          "column": 11
        },
        "end": {
          "line": 30,
          "column": 5
        }
      },
      "24": {
        "start": {
          "line": 29,
          "column": 6
        },
        "end": {
          "line": 29,
          "column": 28
        }
      },
      "25": {
        "start": {
          "line": 32,
          "column": 28
        },
        "end": {
          "line": 40,
          "column": 3
        }
      },
      "26": {
        "start": {
          "line": 33,
          "column": 18
        },
        "end": {
          "line": 33,
          "column": 36
        }
      },
      "27": {
        "start": {
          "line": 34,
          "column": 4
        },
        "end": {
          "line": 34,
          "column": 34
        }
      },
      "28": {
        "start": {
          "line": 35,
          "column": 4
        },
        "end": {
          "line": 39,
          "column": 5
        }
      },
      "29": {
        "start": {
          "line": 36,
          "column": 6
        },
        "end": {
          "line": 36,
          "column": 27
        }
      },
      "30": {
        "start": {
          "line": 37,
          "column": 11
        },
        "end": {
          "line": 39,
          "column": 5
        }
      },
      "31": {
        "start": {
          "line": 38,
          "column": 6
        },
        "end": {
          "line": 38,
          "column": 28
        }
      },
      "32": {
        "start": {
          "line": 41,
          "column": 2
        },
        "end": {
          "line": 110,
          "column": 11
        }
      },
      "33": {
        "start": {
          "line": 59,
          "column": 45
        },
        "end": {
          "line": 63,
          "column": 18
        }
      },
      "34": {
        "start": {
          "line": 112,
          "column": 0
        },
        "end": {
          "line": 112,
          "column": 41
        }
      },
      "35": {
        "start": {
          "line": 113,
          "column": 0
        },
        "end": {
          "line": 113,
          "column": 10
        }
      },
      "36": {
        "start": {
          "line": 116,
          "column": 0
        },
        "end": {
          "line": 116,
          "column": 25
        }
      },
      "37": {
        "start": {
          "line": 118,
          "column": 20
        },
        "end": {
          "line": 118,
          "column": 97
        }
      },
      "38": {
        "start": {
          "line": 119,
          "column": 0
        },
        "end": {
          "line": 133,
          "column": 1
        }
      },
      "39": {
        "start": {
          "line": 120,
          "column": 2
        },
        "end": {
          "line": 124,
          "column": 3
        }
      },
      "40": {
        "start": {
          "line": 121,
          "column": 4
        },
        "end": {
          "line": 123,
          "column": 6
        }
      },
      "41": {
        "start": {
          "line": 125,
          "column": 2
        },
        "end": {
          "line": 132,
          "column": 5
        }
      },
      "42": {
        "start": {
          "line": 126,
          "column": 4
        },
        "end": {
          "line": 126,
          "column": 186
        }
      },
      "43": {
        "start": {
          "line": 127,
          "column": 4
        },
        "end": {
          "line": 131,
          "column": 7
        }
      },
      "44": {
        "start": {
          "line": 128,
          "column": 6
        },
        "end": {
          "line": 128,
          "column": 31
        }
      },
      "45": {
        "start": {
          "line": 128,
          "column": 24
        },
        "end": {
          "line": 128,
          "column": 31
        }
      },
      "46": {
        "start": {
          "line": 129,
          "column": 32
        },
        "end": {
          "line": 129,
          "column": 235
        }
      },
      "47": {
        "start": {
          "line": 130,
          "column": 6
        },
        "end": {
          "line": 130,
          "column": 75
        }
      },
      "48": {
        "start": {
          "line": 130,
          "column": 29
        },
        "end": {
          "line": 130,
          "column": 75
        }
      },
      "49": {
        "start": {
          "line": 135,
          "column": 2
        },
        "end": {
          "line": 135,
          "column": 165
        }
      },
      "50": {
        "start": {
          "line": 138,
          "column": 2
        },
        "end": {
          "line": 138,
          "column": 62
        }
      },
      "51": {
        "start": {
          "line": 5,
          "column": 54
        },
        "end": {
          "line": 5,
          "column": 70
        }
      },
      "52": {
        "start": {
          "line": 6,
          "column": 56
        },
        "end": {
          "line": 6,
          "column": 78
        }
      },
      "53": {
        "start": {
          "line": 7,
          "column": 27
        },
        "end": {
          "line": 29,
          "column": 3
        }
      },
      "54": {
        "start": {
          "line": 8,
          "column": 18
        },
        "end": {
          "line": 8,
          "column": 36
        }
      },
      "55": {
        "start": {
          "line": 9,
          "column": 4
        },
        "end": {
          "line": 9,
          "column": 33
        }
      },
      "56": {
        "start": {
          "line": 10,
          "column": 4
        },
        "end": {
          "line": 28,
          "column": 5
        }
      },
      "57": {
        "start": {
          "line": 11,
          "column": 6
        },
        "end": {
          "line": 11,
          "column": 29
        }
      },
      "58": {
        "start": {
          "line": 12,
          "column": 11
        },
        "end": {
          "line": 28,
          "column": 5
        }
      },
      "59": {
        "start": {
          "line": 13,
          "column": 6
        },
        "end": {
          "line": 13,
          "column": 28
        }
      },
      "60": {
        "start": {
          "line": 14,
          "column": 11
        },
        "end": {
          "line": 28,
          "column": 5
        }
      },
      "61": {
        "start": {
          "line": 15,
          "column": 6
        },
        "end": {
          "line": 15,
          "column": 32
        }
      },
      "62": {
        "start": {
          "line": 16,
          "column": 11
        },
        "end": {
          "line": 28,
          "column": 5
        }
      },
      "63": {
        "start": {
          "line": 17,
          "column": 6
        },
        "end": {
          "line": 17,
          "column": 29
        }
      },
      "64": {
        "start": {
          "line": 18,
          "column": 11
        },
        "end": {
          "line": 28,
          "column": 5
        }
      },
      "65": {
        "start": {
          "line": 19,
          "column": 6
        },
        "end": {
          "line": 19,
          "column": 33
        }
      },
      "66": {
        "start": {
          "line": 20,
          "column": 11
        },
        "end": {
          "line": 28,
          "column": 5
        }
      },
      "67": {
        "start": {
          "line": 21,
          "column": 6
        },
        "end": {
          "line": 21,
          "column": 36
        }
      },
      "68": {
        "start": {
          "line": 22,
          "column": 11
        },
        "end": {
          "line": 28,
          "column": 5
        }
      },
      "69": {
        "start": {
          "line": 23,
          "column": 6
        },
        "end": {
          "line": 23,
          "column": 28
        }
      },
      "70": {
        "start": {
          "line": 24,
          "column": 11
        },
        "end": {
          "line": 28,
          "column": 5
        }
      },
      "71": {
        "start": {
          "line": 25,
          "column": 6
        },
        "end": {
          "line": 25,
          "column": 31
        }
      },
      "72": {
        "start": {
          "line": 26,
          "column": 11
        },
        "end": {
          "line": 28,
          "column": 5
        }
      },
      "73": {
        "start": {
          "line": 27,
          "column": 6
        },
        "end": {
          "line": 27,
          "column": 28
        }
      },
      "74": {
        "start": {
          "line": 30,
          "column": 28
        },
        "end": {
          "line": 38,
          "column": 3
        }
      },
      "75": {
        "start": {
          "line": 31,
          "column": 18
        },
        "end": {
          "line": 31,
          "column": 36
        }
      },
      "76": {
        "start": {
          "line": 32,
          "column": 4
        },
        "end": {
          "line": 32,
          "column": 34
        }
      },
      "77": {
        "start": {
          "line": 33,
          "column": 4
        },
        "end": {
          "line": 37,
          "column": 5
        }
      },
      "78": {
        "start": {
          "line": 34,
          "column": 6
        },
        "end": {
          "line": 34,
          "column": 27
        }
      },
      "79": {
        "start": {
          "line": 35,
          "column": 11
        },
        "end": {
          "line": 37,
          "column": 5
        }
      },
      "80": {
        "start": {
          "line": 36,
          "column": 6
        },
        "end": {
          "line": 36,
          "column": 28
        }
      },
      "81": {
        "start": {
          "line": 39,
          "column": 2
        },
        "end": {
          "line": 106,
          "column": 11
        }
      },
      "82": {
        "start": {
          "line": 56,
          "column": 65
        },
        "end": {
          "line": 60,
          "column": 16
        }
      }
    },
    "fnMap": {
      "0": {
        "name": "Sort",
        "decl": {
          "start": {
            "line": 5,
            "column": 9
          },
          "end": {
            "line": 5,
            "column": 13
          }
        },
        "loc": {
          "start": {
            "line": 5,
            "column": 61
          },
          "end": {
            "line": 111,
            "column": 1
          }
        },
        "line": 5
      },
      "1": {
        "name": "(anonymous_1)",
        "decl": {
          "start": {
            "line": 9,
            "column": 27
          },
          "end": {
            "line": 9,
            "column": 28
          }
        },
        "loc": {
          "start": {
            "line": 9,
            "column": 38
          },
          "end": {
            "line": 31,
            "column": 3
          }
        },
        "line": 9
      },
      "2": {
        "name": "(anonymous_2)",
        "decl": {
          "start": {
            "line": 32,
            "column": 28
          },
          "end": {
            "line": 32,
            "column": 29
          }
        },
        "loc": {
          "start": {
            "line": 32,
            "column": 39
          },
          "end": {
            "line": 40,
            "column": 3
          }
        },
        "line": 32
      },
      "3": {
        "name": "(anonymous_3)",
        "decl": {
          "start": {
            "line": 59,
            "column": 10
          },
          "end": {
            "line": 59,
            "column": 11
          }
        },
        "loc": {
          "start": {
            "line": 59,
            "column": 45
          },
          "end": {
            "line": 63,
            "column": 18
          }
        },
        "line": 59
      },
      "4": {
        "name": "(anonymous_4)",
        "decl": {
          "start": {
            "line": 125,
            "column": 52
          },
          "end": {
            "line": 125,
            "column": 53
          }
        },
        "loc": {
          "start": {
            "line": 125,
            "column": 72
          },
          "end": {
            "line": 132,
            "column": 3
          }
        },
        "line": 125
      },
      "5": {
        "name": "(anonymous_5)",
        "decl": {
          "start": {
            "line": 127,
            "column": 27
          },
          "end": {
            "line": 127,
            "column": 28
          }
        },
        "loc": {
          "start": {
            "line": 127,
            "column": 44
          },
          "end": {
            "line": 131,
            "column": 5
          }
        },
        "line": 127
      },
      "6": {
        "name": "$RefreshReg$",
        "decl": {
          "start": {
            "line": 134,
            "column": 9
          },
          "end": {
            "line": 134,
            "column": 21
          }
        },
        "loc": {
          "start": {
            "line": 134,
            "column": 32
          },
          "end": {
            "line": 136,
            "column": 1
          }
        },
        "line": 134
      },
      "7": {
        "name": "$RefreshSig$",
        "decl": {
          "start": {
            "line": 137,
            "column": 9
          },
          "end": {
            "line": 137,
            "column": 21
          }
        },
        "loc": {
          "start": {
            "line": 137,
            "column": 24
          },
          "end": {
            "line": 139,
            "column": 1
          }
        },
        "line": 137
      },
      "8": {
        "name": "Sort",
        "decl": {
          "start": {
            "line": 4,
            "column": 9
          },
          "end": {
            "line": 4,
            "column": 13
          }
        },
        "loc": {
          "start": {
            "line": 4,
            "column": 61
          },
          "end": {
            "line": 107,
            "column": 1
          }
        },
        "line": 4
      },
      "9": {
        "name": "(anonymous_1)",
        "decl": {
          "start": {
            "line": 7,
            "column": 27
          },
          "end": {
            "line": 7,
            "column": 28
          }
        },
        "loc": {
          "start": {
            "line": 7,
            "column": 38
          },
          "end": {
            "line": 29,
            "column": 3
          }
        },
        "line": 7
      },
      "10": {
        "name": "(anonymous_2)",
        "decl": {
          "start": {
            "line": 30,
            "column": 28
          },
          "end": {
            "line": 30,
            "column": 29
          }
        },
        "loc": {
          "start": {
            "line": 30,
            "column": 39
          },
          "end": {
            "line": 38,
            "column": 3
          }
        },
        "line": 30
      },
      "11": {
        "name": "(anonymous_3)",
        "decl": {
          "start": {
            "line": 56,
            "column": 30
          },
          "end": {
            "line": 56,
            "column": 31
          }
        },
        "loc": {
          "start": {
            "line": 56,
            "column": 65
          },
          "end": {
            "line": 60,
            "column": 16
          }
        },
        "line": 56
      }
    },
    "branchMap": {
      "0": {
        "loc": {
          "start": {
            "line": 5,
            "column": 45
          },
          "end": {
            "line": 5,
            "column": 57
          }
        },
        "type": "default-arg",
        "locations": [
          {
            "start": {
              "line": 5,
              "column": 55
            },
            "end": {
              "line": 5,
              "column": 57
            }
          }
        ],
        "line": 5
      },
      "1": {
        "loc": {
          "start": {
            "line": 12,
            "column": 4
          },
          "end": {
            "line": 30,
            "column": 5
          }
        },
        "type": "if",
        "locations": [
          {
            "start": {
              "line": 12,
              "column": 4
            },
            "end": {
              "line": 30,
              "column": 5
            }
          },
          {
            "start": {
              "line": 14,
              "column": 11
            },
            "end": {
              "line": 30,
              "column": 5
            }
          }
        ],
        "line": 12
      },
      "2": {
        "loc": {
          "start": {
            "line": 14,
            "column": 11
          },
          "end": {
            "line": 30,
            "column": 5
          }
        },
        "type": "if",
        "locations": [
          {
            "start": {
              "line": 14,
              "column": 11
            },
            "end": {
              "line": 30,
              "column": 5
            }
          },
          {
            "start": {
              "line": 16,
              "column": 11
            },
            "end": {
              "line": 30,
              "column": 5
            }
          }
        ],
        "line": 14
      },
      "3": {
        "loc": {
          "start": {
            "line": 14,
            "column": 15
          },
          "end": {
            "line": 14,
            "column": 52
          }
        },
        "type": "binary-expr",
        "locations": [
          {
            "start": {
              "line": 14,
              "column": 15
            },
            "end": {
              "line": 14,
              "column": 31
            }
          },
          {
            "start": {
              "line": 14,
              "column": 35
            },
            "end": {
              "line": 14,
              "column": 52
            }
          }
        ],
        "line": 14
      },
      "4": {
        "loc": {
          "start": {
            "line": 16,
            "column": 11
          },
          "end": {
            "line": 30,
            "column": 5
          }
        },
        "type": "if",
        "locations": [
          {
            "start": {
              "line": 16,
              "column": 11
            },
            "end": {
              "line": 30,
              "column": 5
            }
          },
          {
            "start": {
              "line": 18,
              "column": 11
            },
            "end": {
              "line": 30,
              "column": 5
            }
          }
        ],
        "line": 16
      },
      "5": {
        "loc": {
          "start": {
            "line": 18,
            "column": 11
          },
          "end": {
            "line": 30,
            "column": 5
          }
        },
        "type": "if",
        "locations": [
          {
            "start": {
              "line": 18,
              "column": 11
            },
            "end": {
              "line": 30,
              "column": 5
            }
          },
          {
            "start": {
              "line": 20,
              "column": 11
            },
            "end": {
              "line": 30,
              "column": 5
            }
          }
        ],
        "line": 18
      },
      "6": {
        "loc": {
          "start": {
            "line": 20,
            "column": 11
          },
          "end": {
            "line": 30,
            "column": 5
          }
        },
        "type": "if",
        "locations": [
          {
            "start": {
              "line": 20,
              "column": 11
            },
            "end": {
              "line": 30,
              "column": 5
            }
          },
          {
            "start": {
              "line": 22,
              "column": 11
            },
            "end": {
              "line": 30,
              "column": 5
            }
          }
        ],
        "line": 20
      },
      "7": {
        "loc": {
          "start": {
            "line": 22,
            "column": 11
          },
          "end": {
            "line": 30,
            "column": 5
          }
        },
        "type": "if",
        "locations": [
          {
            "start": {
              "line": 22,
              "column": 11
            },
            "end": {
              "line": 30,
              "column": 5
            }
          },
          {
            "start": {
              "line": 24,
              "column": 11
            },
            "end": {
              "line": 30,
              "column": 5
            }
          }
        ],
        "line": 22
      },
      "8": {
        "loc": {
          "start": {
            "line": 24,
            "column": 11
          },
          "end": {
            "line": 30,
            "column": 5
          }
        },
        "type": "if",
        "locations": [
          {
            "start": {
              "line": 24,
              "column": 11
            },
            "end": {
              "line": 30,
              "column": 5
            }
          },
          {
            "start": {
              "line": 26,
              "column": 11
            },
            "end": {
              "line": 30,
              "column": 5
            }
          }
        ],
        "line": 24
      },
      "9": {
        "loc": {
          "start": {
            "line": 26,
            "column": 11
          },
          "end": {
            "line": 30,
            "column": 5
          }
        },
        "type": "if",
        "locations": [
          {
            "start": {
              "line": 26,
              "column": 11
            },
            "end": {
              "line": 30,
              "column": 5
            }
          },
          {
            "start": {
              "line": 28,
              "column": 11
            },
            "end": {
              "line": 30,
              "column": 5
            }
          }
        ],
        "line": 26
      },
      "10": {
        "loc": {
          "start": {
            "line": 28,
            "column": 11
          },
          "end": {
            "line": 30,
            "column": 5
          }
        },
        "type": "if",
        "locations": [
          {
            "start": {
              "line": 28,
              "column": 11
            },
            "end": {
              "line": 30,
              "column": 5
            }
          },
          {
            "start": {},
            "end": {}
          }
        ],
        "line": 28
      },
      "11": {
        "loc": {
          "start": {
            "line": 35,
            "column": 4
          },
          "end": {
            "line": 39,
            "column": 5
          }
        },
        "type": "if",
        "locations": [
          {
            "start": {
              "line": 35,
              "column": 4
            },
            "end": {
              "line": 39,
              "column": 5
            }
          },
          {
            "start": {
              "line": 37,
              "column": 11
            },
            "end": {
              "line": 39,
              "column": 5
            }
          }
        ],
        "line": 35
      },
      "12": {
        "loc": {
          "start": {
            "line": 37,
            "column": 11
          },
          "end": {
            "line": 39,
            "column": 5
          }
        },
        "type": "if",
        "locations": [
          {
            "start": {
              "line": 37,
              "column": 11
            },
            "end": {
              "line": 39,
              "column": 5
            }
          },
          {
            "start": {},
            "end": {}
          }
        ],
        "line": 37
      },
      "13": {
        "loc": {
          "start": {
            "line": 59,
            "column": 71
          },
          "end": {
            "line": 59,
            "column": 93
          }
        },
        "type": "binary-expr",
        "locations": [
          {
            "start": {
              "line": 59,
              "column": 71
            },
            "end": {
              "line": 59,
              "column": 83
            }
          },
          {
            "start": {
              "line": 59,
              "column": 87
            },
            "end": {
              "line": 59,
              "column": 93
            }
          }
        ],
        "line": 59
      },
      "14": {
        "loc": {
          "start": {
            "line": 59,
            "column": 105
          },
          "end": {
            "line": 59,
            "column": 127
          }
        },
        "type": "binary-expr",
        "locations": [
          {
            "start": {
              "line": 59,
              "column": 105
            },
            "end": {
              "line": 59,
              "column": 117
            }
          },
          {
            "start": {
              "line": 59,
              "column": 121
            },
            "end": {
              "line": 59,
              "column": 127
            }
          }
        ],
        "line": 59
      },
      "15": {
        "loc": {
          "start": {
            "line": 118,
            "column": 20
          },
          "end": {
            "line": 118,
            "column": 97
          }
        },
        "type": "binary-expr",
        "locations": [
          {
            "start": {
              "line": 118,
              "column": 20
            },
            "end": {
              "line": 118,
              "column": 60
            }
          },
          {
            "start": {
              "line": 118,
              "column": 64
            },
            "end": {
              "line": 118,
              "column": 97
            }
          }
        ],
        "line": 118
      },
      "16": {
        "loc": {
          "start": {
            "line": 119,
            "column": 0
          },
          "end": {
            "line": 133,
            "column": 1
          }
        },
        "type": "if",
        "locations": [
          {
            "start": {
              "line": 119,
              "column": 0
            },
            "end": {
              "line": 133,
              "column": 1
            }
          },
          {
            "start": {},
            "end": {}
          }
        ],
        "line": 119
      },
      "17": {
        "loc": {
          "start": {
            "line": 119,
            "column": 4
          },
          "end": {
            "line": 119,
            "column": 35
          }
        },
        "type": "binary-expr",
        "locations": [
          {
            "start": {
              "line": 119,
              "column": 4
            },
            "end": {
              "line": 119,
              "column": 19
            }
          },
          {
            "start": {
              "line": 119,
              "column": 23
            },
            "end": {
              "line": 119,
              "column": 35
            }
          }
        ],
        "line": 119
      },
      "18": {
        "loc": {
          "start": {
            "line": 120,
            "column": 2
          },
          "end": {
            "line": 124,
            "column": 3
          }
        },
        "type": "if",
        "locations": [
          {
            "start": {
              "line": 120,
              "column": 2
            },
            "end": {
              "line": 124,
              "column": 3
            }
          },
          {
            "start": {},
            "end": {}
          }
        ],
        "line": 120
      },
      "19": {
        "loc": {
          "start": {
            "line": 128,
            "column": 6
          },
          "end": {
            "line": 128,
            "column": 31
          }
        },
        "type": "if",
        "locations": [
          {
            "start": {
              "line": 128,
              "column": 6
            },
            "end": {
              "line": 128,
              "column": 31
            }
          },
          {
            "start": {},
            "end": {}
          }
        ],
        "line": 128
      },
      "20": {
        "loc": {
          "start": {
            "line": 130,
            "column": 6
          },
          "end": {
            "line": 130,
            "column": 75
          }
        },
        "type": "if",
        "locations": [
          {
            "start": {
              "line": 130,
              "column": 6
            },
            "end": {
              "line": 130,
              "column": 75
            }
          },
          {
            "start": {},
            "end": {}
          }
        ],
        "line": 130
      },
      "21": {
        "loc": {
          "start": {
            "line": 4,
            "column": 45
          },
          "end": {
            "line": 4,
            "column": 57
          }
        },
        "type": "default-arg",
        "locations": [
          {
            "start": {
              "line": 4,
              "column": 55
            },
            "end": {
              "line": 4,
              "column": 57
            }
          }
        ],
        "line": 4
      },
      "22": {
        "loc": {
          "start": {
            "line": 10,
            "column": 4
          },
          "end": {
            "line": 28,
            "column": 5
          }
        },
        "type": "if",
        "locations": [
          {
            "start": {
              "line": 10,
              "column": 4
            },
            "end": {
              "line": 28,
              "column": 5
            }
          },
          {
            "start": {
              "line": 12,
              "column": 11
            },
            "end": {
              "line": 28,
              "column": 5
            }
          }
        ],
        "line": 10
      },
      "23": {
        "loc": {
          "start": {
            "line": 12,
            "column": 11
          },
          "end": {
            "line": 28,
            "column": 5
          }
        },
        "type": "if",
        "locations": [
          {
            "start": {
              "line": 12,
              "column": 11
            },
            "end": {
              "line": 28,
              "column": 5
            }
          },
          {
            "start": {
              "line": 14,
              "column": 11
            },
            "end": {
              "line": 28,
              "column": 5
            }
          }
        ],
        "line": 12
      },
      "24": {
        "loc": {
          "start": {
            "line": 12,
            "column": 15
          },
          "end": {
            "line": 12,
            "column": 52
          }
        },
        "type": "binary-expr",
        "locations": [
          {
            "start": {
              "line": 12,
              "column": 15
            },
            "end": {
              "line": 12,
              "column": 31
            }
          },
          {
            "start": {
              "line": 12,
              "column": 35
            },
            "end": {
              "line": 12,
              "column": 52
            }
          }
        ],
        "line": 12
      },
      "25": {
        "loc": {
          "start": {
            "line": 14,
            "column": 11
          },
          "end": {
            "line": 28,
            "column": 5
          }
        },
        "type": "if",
        "locations": [
          {
            "start": {
              "line": 14,
              "column": 11
            },
            "end": {
              "line": 28,
              "column": 5
            }
          },
          {
            "start": {
              "line": 16,
              "column": 11
            },
            "end": {
              "line": 28,
              "column": 5
            }
          }
        ],
        "line": 14
      },
      "26": {
        "loc": {
          "start": {
            "line": 16,
            "column": 11
          },
          "end": {
            "line": 28,
            "column": 5
          }
        },
        "type": "if",
        "locations": [
          {
            "start": {
              "line": 16,
              "column": 11
            },
            "end": {
              "line": 28,
              "column": 5
            }
          },
          {
            "start": {
              "line": 18,
              "column": 11
            },
            "end": {
              "line": 28,
              "column": 5
            }
          }
        ],
        "line": 16
      },
      "27": {
        "loc": {
          "start": {
            "line": 18,
            "column": 11
          },
          "end": {
            "line": 28,
            "column": 5
          }
        },
        "type": "if",
        "locations": [
          {
            "start": {
              "line": 18,
              "column": 11
            },
            "end": {
              "line": 28,
              "column": 5
            }
          },
          {
            "start": {
              "line": 20,
              "column": 11
            },
            "end": {
              "line": 28,
              "column": 5
            }
          }
        ],
        "line": 18
      },
      "28": {
        "loc": {
          "start": {
            "line": 20,
            "column": 11
          },
          "end": {
            "line": 28,
            "column": 5
          }
        },
        "type": "if",
        "locations": [
          {
            "start": {
              "line": 20,
              "column": 11
            },
            "end": {
              "line": 28,
              "column": 5
            }
          },
          {
            "start": {
              "line": 22,
              "column": 11
            },
            "end": {
              "line": 28,
              "column": 5
            }
          }
        ],
        "line": 20
      },
      "29": {
        "loc": {
          "start": {
            "line": 22,
            "column": 11
          },
          "end": {
            "line": 28,
            "column": 5
          }
        },
        "type": "if",
        "locations": [
          {
            "start": {
              "line": 22,
              "column": 11
            },
            "end": {
              "line": 28,
              "column": 5
            }
          },
          {
            "start": {
              "line": 24,
              "column": 11
            },
            "end": {
              "line": 28,
              "column": 5
            }
          }
        ],
        "line": 22
      },
      "30": {
        "loc": {
          "start": {
            "line": 24,
            "column": 11
          },
          "end": {
            "line": 28,
            "column": 5
          }
        },
        "type": "if",
        "locations": [
          {
            "start": {
              "line": 24,
              "column": 11
            },
            "end": {
              "line": 28,
              "column": 5
            }
          },
          {
            "start": {
              "line": 26,
              "column": 11
            },
            "end": {
              "line": 28,
              "column": 5
            }
          }
        ],
        "line": 24
      },
      "31": {
        "loc": {
          "start": {
            "line": 26,
            "column": 11
          },
          "end": {
            "line": 28,
            "column": 5
          }
        },
        "type": "if",
        "locations": [
          {
            "start": {
              "line": 26,
              "column": 11
            },
            "end": {
              "line": 28,
              "column": 5
            }
          },
          {
            "start": {},
            "end": {}
          }
        ],
        "line": 26
      },
      "32": {
        "loc": {
          "start": {
            "line": 33,
            "column": 4
          },
          "end": {
            "line": 37,
            "column": 5
          }
        },
        "type": "if",
        "locations": [
          {
            "start": {
              "line": 33,
              "column": 4
            },
            "end": {
              "line": 37,
              "column": 5
            }
          },
          {
            "start": {
              "line": 35,
              "column": 11
            },
            "end": {
              "line": 37,
              "column": 5
            }
          }
        ],
        "line": 33
      },
      "33": {
        "loc": {
          "start": {
            "line": 35,
            "column": 11
          },
          "end": {
            "line": 37,
            "column": 5
          }
        },
        "type": "if",
        "locations": [
          {
            "start": {
              "line": 35,
              "column": 11
            },
            "end": {
              "line": 37,
              "column": 5
            }
          },
          {
            "start": {},
            "end": {}
          }
        ],
        "line": 35
      },
      "34": {
        "loc": {
          "start": {
            "line": 56,
            "column": 91
          },
          "end": {
            "line": 56,
            "column": 113
          }
        },
        "type": "binary-expr",
        "locations": [
          {
            "start": {
              "line": 56,
              "column": 91
            },
            "end": {
              "line": 56,
              "column": 103
            }
          },
          {
            "start": {
              "line": 56,
              "column": 107
            },
            "end": {
              "line": 56,
              "column": 113
            }
          }
        ],
        "line": 56
      },
      "35": {
        "loc": {
          "start": {
            "line": 56,
            "column": 125
          },
          "end": {
            "line": 56,
            "column": 147
          }
        },
        "type": "binary-expr",
        "locations": [
          {
            "start": {
              "line": 56,
              "column": 125
            },
            "end": {
              "line": 56,
              "column": 137
            }
          },
          {
            "start": {
              "line": 56,
              "column": 141
            },
            "end": {
              "line": 56,
              "column": 147
            }
          }
        ],
        "line": 56
      }
    },
    "s": {
      "0": 4,
      "1": 43,
      "2": 86,
      "3": 86,
      "4": 43,
      "5": 60,
      "6": 60,
      "7": 30,
      "8": 30,
      "9": 24,
      "10": 6,
      "11": 21,
      "12": 21,
      "13": 18,
      "14": 6,
      "15": 15,
      "16": 6,
      "17": 12,
      "18": 12,
      "19": 9,
      "20": 6,
      "21": 6,
      "22": 6,
      "23": 3,
      "24": 3,
      "25": 43,
      "26": 8,
      "27": 8,
      "28": 4,
      "29": 4,
      "30": 2,
      "31": 2,
      "32": 43,
      "33": 430,
      "34": 4,
      "35": 4,
      "36": 4,
      "37": 4,
      "38": 4,
      "39": 4,
      "40": 0,
      "41": 4,
      "42": 4,
      "43": 4,
      "44": 0,
      "45": 0,
      "46": 0,
      "47": 0,
      "48": 0,
      "49": 4,
      "50": 4,
      "51": 43,
      "52": 43,
      "53": 43,
      "54": 30,
      "55": 30,
      "56": 73,
      "57": 36,
      "58": 54,
      "59": 9,
      "60": 45,
      "61": 27,
      "62": 39,
      "63": 6,
      "64": 33,
      "65": 21,
      "66": 27,
      "67": 18,
      "68": 21,
      "69": 6,
      "70": 15,
      "71": 12,
      "72": 9,
      "73": 6,
      "74": 43,
      "75": 4,
      "76": 4,
      "77": 47,
      "78": 6,
      "79": 6,
      "80": 6,
      "81": 43,
      "82": 430
    },
    "f": {
      "0": 43,
      "1": 73,
      "2": 47,
      "3": 430,
      "4": 4,
      "5": 0,
      "6": 4,
      "7": 4,
      "8": 43,
      "9": 73,
      "10": 47,
      "11": 430
    },
    "b": {
      "0": [
        0
      ],
      "1": [
        6,
        24
      ],
      "2": [
        3,
        21
      ],
      "3": [
        27,
        39
      ],
      "4": [
        3,
        18
      ],
      "5": [
        3,
        15
      ],
      "6": [
        3,
        12
      ],
      "7": [
        3,
        9
      ],
      "8": [
        3,
        6
      ],
      "9": [
        3,
        3
      ],
      "10": [
        3,
        0
      ],
      "11": [
        2,
        2
      ],
      "12": [
        2,
        0
      ],
      "13": [
        387,
        387
      ],
      "14": [
        387,
        387
      ],
      "15": [
        4,
        0
      ],
      "16": [
        4,
        0
      ],
      "17": [
        4,
        4
      ],
      "18": [
        0,
        4
      ],
      "19": [
        0,
        0
      ],
      "20": [
        0,
        0
      ],
      "21": [
        0
      ],
      "22": [
        6,
        24
      ],
      "23": [
        9,
        45
      ],
      "24": [
        30,
        45
      ],
      "25": [
        6,
        39
      ],
      "26": [
        6,
        33
      ],
      "27": [
        6,
        27
      ],
      "28": [
        6,
        21
      ],
      "29": [
        6,
        15
      ],
      "30": [
        6,
        9
      ],
      "31": [
        6,
        3
      ],
      "32": [
        2,
        2
      ],
      "33": [
        4,
        2
      ],
      "34": [
        387,
        387
      ],
      "35": [
        387,
        387
      ]
    },
    "inputSourceMap": {
      "version": 3,
      "mappings": "AAuDQ;;AAvDR,SAASA,gBAAgB;AACzB,OAAOC,YAAY;AAGnB,SAASC,KAAK,EAAEC,cAAcC,eAAeC,UAAQ,GAAG,GAAG;AAAAC,KAAA;AACzD,QAAM,CAACC,oBAAoBC,qBAAqB,IAAIR,SAAS,MAAM;AACnE,QAAM,CAACS,qBAAqBC,sBAAsB,IAAIV,SAAS,YAAY;AAE3E,QAAMW,mBAAmBA,CAACC,UAAU;AAClC,UAAMC,QAAQD,MAAME,OAAOD;AAC3BL,0BAAsBK,KAAK;AAE3B,QAAGA,UAAQ,UAAS;AAClBV,mBAAa,QAAQ;AAAA,IACvB,WACQU,UAAQ,UAAUA,UAAQ,SAAQ;AACxCV,mBAAa,OAAO;AAAA,IACtB,WACQU,UAAQ,gBAAe;AAC7BV,mBAAa,WAAW;AAAA,IAC1B,WACQU,UAAQ,UAAS;AACvBV,mBAAa,QAAQ;AAAA,IACvB,WACQU,UAAQ,QAAO;AACrBV,mBAAa,YAAY;AAAA,IAC3B,WACQU,UAAQ,YAAW;AACzBV,mBAAa,eAAe;AAAA,IAC9B,WACQU,UAAQ,SAAQ;AACtBV,mBAAa,OAAO;AAAA,IACtB,WACQU,UAAQ,YAAW;AACzBV,mBAAa,UAAU;AAAA,IACzB,WACQU,UAAQ,SAAQ;AACtBV,mBAAa,OAAO;AAAA,IACtB;AAAA,EACF;AAEA,QAAMY,oBAAoBA,CAACH,UAAS;AAClC,UAAMC,QAAQD,MAAME,OAAOD;AAC3BH,2BAAuBG,KAAK;AAE5B,QAAGA,UAAQ,aAAY;AACrBT,oBAAc,KAAK;AAAA,IACrB,WACQS,UAAQ,cAAa;AAC3BT,oBAAc,MAAM;AAAA,IACtB;AAAA,EACF;AAEA,SACE,uBAAC,SAAI,WAAWH,OAAOe,UACnB;AAAA,2BAAC,WAAM,WAAWf,OAAOgB,OAAO,wBAAhC;AAAA;AAAA;AAAA;AAAA,WAAwC;AAAA,IACxC,uBAAC,UAAD;AAAA;AAAA;AAAA;AAAA,WAAG;AAAA,IACH;AAAA,MAAC;AAAA;AAAA,QACC,OAAOV;AAAAA,QACP,UAAUI;AAAAA,QACV,WAAWV,OAAOiB;AAAAA,QAEjBb,kBAAQc;AAAAA,UAAI,CAACC,QAAQC,UACpB,uBAAC,YAAmB,OAAOD,OAAOP,SAASO,QACxCA,iBAAOH,SAASG,UADNC,OAAb;AAAA;AAAA;AAAA;AAAA,iBAEA;AAAA,QACD;AAAA;AAAA,MATH;AAAA;AAAA;AAAA;AAAA;AAAA;AAAA;AAAA;AAAA,IAUA;AAAA,IACA,uBAAC,UAAD;AAAA;AAAA;AAAA;AAAA,WAAG;AAAA,IACH,uBAAC,UAAD;AAAA;AAAA;AAAA;AAAA,WAAG;AAAA,IACH,uBAAC,WAAM,WAAWpB,OAAOgB,OAAO,yBAAhC;AAAA;AAAA;AAAA;AAAA,WAAyC;AAAA,IACzC,uBAAC,YAAO,WAAWhB,OAAOiB,QAAQ,OAAOT,qBAAqB,UAAUM,mBACtE;AAAA,6BAAC,YAAO,OAAM,aAAY,yBAA1B;AAAA;AAAA;AAAA;AAAA,aAAmC;AAAA,MACnC,uBAAC,YAAO,OAAM,cAAa,0BAA3B;AAAA;AAAA;AAAA;AAAA,aAAqC;AAAA,SAFvC;AAAA;AAAA;AAAA;AAAA,WAGA;AAAA,OApBJ;AAAA;AAAA;AAAA;AAAA,SAqBA;AAEJ;AAACT,GAzEQJ,MAAI;AAAAoB,KAAJpB;AA2ET,eAAeA;AAAK,IAAAoB;AAAAC,aAAAD,IAAA",
      "names": [
        "useState",
        "styles",
        "Sort",
        "onSortChange",
        "onOrderChange",
        "options",
        "_s",
        "selectedSortOption",
        "setSelectedSortOption",
        "selectedOrderOption",
        "setSelectedOrderOption",
        "handleSortChange",
        "event",
        "value",
        "target",
        "handleOrderChange",
        "sortMenu",
        "label",
        "select",
        "map",
        "option",
        "index",
        "_c",
        "$RefreshReg$"
      ],
      "ignoreList": [],
      "sources": [
        "C:/Users/yojus/Desktop/Study/Back-end/Django/My_projects/film_review_website/frontend/src/components/shared/Sort.jsx"
      ],
      "file": "C:/Users/yojus/Desktop/Study/Back-end/Django/My_projects/film_review_website/frontend/src/components/shared/Sort.jsx"
    },
    "_coverageSchema": "1a1c01bbd47fc00a2c39e90264f33305004495a9",
    "hash": "393beea9392f8ac4ff4957994de3a79080385894"
  },
  "C:/Users/yojus/Desktop/Study/Back-end/Django/My_projects/film_review_website/frontend/src/services/authService2.js": {
    "path": "C:/Users/yojus/Desktop/Study/Back-end/Django/My_projects/film_review_website/frontend/src/services/authService2.js",
    "statementMap": {
      "0": {
        "start": {
          "line": 1,
          "column": 12
        },
        "end": {
          "line": 1,
          "column": 59
        }
      },
      "1": {
        "start": {
          "line": 3,
          "column": 28
        },
        "end": {
          "line": 77,
          "column": 1
        }
      },
      "2": {
        "start": {
          "line": 5,
          "column": 16
        },
        "end": {
          "line": 10,
          "column": 6
        }
      },
      "3": {
        "start": {
          "line": 12,
          "column": 4
        },
        "end": {
          "line": 15,
          "column": 5
        }
      },
      "4": {
        "start": {
          "line": 13,
          "column": 18
        },
        "end": {
          "line": 13,
          "column": 34
        }
      },
      "5": {
        "start": {
          "line": 14,
          "column": 6
        },
        "end": {
          "line": 14,
          "column": 59
        }
      },
      "6": {
        "start": {
          "line": 17,
          "column": 4
        },
        "end": {
          "line": 17,
          "column": 22
        }
      },
      "7": {
        "start": {
          "line": 21,
          "column": 16
        },
        "end": {
          "line": 26,
          "column": 6
        }
      },
      "8": {
        "start": {
          "line": 28,
          "column": 4
        },
        "end": {
          "line": 31,
          "column": 5
        }
      },
      "9": {
        "start": {
          "line": 29,
          "column": 18
        },
        "end": {
          "line": 29,
          "column": 34
        }
      },
      "10": {
        "start": {
          "line": 30,
          "column": 6
        },
        "end": {
          "line": 30,
          "column": 65
        }
      },
      "11": {
        "start": {
          "line": 33,
          "column": 4
        },
        "end": {
          "line": 33,
          "column": 22
        }
      },
      "12": {
        "start": {
          "line": 37,
          "column": 16
        },
        "end": {
          "line": 40,
          "column": 6
        }
      },
      "13": {
        "start": {
          "line": 42,
          "column": 4
        },
        "end": {
          "line": 45,
          "column": 5
        }
      },
      "14": {
        "start": {
          "line": 43,
          "column": 18
        },
        "end": {
          "line": 43,
          "column": 34
        }
      },
      "15": {
        "start": {
          "line": 44,
          "column": 6
        },
        "end": {
          "line": 44,
          "column": 53
        }
      },
      "16": {
        "start": {
          "line": 47,
          "column": 4
        },
        "end": {
          "line": 47,
          "column": 22
        }
      },
      "17": {
        "start": {
          "line": 51,
          "column": 16
        },
        "end": {
          "line": 54,
          "column": 6
        }
      },
      "18": {
        "start": {
          "line": 56,
          "column": 4
        },
        "end": {
          "line": 59,
          "column": 5
        }
      },
      "19": {
        "start": {
          "line": 57,
          "column": 18
        },
        "end": {
          "line": 57,
          "column": 34
        }
      },
      "20": {
        "start": {
          "line": 58,
          "column": 6
        },
        "end": {
          "line": 58,
          "column": 57
        }
      },
      "21": {
        "start": {
          "line": 61,
          "column": 4
        },
        "end": {
          "line": 61,
          "column": 22
        }
      },
      "22": {
        "start": {
          "line": 65,
          "column": 16
        },
        "end": {
          "line": 68,
          "column": 6
        }
      },
      "23": {
        "start": {
          "line": 70,
          "column": 4
        },
        "end": {
          "line": 73,
          "column": 5
        }
      },
      "24": {
        "start": {
          "line": 71,
          "column": 18
        },
        "end": {
          "line": 71,
          "column": 34
        }
      },
      "25": {
        "start": {
          "line": 72,
          "column": 6
        },
        "end": {
          "line": 72,
          "column": 57
        }
      },
      "26": {
        "start": {
          "line": 75,
          "column": 4
        },
        "end": {
          "line": 75,
          "column": 22
        }
      }
    },
    "fnMap": {
      "0": {
        "name": "(anonymous_0)",
        "decl": {
          "start": {
            "line": 4,
            "column": 2
          },
          "end": {
            "line": 4,
            "column": 3
          }
        },
        "loc": {
          "start": {
            "line": 4,
            "column": 44
          },
          "end": {
            "line": 18,
            "column": 3
          }
        },
        "line": 4
      },
      "1": {
        "name": "(anonymous_1)",
        "decl": {
          "start": {
            "line": 20,
            "column": 2
          },
          "end": {
            "line": 20,
            "column": 3
          }
        },
        "loc": {
          "start": {
            "line": 20,
            "column": 31
          },
          "end": {
            "line": 34,
            "column": 3
          }
        },
        "line": 20
      },
      "2": {
        "name": "(anonymous_2)",
        "decl": {
          "start": {
            "line": 36,
            "column": 2
          },
          "end": {
            "line": 36,
            "column": 3
          }
        },
        "loc": {
          "start": {
            "line": 36,
            "column": 17
          },
          "end": {
            "line": 48,
            "column": 3
          }
        },
        "line": 36
      },
      "3": {
        "name": "(anonymous_3)",
        "decl": {
          "start": {
            "line": 50,
            "column": 2
          },
          "end": {
            "line": 50,
            "column": 3
          }
        },
        "loc": {
          "start": {
            "line": 50,
            "column": 16
          },
          "end": {
            "line": 62,
            "column": 3
          }
        },
        "line": 50
      },
      "4": {
        "name": "(anonymous_4)",
        "decl": {
          "start": {
            "line": 64,
            "column": 2
          },
          "end": {
            "line": 64,
            "column": 3
          }
        },
        "loc": {
          "start": {
            "line": 64,
            "column": 17
          },
          "end": {
            "line": 76,
            "column": 3
          }
        },
        "line": 64
      }
    },
    "branchMap": {
      "0": {
        "loc": {
          "start": {
            "line": 12,
            "column": 4
          },
          "end": {
            "line": 15,
            "column": 5
          }
        },
        "type": "if",
        "locations": [
          {
            "start": {
              "line": 12,
              "column": 4
            },
            "end": {
              "line": 15,
              "column": 5
            }
          },
          {
            "start": {},
            "end": {}
          }
        ],
        "line": 12
      },
      "1": {
        "loc": {
          "start": {
            "line": 14,
            "column": 22
          },
          "end": {
            "line": 14,
            "column": 57
          }
        },
        "type": "binary-expr",
        "locations": [
          {
            "start": {
              "line": 14,
              "column": 22
            },
            "end": {
              "line": 14,
              "column": 32
            }
          },
          {
            "start": {
              "line": 14,
              "column": 36
            },
            "end": {
              "line": 14,
              "column": 57
            }
          }
        ],
        "line": 14
      },
      "2": {
        "loc": {
          "start": {
            "line": 28,
            "column": 4
          },
          "end": {
            "line": 31,
            "column": 5
          }
        },
        "type": "if",
        "locations": [
          {
            "start": {
              "line": 28,
              "column": 4
            },
            "end": {
              "line": 31,
              "column": 5
            }
          },
          {
            "start": {},
            "end": {}
          }
        ],
        "line": 28
      },
      "3": {
        "loc": {
          "start": {
            "line": 30,
            "column": 22
          },
          "end": {
            "line": 30,
            "column": 63
          }
        },
        "type": "binary-expr",
        "locations": [
          {
            "start": {
              "line": 30,
              "column": 22
            },
            "end": {
              "line": 30,
              "column": 32
            }
          },
          {
            "start": {
              "line": 30,
              "column": 36
            },
            "end": {
              "line": 30,
              "column": 63
            }
          }
        ],
        "line": 30
      },
      "4": {
        "loc": {
          "start": {
            "line": 42,
            "column": 4
          },
          "end": {
            "line": 45,
            "column": 5
          }
        },
        "type": "if",
        "locations": [
          {
            "start": {
              "line": 42,
              "column": 4
            },
            "end": {
              "line": 45,
              "column": 5
            }
          },
          {
            "start": {},
            "end": {}
          }
        ],
        "line": 42
      },
      "5": {
        "loc": {
          "start": {
            "line": 44,
            "column": 22
          },
          "end": {
            "line": 44,
            "column": 51
          }
        },
        "type": "binary-expr",
        "locations": [
          {
            "start": {
              "line": 44,
              "column": 22
            },
            "end": {
              "line": 44,
              "column": 32
            }
          },
          {
            "start": {
              "line": 44,
              "column": 36
            },
            "end": {
              "line": 44,
              "column": 51
            }
          }
        ],
        "line": 44
      },
      "6": {
        "loc": {
          "start": {
            "line": 56,
            "column": 4
          },
          "end": {
            "line": 59,
            "column": 5
          }
        },
        "type": "if",
        "locations": [
          {
            "start": {
              "line": 56,
              "column": 4
            },
            "end": {
              "line": 59,
              "column": 5
            }
          },
          {
            "start": {},
            "end": {}
          }
        ],
        "line": 56
      },
      "7": {
        "loc": {
          "start": {
            "line": 58,
            "column": 22
          },
          "end": {
            "line": 58,
            "column": 55
          }
        },
        "type": "binary-expr",
        "locations": [
          {
            "start": {
              "line": 58,
              "column": 22
            },
            "end": {
              "line": 58,
              "column": 32
            }
          },
          {
            "start": {
              "line": 58,
              "column": 36
            },
            "end": {
              "line": 58,
              "column": 55
            }
          }
        ],
        "line": 58
      },
      "8": {
        "loc": {
          "start": {
            "line": 70,
            "column": 4
          },
          "end": {
            "line": 73,
            "column": 5
          }
        },
        "type": "if",
        "locations": [
          {
            "start": {
              "line": 70,
              "column": 4
            },
            "end": {
              "line": 73,
              "column": 5
            }
          },
          {
            "start": {},
            "end": {}
          }
        ],
        "line": 70
      },
      "9": {
        "loc": {
          "start": {
            "line": 72,
            "column": 22
          },
          "end": {
            "line": 72,
            "column": 55
          }
        },
        "type": "binary-expr",
        "locations": [
          {
            "start": {
              "line": 72,
              "column": 22
            },
            "end": {
              "line": 72,
              "column": 32
            }
          },
          {
            "start": {
              "line": 72,
              "column": 36
            },
            "end": {
              "line": 72,
              "column": 55
            }
          }
        ],
        "line": 72
      }
    },
    "s": {
      "0": 27,
      "1": 27,
      "2": 0,
      "3": 0,
      "4": 0,
      "5": 0,
      "6": 0,
      "7": 0,
      "8": 0,
      "9": 0,
      "10": 0,
      "11": 0,
      "12": 0,
      "13": 0,
      "14": 0,
      "15": 0,
      "16": 0,
      "17": 0,
      "18": 0,
      "19": 0,
      "20": 0,
      "21": 0,
      "22": 60,
      "23": 0,
      "24": 0,
      "25": 0,
      "26": 0
    },
    "f": {
      "0": 0,
      "1": 0,
      "2": 0,
      "3": 0,
      "4": 60
    },
    "b": {
      "0": [
        0,
        0
      ],
      "1": [
        0,
        0
      ],
      "2": [
        0,
        0
      ],
      "3": [
        0,
        0
      ],
      "4": [
        0,
        0
      ],
      "5": [
        0,
        0
      ],
      "6": [
        0,
        0
      ],
      "7": [
        0,
        0
      ],
      "8": [
        0,
        0
      ],
      "9": [
        0,
        0
      ]
    },
    "inputSourceMap": {
      "version": 3,
      "sources": [
        "C:/Users/yojus/Desktop/Study/Back-end/Django/My_projects/film_review_website/frontend/src/services/authService2.js"
      ],
      "names": [],
      "mappings": "AAAA,KAAK,CAAC,GAAG,CAAC,CAAC,CAAC,MAAM,CAAC,IAAI,CAAC,GAAG,CAAC,YAAY,CAAC,CAAC,CAAC,CAAC,cAAc,CAAC,CAAC;AAC5D;AACA,MAAM,CAAC,KAAK,CAAC,YAAY,CAAC,CAAC,CAAC,CAAC;AAC7B,CAAC,CAAC,KAAK,CAAC,QAAQ,CAAC,KAAK,CAAC,CAAC,QAAQ,CAAC,CAAC,QAAQ,CAAC,CAAC,CAAC;AAC7C,CAAC,CAAC,CAAC,CAAC,KAAK,CAAC,GAAG,CAAC,CAAC,CAAC,KAAK,CAAC,KAAK,CAAC,CAAC,CAAC,CAAC,GAAG,CAAC,CAAC,QAAQ,CAAC,CAAC,CAAC,CAAC,CAAC;AACjD,CAAC,CAAC,CAAC,CAAC,CAAC,CAAC,MAAM,CAAC,CAAC,CAAC,IAAI,CAAC,CAAC;AACrB,CAAC,CAAC,CAAC,CAAC,CAAC,CAAC,OAAO,CAAC,CAAC,CAAC,CAAC,CAAC,OAAO,CAAC,IAAI,CAAC,CAAC,CAAC,CAAC,WAAW,CAAC,IAAI,CAAC,CAAC,CAAC,CAAC;AACtD,CAAC,CAAC,CAAC,CAAC,CAAC,CAAC,WAAW,CAAC,CAAC,CAAC,OAAO,CAAC,CAAC;AAC7B,CAAC,CAAC,CAAC,CAAC,CAAC,CAAC,IAAI,CAAC,CAAC,IAAI,CAAC,SAAS,CAAC,CAAC,CAAC,KAAK,CAAC,CAAC,QAAQ,CAAC,CAAC,QAAQ,CAAC,CAAC,CAAC;AACzD,CAAC,CAAC,CAAC,CAAC,CAAC,CAAC,CAAC;AACP;AACA,CAAC,CAAC,CAAC,CAAC,EAAE,CAAC,CAAC,CAAC,GAAG,CAAC,EAAE,CAAC,CAAC,CAAC;AAClB,CAAC,CAAC,CAAC,CAAC,CAAC,CAAC,KAAK,CAAC,GAAG,CAAC,CAAC,CAAC,KAAK,CAAC,GAAG,CAAC,IAAI,CAAC,CAAC,CAAC;AACnC,CAAC,CAAC,CAAC,CAAC,CAAC,CAAC,KAAK,CAAC,GAAG,CAAC,KAAK,CAAC,GAAG,CAAC,MAAM,CAAC,CAAC,CAAC,CAAC,CAAC,YAAY,CAAC,MAAM,CAAC,CAAC,CAAC;AAC3D,CAAC,CAAC,CAAC,CAAC,CAAC;AACL;AACA,CAAC,CAAC,CAAC,CAAC,MAAM,CAAC,GAAG,CAAC,IAAI,CAAC,CAAC,CAAC;AACtB,CAAC,CAAC,CAAC,CAAC;AACJ;AACA,CAAC,CAAC,KAAK,CAAC,KAAK,CAAC,KAAK,CAAC,CAAC,QAAQ,CAAC,CAAC,CAAC;AAChC,CAAC,CAAC,CAAC,CAAC,KAAK,CAAC,GAAG,CAAC,CAAC,CAAC,KAAK,CAAC,KAAK,CAAC,CAAC,CAAC,CAAC,GAAG,CAAC,CAAC,KAAK,CAAC,CAAC,CAAC,CAAC,CAAC;AAC9C,CAAC,CAAC,CAAC,CAAC,CAAC,CAAC,MAAM,CAAC,CAAC,CAAC,IAAI,CAAC,CAAC;AACrB,CAAC,CAAC,CAAC,CAAC,CAAC,CAAC,OAAO,CAAC,CAAC,CAAC,CAAC,CAAC,OAAO,CAAC,IAAI,CAAC,CAAC,CAAC,CAAC,WAAW,CAAC,IAAI,CAAC,CAAC,CAAC,CAAC;AACtD,CAAC,CAAC,CAAC,CAAC,CAAC,CAAC,WAAW,CAAC,CAAC,CAAC,OAAO,CAAC,CAAC;AAC7B,CAAC,CAAC,CAAC,CAAC,CAAC,CAAC,IAAI,CAAC,CAAC,IAAI,CAAC,SAAS,CAAC,CAAC,CAAC,KAAK,CAAC,CAAC,QAAQ,CAAC,CAAC,CAAC;AAC/C,CAAC,CAAC,CAAC,CAAC,CAAC,CAAC,CAAC;AACP;AACA,CAAC,CAAC,CAAC,CAAC,EAAE,CAAC,CAAC,CAAC,GAAG,CAAC,EAAE,CAAC,CAAC,CAAC;AAClB,CAAC,CAAC,CAAC,CAAC,CAAC,CAAC,KAAK,CAAC,GAAG,CAAC,CAAC,CAAC,KAAK,CAAC,GAAG,CAAC,IAAI,CAAC,CAAC,CAAC;AACnC,CAAC,CAAC,CAAC,CAAC,CAAC,CAAC,KAAK,CAAC,GAAG,CAAC,KAAK,CAAC,GAAG,CAAC,MAAM,CAAC,CAAC,CAAC,CAAC,CAAC,OAAO,CAAC,KAAK,CAAC,EAAE,CAAC,QAAQ,CAAC,CAAC,CAAC;AACjE,CAAC,CAAC,CAAC,CAAC,CAAC;AACL;AACA,CAAC,CAAC,CAAC,CAAC,MAAM,CAAC,GAAG,CAAC,IAAI,CAAC,CAAC,CAAC;AACtB,CAAC,CAAC,CAAC,CAAC;AACJ;AACA,CAAC,CAAC,KAAK,CAAC,MAAM,CAAC,CAAC,CAAC,CAAC;AAClB,CAAC,CAAC,CAAC,CAAC,KAAK,CAAC,GAAG,CAAC,CAAC,CAAC,KAAK,CAAC,KAAK,CAAC,CAAC,CAAC,CAAC,GAAG,CAAC,CAAC,MAAM,CAAC,CAAC,CAAC,CAAC,CAAC;AAC/C,CAAC,CAAC,CAAC,CAAC,CAAC,CAAC,MAAM,CAAC,CAAC,CAAC,IAAI,CAAC,CAAC;AACrB,CAAC,CAAC,CAAC,CAAC,CAAC,CAAC,WAAW,CAAC,CAAC,CAAC,OAAO,CAAC;AAC5B,CAAC,CAAC,CAAC,CAAC,CAAC,CAAC,CAAC;AACP;AACA,CAAC,CAAC,CAAC,CAAC,EAAE,CAAC,CAAC,CAAC,GAAG,CAAC,EAAE,CAAC,CAAC,CAAC;AAClB,CAAC,CAAC,CAAC,CAAC,CAAC,CAAC,KAAK,CAAC,GAAG,CAAC,CAAC,CAAC,KAAK,CAAC,GAAG,CAAC,IAAI,CAAC,CAAC,CAAC;AACnC,CAAC,CAAC,CAAC,CAAC,CAAC,CAAC,KAAK,CAAC,GAAG,CAAC,KAAK,CAAC,GAAG,CAAC,MAAM,CAAC,CAAC,CAAC,CAAC,CAAC,MAAM,CAAC,MAAM,CAAC,CAAC,CAAC;AACrD,CAAC,CAAC,CAAC,CAAC,CAAC;AACL;AACA,CAAC,CAAC,CAAC,CAAC,MAAM,CAAC,GAAG,CAAC,IAAI,CAAC,CAAC,CAAC;AACtB,CAAC,CAAC,CAAC,CAAC;AACJ;AACA,CAAC,CAAC,KAAK,CAAC,KAAK,CAAC,CAAC,CAAC,CAAC;AACjB,CAAC,CAAC,CAAC,CAAC,KAAK,CAAC,GAAG,CAAC,CAAC,CAAC,KAAK,CAAC,KAAK,CAAC,CAAC,CAAC,CAAC,GAAG,CAAC,CAAC,EAAE,CAAC,CAAC,CAAC,CAAC,CAAC;AAC3C,CAAC,CAAC,CAAC,CAAC,CAAC,CAAC,MAAM,CAAC,CAAC,CAAC,GAAG,CAAC,CAAC;AACpB,CAAC,CAAC,CAAC,CAAC,CAAC,CAAC,WAAW,CAAC,CAAC,CAAC,OAAO,CAAC;AAC5B,CAAC,CAAC,CAAC,CAAC,CAAC,CAAC,CAAC;AACP;AACA,CAAC,CAAC,CAAC,CAAC,EAAE,CAAC,CAAC,CAAC,GAAG,CAAC,EAAE,CAAC,CAAC,CAAC;AAClB,CAAC,CAAC,CAAC,CAAC,CAAC,CAAC,KAAK,CAAC,GAAG,CAAC,CAAC,CAAC,KAAK,CAAC,GAAG,CAAC,IAAI,CAAC,CAAC,CAAC;AACnC,CAAC,CAAC,CAAC,CAAC,CAAC,CAAC,KAAK,CAAC,GAAG,CAAC,KAAK,CAAC,GAAG,CAAC,MAAM,CAAC,CAAC,CAAC,CAAC,CAAC,GAAG,CAAC,aAAa,CAAC,CAAC,CAAC;AACzD,CAAC,CAAC,CAAC,CAAC,CAAC;AACL;AACA,CAAC,CAAC,CAAC,CAAC,MAAM,CAAC,GAAG,CAAC,IAAI,CAAC,CAAC,CAAC;AACtB,CAAC,CAAC,CAAC,CAAC;AACJ;AACA,CAAC,CAAC,KAAK,CAAC,IAAI,CAAC,EAAE,CAAC,CAAC,CAAC;AAClB,CAAC,CAAC,CAAC,CAAC,KAAK,CAAC,GAAG,CAAC,CAAC,CAAC,KAAK,CAAC,KAAK,CAAC,CAAC,CAAC,CAAC,GAAG,CAAC,CAAC,IAAI,CAAC,CAAC,CAAC,EAAE,CAAC,CAAC,CAAC,CAAC,CAAC;AAClD,CAAC,CAAC,CAAC,CAAC,CAAC,CAAC,MAAM,CAAC,CAAC,CAAC,GAAG,CAAC,CAAC;AACpB,CAAC,CAAC,CAAC,CAAC,CAAC,CAAC,WAAW,CAAC,CAAC,CAAC,OAAO,CAAC;AAC5B,CAAC,CAAC,CAAC,CAAC,CAAC,CAAC,CAAC;AACP;AACA,CAAC,CAAC,CAAC,CAAC,EAAE,CAAC,CAAC,CAAC,GAAG,CAAC,EAAE,CAAC,CAAC,CAAC;AAClB,CAAC,CAAC,CAAC,CAAC,CAAC,CAAC,KAAK,CAAC,GAAG,CAAC,CAAC,CAAC,KAAK,CAAC,GAAG,CAAC,IAAI,CAAC,CAAC,CAAC;AACnC,CAAC,CAAC,CAAC,CAAC,CAAC,CAAC,KAAK,CAAC,GAAG,CAAC,KAAK,CAAC,GAAG,CAAC,MAAM,CAAC,CAAC,CAAC,CAAC,CAAC,GAAG,CAAC,aAAa,CAAC,CAAC,CAAC;AACzD,CAAC,CAAC,CAAC,CAAC,CAAC;AACL;AACA,CAAC,CAAC,CAAC,CAAC,MAAM,CAAC,GAAG,CAAC,IAAI,CAAC,CAAC,CAAC;AACtB,CAAC,CAAC,CAAC,CAAC;AACJ,CAAC,CAAC;"
    },
    "_coverageSchema": "1a1c01bbd47fc00a2c39e90264f33305004495a9",
    "hash": "7b89f9b298ebd821822a118f241a34fe4fc37609"
  },
  "C:/Users/yojus/Desktop/Study/Back-end/Django/My_projects/film_review_website/frontend/src/hooks/useUser.js": {
    "path": "C:/Users/yojus/Desktop/Study/Back-end/Django/My_projects/film_review_website/frontend/src/hooks/useUser.js",
    "statementMap": {
      "0": {
        "start": {
          "line": 5,
          "column": 26
        },
        "end": {
          "line": 5,
          "column": 40
        }
      },
      "1": {
        "start": {
          "line": 6,
          "column": 32
        },
        "end": {
          "line": 6,
          "column": 46
        }
      },
      "2": {
        "start": {
          "line": 7,
          "column": 28
        },
        "end": {
          "line": 7,
          "column": 42
        }
      },
      "3": {
        "start": {
          "line": 9,
          "column": 2
        },
        "end": {
          "line": 17,
          "column": 15
        }
      },
      "4": {
        "start": {
          "line": 10,
          "column": 4
        },
        "end": {
          "line": 10,
          "column": 24
        }
      },
      "5": {
        "start": {
          "line": 10,
          "column": 17
        },
        "end": {
          "line": 10,
          "column": 24
        }
      },
      "6": {
        "start": {
          "line": 12,
          "column": 4
        },
        "end": {
          "line": 15,
          "column": 40
        }
      },
      "7": {
        "start": {
          "line": 13,
          "column": 22
        },
        "end": {
          "line": 13,
          "column": 35
        }
      },
      "8": {
        "start": {
          "line": 14,
          "column": 22
        },
        "end": {
          "line": 14,
          "column": 35
        }
      },
      "9": {
        "start": {
          "line": 15,
          "column": 21
        },
        "end": {
          "line": 15,
          "column": 38
        }
      },
      "10": {
        "start": {
          "line": 19,
          "column": 2
        },
        "end": {
          "line": 19,
          "column": 34
        }
      }
    },
    "fnMap": {
      "0": {
        "name": "useUser",
        "decl": {
          "start": {
            "line": 4,
            "column": 16
          },
          "end": {
            "line": 4,
            "column": 23
          }
        },
        "loc": {
          "start": {
            "line": 4,
            "column": 32
          },
          "end": {
            "line": 20,
            "column": 1
          }
        },
        "line": 4
      },
      "1": {
        "name": "(anonymous_1)",
        "decl": {
          "start": {
            "line": 9,
            "column": 12
          },
          "end": {
            "line": 9,
            "column": 13
          }
        },
        "loc": {
          "start": {
            "line": 9,
            "column": 18
          },
          "end": {
            "line": 17,
            "column": 3
          }
        },
        "line": 9
      },
      "2": {
        "name": "(anonymous_2)",
        "decl": {
          "start": {
            "line": 13,
            "column": 12
          },
          "end": {
            "line": 13,
            "column": 13
          }
        },
        "loc": {
          "start": {
            "line": 13,
            "column": 22
          },
          "end": {
            "line": 13,
            "column": 35
          }
        },
        "line": 13
      },
      "3": {
        "name": "(anonymous_3)",
        "decl": {
          "start": {
            "line": 14,
            "column": 13
          },
          "end": {
            "line": 14,
            "column": 14
          }
        },
        "loc": {
          "start": {
            "line": 14,
            "column": 22
          },
          "end": {
            "line": 14,
            "column": 35
          }
        },
        "line": 14
      },
      "4": {
        "name": "(anonymous_4)",
        "decl": {
          "start": {
            "line": 15,
            "column": 15
          },
          "end": {
            "line": 15,
            "column": 16
          }
        },
        "loc": {
          "start": {
            "line": 15,
            "column": 21
          },
          "end": {
            "line": 15,
            "column": 38
          }
        },
        "line": 15
      }
    },
    "branchMap": {
      "0": {
        "loc": {
          "start": {
            "line": 10,
            "column": 4
          },
          "end": {
            "line": 10,
            "column": 24
          }
        },
        "type": "if",
        "locations": [
          {
            "start": {
              "line": 10,
              "column": 4
            },
            "end": {
              "line": 10,
              "column": 24
            }
          },
          {
            "start": {},
            "end": {}
          }
        ],
        "line": 10
      }
    },
    "s": {
      "0": 150,
      "1": 150,
      "2": 150,
      "3": 150,
      "4": 60,
      "5": 0,
      "6": 60,
      "7": 0,
      "8": 14,
      "9": 14,
      "10": 150
    },
    "f": {
      "0": 150,
      "1": 60,
      "2": 0,
      "3": 14,
      "4": 14
    },
    "b": {
      "0": [
        0,
        60
      ]
    },
    "inputSourceMap": {
      "version": 3,
      "sources": [
        "C:/Users/yojus/Desktop/Study/Back-end/Django/My_projects/film_review_website/frontend/src/hooks/useUser.js"
      ],
      "names": [],
      "mappings": "AAAA,MAAM,CAAC,CAAC,CAAC,QAAQ,CAAC,CAAC,SAAS,CAAC,CAAC,CAAC,IAAI,CAAC,CAAC,KAAK,CAAC,CAAC;AAC5C,MAAM,CAAC,CAAC,CAAC,YAAY,CAAC,CAAC,CAAC,IAAI,CAAC,CAAC,CAAC,CAAC,CAAC,QAAQ,CAAC,YAAY,CAAC,CAAC;AACxD;AACA,MAAM,CAAC,QAAQ,CAAC,OAAO,CAAC,MAAM,CAAC,CAAC,CAAC;AACjC,CAAC,CAAC,KAAK,CAAC,CAAC,IAAI,CAAC,CAAC,OAAO,CAAC,CAAC,CAAC,CAAC,QAAQ,CAAC,IAAI,CAAC,CAAC;AACzC,CAAC,CAAC,KAAK,CAAC,CAAC,OAAO,CAAC,CAAC,UAAU,CAAC,CAAC,CAAC,CAAC,QAAQ,CAAC,IAAI,CAAC,CAAC;AAC/C,CAAC,CAAC,KAAK,CAAC,CAAC,KAAK,CAAC,CAAC,QAAQ,CAAC,CAAC,CAAC,CAAC,QAAQ,CAAC,IAAI,CAAC,CAAC;AAC3C;AACA,CAAC,CAAC,SAAS,CAAC,CAAC,CAAC,CAAC,CAAC,CAAC,CAAC,CAAC;AACnB,CAAC,CAAC,CAAC,CAAC,EAAE,CAAC,CAAC,CAAC,MAAM,CAAC,CAAC,MAAM,CAAC;AACxB;AACA,CAAC,CAAC,CAAC,CAAC,YAAY,CAAC,IAAI,CAAC,MAAM,CAAC;AAC7B,CAAC,CAAC,CAAC,CAAC,CAAC,CAAC,CAAC,IAAI,CAAC,CAAC,IAAI,CAAC,CAAC,CAAC,CAAC,CAAC,OAAO,CAAC,IAAI,CAAC,CAAC;AACpC,CAAC,CAAC,CAAC,CAAC,CAAC,CAAC,CAAC,KAAK,CAAC,CAAC,GAAG,CAAC,CAAC,CAAC,CAAC,CAAC,QAAQ,CAAC,GAAG,CAAC,CAAC;AACpC,CAAC,CAAC,CAAC,CAAC,CAAC,CAAC,CAAC,OAAO,CAAC,CAAC,CAAC,CAAC,CAAC,CAAC,CAAC,UAAU,CAAC,KAAK,CAAC,CAAC,CAAC;AACxC;AACA,CAAC,CAAC,CAAC,CAAC,CAAC,CAAC,MAAM,CAAC,CAAC,CAAC;AACf;AACA,CAAC,CAAC,MAAM,CAAC,CAAC,CAAC,IAAI,CAAC,CAAC,OAAO,CAAC,CAAC,KAAK,CAAC,CAAC,CAAC;AAClC"
    },
    "_coverageSchema": "1a1c01bbd47fc00a2c39e90264f33305004495a9",
    "hash": "07e5874e6d65254594d92bb8c8fb1bd407b04495"
  },
  "C:/Users/yojus/Desktop/Study/Back-end/Django/My_projects/film_review_website/frontend/src/components/Discussions/Discussion.jsx": {
    "path": "C:/Users/yojus/Desktop/Study/Back-end/Django/My_projects/film_review_website/frontend/src/components/Discussions/Discussion.jsx",
    "statementMap": {
      "0": {
        "start": {
          "line": 6,
          "column": 43
        },
        "end": {
          "line": 6,
          "column": 80
        }
      },
      "1": {
        "start": {
          "line": 7,
          "column": 2
        },
        "end": {
          "line": 59,
          "column": 11
        }
      }
    },
    "fnMap": {
      "0": {
        "name": "Discussion",
        "decl": {
          "start": {
            "line": 5,
            "column": 9
          },
          "end": {
            "line": 5,
            "column": 19
          }
        },
        "loc": {
          "start": {
            "line": 5,
            "column": 45
          },
          "end": {
            "line": 60,
            "column": 1
          }
        },
        "line": 5
      }
    },
    "branchMap": {
      "0": {
        "loc": {
          "start": {
            "line": 6,
            "column": 43
          },
          "end": {
            "line": 6,
            "column": 80
          }
        },
        "type": "binary-expr",
        "locations": [
          {
            "start": {
              "line": 6,
              "column": 43
            },
            "end": {
              "line": 6,
              "column": 50
            }
          },
          {
            "start": {
              "line": 6,
              "column": 54
            },
            "end": {
              "line": 6,
              "column": 80
            }
          }
        ],
        "line": 6
      },
      "1": {
        "loc": {
          "start": {
            "line": 24,
            "column": 48
          },
          "end": {
            "line": 24,
            "column": 72
          }
        },
        "type": "binary-expr",
        "locations": [
          {
            "start": {
              "line": 24,
              "column": 48
            },
            "end": {
              "line": 24,
              "column": 62
            }
          },
          {
            "start": {
              "line": 24,
              "column": 66
            },
            "end": {
              "line": 24,
              "column": 72
            }
          }
        ],
        "line": 24
      }
    },
    "s": {
      "0": 155,
      "1": 155
    },
    "f": {
      "0": 155
    },
    "b": {
      "0": [
        155,
        150
      ],
      "1": [
        155,
        152
      ]
    },
    "inputSourceMap": {
      "version": 3,
      "sources": [
        "C:/Users/yojus/Desktop/Study/Back-end/Django/My_projects/film_review_website/frontend/src/components/Discussions/Discussion.jsx"
      ],
      "mappings": "AAUgB;AAVhB,OAAO,YAAY;AACnB,OAAO,wBAAwB;AAC/B,SAAS,eAAe;AAExB,SAAS,WAAW,EAAE,YAAY,QAAQ,GAAG;AACzC,QAAM,EAAE,MAAM,aAAa,UAAU,IAAI,WAAW,QAAQ,WAAW,MAAM;AAE7E,SACI,uBAAC,SAAI,WAAU,SAAQ,WAAW,OAAO,gBACrC;AAAA,2BAAC,SAAI,WAAW,OAAO,iBACnB,iCAAC,OAAG,qBAAW,SAAf;AAAA;AAAA;AAAA;AAAA,WAAqB,KADzB;AAAA;AAAA;AAAA;AAAA,WAEA;AAAA,IACA,uBAAC,SAAI,WAAW,OAAO,kBACnB;AAAA,6BAAC,SAAI,WAAW,OAAO,gBACnB;AAAA,+BAAC,SAAI,KAAK,oBAAoB,KAAI,MAAlC;AAAA;AAAA;AAAA;AAAA,eAAqC;AAAA,QACrC,uBAAC,OAAG,gBAAM,YAAY,UAAtB;AAAA;AAAA;AAAA;AAAA,eAA6B;AAAA,WAFjC;AAAA;AAAA;AAAA;AAAA,aAGA;AAAA,MACA,uBAAC,SAAI,WAAW,OAAO,oBACnB;AAAA,+BAAC,SAAI,KAAI,sBAAqB,KAAI,MAAlC;AAAA;AAAA;AAAA;AAAA,eAAqC;AAAA,QACrC,uBAAC,OAAG,qBAAW,gBAAf;AAAA;AAAA;AAAA;AAAA,eAA4B;AAAA,WAFhC;AAAA;AAAA;AAAA;AAAA,aAGA;AAAA,SARJ;AAAA;AAAA;AAAA;AAAA,WASA;AAAA,OAbJ;AAAA;AAAA;AAAA;AAAA,SAcA;AAER;AAEA,eAAe;",
      "names": []
    },
    "_coverageSchema": "1a1c01bbd47fc00a2c39e90264f33305004495a9",
    "hash": "55a948b1f40192926c9d772a7a73ef7f4f6aa65c"
  },
[...]
          "line": 10,
          "column": 40
        }
      },
      "4": {
        "start": {
          "line": 11,
          "column": 19
        },
        "end": {
          "line": 11,
          "column": 32
        }
      },
      "5": {
        "start": {
          "line": 12,
          "column": 2
        },
        "end": {
          "line": 22,
          "column": 42
        }
      },
      "6": {
        "start": {
          "line": 14,
          "column": 17
        },
        "end": {
          "line": 14,
          "column": 39
        }
      },
      "7": {
        "start": {
          "line": 15,
          "column": 6
        },
        "end": {
          "line": 15,
          "column": 18
        }
      },
      "8": {
        "start": {
          "line": 16,
          "column": 6
        },
        "end": {
          "line": 16,
          "column": 24
        }
      },
      "9": {
        "start": {
          "line": 17,
          "column": 6
        },
        "end": {
          "line": 19,
          "column": 7
        }
      },
      "10": {
        "start": {
          "line": 18,
          "column": 8
        },
        "end": {
          "line": 18,
          "column": 57
        }
      },
      "11": {
        "start": {
          "line": 21,
          "column": 4
        },
        "end": {
          "line": 21,
          "column": 12
        }
      },
      "12": {
        "start": {
          "line": 23,
          "column": 2
        },
        "end": {
          "line": 29,
          "column": 3
        }
      },
      "13": {
        "start": {
          "line": 24,
          "column": 4
        },
        "end": {
          "line": 28,
          "column": 13
        }
      },
      "14": {
        "start": {
          "line": 30,
          "column": 2
        },
        "end": {
          "line": 36,
          "column": 3
        }
      },
      "15": {
        "start": {
          "line": 31,
          "column": 4
        },
        "end": {
          "line": 35,
          "column": 13
        }
      },
      "16": {
        "start": {
          "line": 37,
          "column": 2
        },
        "end": {
          "line": 41,
          "column": 11
        }
      }
    },
    "fnMap": {
      "0": {
        "name": "ProtectedRoute",
        "decl": {
          "start": {
            "line": 6,
            "column": 9
          },
          "end": {
            "line": 6,
            "column": 23
          }
        },
        "loc": {
          "start": {
            "line": 6,
            "column": 48
          },
          "end": {
            "line": 42,
            "column": 1
          }
        },
        "line": 6
      },
      "1": {
        "name": "(anonymous_1)",
        "decl": {
          "start": {
            "line": 12,
            "column": 12
          },
          "end": {
            "line": 12,
            "column": 13
          }
        },
        "loc": {
          "start": {
            "line": 12,
            "column": 18
          },
          "end": {
            "line": 22,
            "column": 3
          }
        },
        "line": 12
      },
      "2": {
        "name": "check",
        "decl": {
          "start": {
            "line": 13,
            "column": 19
          },
          "end": {
            "line": 13,
            "column": 24
          }
        },
        "loc": {
          "start": {
            "line": 13,
            "column": 27
          },
          "end": {
            "line": 20,
            "column": 5
          }
        },
        "line": 13
      }
    },
    "branchMap": {
      "0": {
        "loc": {
          "start": {
            "line": 8,
            "column": 25
          },
          "end": {
            "line": 8,
            "column": 69
          }
        },
        "type": "binary-expr",
        "locations": [
          {
            "start": {
              "line": 8,
              "column": 25
            },
            "end": {
              "line": 8,
              "column": 43
            }
          },
          {
            "start": {
              "line": 8,
              "column": 47
            },
            "end": {
              "line": 8,
              "column": 69
            }
          }
        ],
        "line": 8
      },
      "1": {
        "loc": {
          "start": {
            "line": 17,
            "column": 6
          },
          "end": {
            "line": 19,
            "column": 7
          }
        },
        "type": "if",
        "locations": [
          {
            "start": {
              "line": 17,
              "column": 6
            },
            "end": {
              "line": 19,
              "column": 7
            }
          },
          {
            "start": {},
            "end": {}
          }
        ],
        "line": 17
      },
      "2": {
        "loc": {
          "start": {
            "line": 23,
            "column": 2
          },
          "end": {
            "line": 29,
            "column": 3
          }
        },
        "type": "if",
        "locations": [
          {
            "start": {
              "line": 23,
              "column": 2
            },
            "end": {
              "line": 29,
              "column": 3
            }
          },
          {
            "start": {},
            "end": {}
          }
        ],
        "line": 23
      },
      "3": {
        "loc": {
          "start": {
            "line": 30,
            "column": 2
          },
          "end": {
            "line": 36,
            "column": 3
          }
        },
        "type": "if",
        "locations": [
          {
            "start": {
              "line": 30,
              "column": 2
            },
            "end": {
              "line": 36,
              "column": 3
            }
          },
          {
            "start": {},
            "end": {}
          }
        ],
        "line": 30
      }
    },
    "s": {
      "0": 14,
      "1": 14,
      "2": 14,
      "3": 14,
      "4": 14,
      "5": 14,
      "6": 9,
      "7": 5,
      "8": 5,
      "9": 5,
      "10": 2,
      "11": 9,
      "12": 14,
      "13": 9,
      "14": 5,
      "15": 3,
      "16": 2
    },
    "f": {
      "0": 14,
      "1": 9,
      "2": 9
    },
    "b": {
      "0": [
        14,
        0
      ],
      "1": [
        2,
        3
      ],
      "2": [
        9,
        5
      ],
      "3": [
        3,
        2
      ]
    },
    "inputSourceMap": {
      "version": 3,
      "sources": [
        "C:/Users/yojus/Desktop/Study/Back-end/Django/My_projects/film_review_website/frontend/src/components/shared/ProtectedRoute.jsx"
      ],
      "mappings": "AA6BW;AA7BX,SAAS,WAAW,gBAAgB;AACpC,SAAS,UAAU,cAAc;AACjC,SAAS,gBAAgB;AACzB,SAAS,mBAAmB;AAE5B,SAAS,eAAe,EAAE,mBAAmB,GAAG;AAC9C,QAAM,EAAE,gBAAgB,uBAAuB,IAAI,SAAS;AAC5D,QAAM,iBAAiB,sBAAsB;AAE7C,QAAM,CAAC,SAAS,UAAU,IAAI,SAAS,IAAI;AAC3C,QAAM,CAAC,MAAM,OAAO,IAAI,SAAS,IAAI;AAErC,QAAM,WAAW,YAAY;AAE7B,YAAU,MAAM;AACd,mBAAe,QAAQ;AACrB,YAAM,KAAK,MAAM,eAAe;AAChC,cAAQ,EAAE;AACV,iBAAW,KAAK;AAEhB,UAAI,IAAI;AACN,qBAAa,QAAQ,QAAQ,KAAK,UAAU,EAAE,CAAC;AAAA,MACjD;AAAA,IACF;AAEA,UAAM;AAAA,EACR,GAAG,CAAC,SAAS,UAAU,cAAc,CAAC;AAEtC,MAAI,SAAS;AACX,WAAO,uBAAC,SAAI,0BAAL;AAAA;AAAA;AAAA;AAAA,WAAe;AAAA,EACxB;AAEA,MAAI,CAAC,MAAM;AACT,WAAO,uBAAC,YAAS,IAAG,UAAS,SAAO,QAA7B;AAAA;AAAA;AAAA;AAAA,WAA8B;AAAA,EACvC;AAEA,SAAO,uBAAC,YAAD;AAAA;AAAA;AAAA;AAAA,SAAQ;AACjB;AAEA,eAAe;",
      "names": []
    },
    "_coverageSchema": "1a1c01bbd47fc00a2c39e90264f33305004495a9",
    "hash": "81015b405cb87a8a64da646b7371a471469f0d91"
  },
  "C:/Users/yojus/Desktop/Study/Back-end/Django/My_projects/film_review_website/frontend/src/components/shared/Searchbar.jsx": {
    "path": "C:/Users/yojus/Desktop/Study/Back-end/Django/My_projects/film_review_website/frontend/src/components/shared/Searchbar.jsx",
    "statementMap": {
      "0": {
        "start": {
          "line": 5,
          "column": 46
        },
        "end": {
          "line": 5,
          "column": 61
        }
      },
      "1": {
        "start": {
          "line": 6,
          "column": 42
        },
        "end": {
          "line": 6,
          "column": 57
        }
      },
      "2": {
        "start": {
          "line": 7,
          "column": 36
        },
        "end": {
          "line": 7,
          "column": 48
        }
      },
      "3": {
        "start": {
          "line": 8,
          "column": 24
        },
        "end": {
          "line": 12,
          "column": 3
        }
      },
      "4": {
        "start": {
          "line": 9,
          "column": 4
        },
        "end": {
          "line": 11,
          "column": 5
        }
      },
      "5": {
        "start": {
          "line": 10,
          "column": 6
        },
        "end": {
          "line": 10,
          "column": 26
        }
      },
      "6": {
        "start": {
          "line": 13,
          "column": 2
        },
        "end": {
          "line": 91,
          "column": 11
        }
      },
      "7": {
        "start": {
          "line": 21,
          "column": 25
        },
        "end": {
          "line": 21,
          "column": 53
        }
      },
      "8": {
        "start": {
          "line": 38,
          "column": 25
        },
        "end": {
          "line": 38,
          "column": 59
        }
      },
      "9": {
        "start": {
          "line": 65,
          "column": 25
        },
        "end": {
          "line": 65,
          "column": 55
        }
      }
    },
    "fnMap": {
      "0": {
        "name": "Searchbar",
        "decl": {
          "start": {
            "line": 4,
            "column": 9
          },
          "end": {
            "line": 4,
            "column": 18
          }
        },
        "loc": {
          "start": {
            "line": 4,
            "column": 90
          },
          "end": {
            "line": 92,
            "column": 1
          }
        },
        "line": 4
      },
      "1": {
        "name": "(anonymous_1)",
        "decl": {
          "start": {
            "line": 8,
            "column": 24
          },
          "end": {
            "line": 8,
            "column": 25
          }
        },
        "loc": {
          "start": {
            "line": 8,
            "column": 31
          },
          "end": {
            "line": 12,
            "column": 3
          }
        },
        "line": 8
      },
      "2": {
        "name": "(anonymous_2)",
        "decl": {
          "start": {
            "line": 21,
            "column": 18
          },
          "end": {
            "line": 21,
            "column": 19
          }
        },
        "loc": {
          "start": {
            "line": 21,
            "column": 25
          },
          "end": {
            "line": 21,
            "column": 53
          }
        },
        "line": 21
      },
      "3": {
        "name": "(anonymous_3)",
        "decl": {
          "start": {
            "line": 38,
            "column": 19
          },
          "end": {
            "line": 38,
            "column": 20
          }
        },
        "loc": {
          "start": {
            "line": 38,
            "column": 25
          },
          "end": {
            "line": 38,
            "column": 59
          }
        },
        "line": 38
      },
      "4": {
        "name": "(anonymous_4)",
        "decl": {
          "start": {
            "line": 65,
            "column": 19
          },
          "end": {
            "line": 65,
            "column": 20
          }
        },
        "loc": {
          "start": {
            "line": 65,
            "column": 25
          },
          "end": {
            "line": 65,
            "column": 55
          }
        },
        "line": 65
      }
    },
    "branchMap": {
      "0": {
        "loc": {
          "start": {
            "line": 9,
            "column": 4
          },
          "end": {
            "line": 11,
            "column": 5
          }
        },
        "type": "if",
        "locations": [
          {
            "start": {
              "line": 9,
              "column": 4
            },
            "end": {
              "line": 11,
              "column": 5
            }
          },
          {
            "start": {},
            "end": {}
          }
        ],
        "line": 9
      },
      "1": {
        "loc": {
          "start": {
            "line": 9,
            "column": 8
          },
          "end": {
            "line": 9,
            "column": 37
          }
        },
        "type": "binary-expr",
        "locations": [
          {
            "start": {
              "line": 9,
              "column": 8
            },
            "end": {
              "line": 9,
              "column": 25
            }
          },
          {
            "start": {
              "line": 9,
              "column": 29
            },
            "end": {
              "line": 9,
              "column": 37
            }
          }
        ],
        "line": 9
      },
      "2": {
        "loc": {
          "start": {
            "line": 33,
            "column": 4
          },
          "end": {
            "line": 59,
            "column": 12
          }
        },
        "type": "binary-expr",
        "locations": [
          {
            "start": {
              "line": 33,
              "column": 4
            },
            "end": {
              "line": 33,
              "column": 14
            }
          },
          {
            "start": {
              "line": 33,
              "column": 34
            },
            "end": {
              "line": 59,
              "column": 12
            }
          }
        ],
        "line": 33
      },
      "3": {
        "loc": {
          "start": {
            "line": 50,
            "column": 6
          },
          "end": {
            "line": 54,
            "column": 14
          }
        },
        "type": "binary-expr",
        "locations": [
          {
            "start": {
              "line": 50,
              "column": 6
            },
            "end": {
              "line": 50,
              "column": 20
            }
          },
          {
            "start": {
              "line": 50,
              "column": 24
            },
            "end": {
              "line": 50,
              "column": 39
            }
          },
          {
            "start": {
              "line": 50,
              "column": 59
            },
            "end": {
              "line": 54,
              "column": 14
            }
          }
        ],
        "line": 50
      },
      "4": {
        "loc": {
          "start": {
            "line": 60,
            "column": 4
          },
          "end": {
            "line": 86,
            "column": 12
          }
        },
        "type": "binary-expr",
        "locations": [
          {
            "start": {
              "line": 60,
              "column": 4
            },
            "end": {
              "line": 60,
              "column": 17
            }
          },
          {
            "start": {
              "line": 60,
              "column": 37
            },
            "end": {
              "line": 86,
              "column": 12
            }
          }
        ],
        "line": 60
      },
      "5": {
        "loc": {
          "start": {
            "line": 77,
            "column": 6
          },
          "end": {
            "line": 81,
            "column": 14
          }
        },
        "type": "binary-expr",
        "locations": [
          {
            "start": {
              "line": 77,
              "column": 6
            },
            "end": {
              "line": 77,
              "column": 18
            }
          },
          {
            "start": {
              "line": 77,
              "column": 38
            },
            "end": {
              "line": 81,
              "column": 14
            }
          }
        ],
        "line": 77
      }
    },
    "s": {
      "0": 71,
      "1": 71,
      "2": 71,
      "3": 71,
      "4": 45,
      "5": 4,
      "6": 71,
      "7": 41,
      "8": 6,
      "9": 4
    },
    "f": {
      "0": 71,
      "1": 45,
      "2": 41,
      "3": 6,
      "4": 4
    },
    "b": {
      "0": [
        4,
        41
      ],
      "1": [
        45,
        4
      ],
      "2": [
        71,
        9
      ],
      "3": [
        9,
        3,
        3
      ],
      "4": [
        71,
        6
      ],
      "5": [
        6,
        2
      ]
    },
    "inputSourceMap": {
      "version": 3,
      "sources": [
        "C:/Users/yojus/Desktop/Study/Back-end/Django/My_projects/film_review_website/frontend/src/components/shared/Searchbar.jsx"
      ],
      "mappings": "AAgBM;AAhBN,SAAS,gBAAgB;AACzB,OAAO,YAAY;AAEnB,SAAS,UAAU,EAAE,aAAa,YAAY,iBAAiB,eAAe,SAAQ,GAAG;AACvF,QAAM,CAAC,gBAAgB,iBAAiB,IAAI,SAAS,KAAK;AAC1D,QAAM,CAAC,cAAc,eAAe,IAAI,SAAS,KAAK;AACtD,QAAM,CAAC,WAAW,YAAY,IAAI,SAAS,EAAE;AAE7C,QAAM,gBAAgB,CAAC,MAAM;AAC3B,QAAI,EAAE,QAAQ,WAAW,UAAU;AACjC,eAAS,SAAS;AAAA,IACpB;AAAA,EACF;AAEA,SACE,uBAAC,SAAI,WAAW,OAAO,oBACrB;AAAA;AAAA,MAAC;AAAA;AAAA,QACC,WAAW,OAAO;AAAA,QAClB,MAAK;AAAA,QACL;AAAA,QACA,OAAO;AAAA,QACP,UAAU,CAAC,MAAM,aAAa,EAAE,OAAO,KAAK;AAAA,QAC5C,WAAW;AAAA;AAAA,MANb;AAAA;AAAA;AAAA;AAAA;AAAA;AAAA;AAAA;AAAA,IAOA;AAAA,IAEC,cACC,uBAAC,SAAI,WAAW,OAAO,eACrB;AAAA;AAAA,QAAC;AAAA;AAAA,UACC,WAAW,OAAO;AAAA,UAClB,SAAS,MAAM,kBAAkB,CAAC,cAAc;AAAA,UACjD;AAAA;AAAA,QAHD;AAAA;AAAA;AAAA;AAAA;AAAA;AAAA;AAAA;AAAA,MAKA;AAAA,MACC,kBAAkB,mBACjB,uBAAC,SAAI,WAAW,OAAO,mBACpB,6BADH;AAAA;AAAA;AAAA;AAAA,aAEA;AAAA,SAVJ;AAAA;AAAA;AAAA;AAAA,WAYA;AAAA,IAGD,iBACC,uBAAC,SAAI,WAAW,OAAO,aACrB;AAAA;AAAA,QAAC;AAAA;AAAA,UACC,WAAW,OAAO;AAAA,UAClB,SAAS,MAAM,gBAAgB,CAAC,YAAY;AAAA,UAC7C;AAAA;AAAA,QAHD;AAAA;AAAA;AAAA;AAAA;AAAA;AAAA;AAAA;AAAA,MAKA;AAAA,MACC,gBACC,uBAAC,SAAI,WAAW,OAAO,mBACpB,2BADH;AAAA;AAAA;AAAA;AAAA,aAEA;AAAA,SAVJ;AAAA;AAAA;AAAA;AAAA,WAYA;AAAA,OAvCJ;AAAA;AAAA;AAAA;AAAA,SAyCA;AAEJ;AAEA,eAAe;",
      "names": []
    },
    "_coverageSchema": "1a1c01bbd47fc00a2c39e90264f33305004495a9",
    "hash": "80173bfad617337d599ba4766b3ac97a16fb351f"
  },
  "C:/Users/yojus/Desktop/Study/Back-end/Django/My_projects/film_review_website/frontend/src/components/shared/SendButton.jsx": {
    "path": "C:/Users/yojus/Desktop/Study/Back-end/Django/My_projects/film_review_website/frontend/src/components/shared/SendButton.jsx",
    "statementMap": {
      "0": {
        "start": {
          "line": 4,
          "column": 2
        },
        "end": {
          "line": 12,
          "column": 11
        }
      }
    },
    "fnMap": {
      "0": {
        "name": "SendButton",
        "decl": {
          "start": {
            "line": 3,
            "column": 9
          },
          "end": {
            "line": 3,
            "column": 19
          }
        },
        "loc": {
          "start": {
            "line": 3,
            "column": 33
          },
          "end": {
            "line": 13,
            "column": 1
          }
        },
        "line": 3
      }
    },
    "branchMap": {},
    "s": {
      "0": 5
    },
    "f": {
      "0": 5
    },
    "b": {},
    "inputSourceMap": {
      "version": 3,
      "sources": [
        "C:/Users/yojus/Desktop/Study/Back-end/Django/My_projects/film_review_website/frontend/src/components/shared/SendButton.jsx"
      ],
      "mappings": "AAKM;AALN,OAAO,YAAY;AAEnB,SAAS,WAAW,EAAE,QAAQ,GAAG;AAC/B,SACE,uBAAC,YAAO,WAAW,OAAO,cAAc,SACtC,iCAAC,SAAI,WAAW,OAAO,UAAU,KAAI,mBAAkB,KAAI,UAA3D;AAAA;AAAA;AAAA;AAAA,SAAkE,KADpE;AAAA;AAAA;AAAA;AAAA,SAEA;AAEJ;AAEA,eAAe;",
      "names": []
    },
    "_coverageSchema": "1a1c01bbd47fc00a2c39e90264f33305004495a9",
    "hash": "6bd7219c4fdb8fba168f9f4abcef000a557e04b5"
  }
}